<?xml version="1.0" encoding="UTF-8"?>
<testsuite name="com.n4d3sh1k4.business_service.BusinessServiceApplicationTests" tests="1" skipped="0" failures="0" errors="0" timestamp="2026-08-26T22:13:12.020Z" hostname="THUNDEROBOT911" time="0.463">
  <properties/>
  <testcase name="contextLoads()" classname="com.n4d3sh1k4.business_service.BusinessServiceApplicationTests" time="0.463"/>
  <system-out><![CDATA[01:13:02.293 [Test worker] INFO org.springframework.test.context.support.AnnotationConfigContextLoaderUtils -- Could not detect default configuration classes for test class [com.n4d3sh1k4.business_service.BusinessServiceApplicationTests]: BusinessServiceApplicationTests does not declare any static, non-private, non-final, nested classes annotated with @Configuration.
01:13:02.445 [Test worker] INFO org.springframework.boot.test.context.SpringBootTestContextBootstrapper -- Found @SpringBootConfiguration com.n4d3sh1k4.business_service.BusinessServiceApplication for test class com.n4d3sh1k4.business_service.BusinessServiceApplicationTests
01:13:02.559 [Test worker] INFO org.springframework.test.context.support.AnnotationConfigContextLoaderUtils -- Could not detect default configuration classes for test class [com.n4d3sh1k4.business_service.BusinessServiceApplicationTests]: BusinessServiceApplicationTests does not declare any static, non-private, non-final, nested classes annotated with @Configuration.
01:13:02.561 [Test worker] INFO org.springframework.boot.test.context.SpringBootTestContextBootstrapper -- Found @SpringBootConfiguration com.n4d3sh1k4.business_service.BusinessServiceApplication for test class com.n4d3sh1k4.business_service.BusinessServiceApplicationTests

  .   ____          _            __ _ _
 /\\ / ___'_ __ _ _(_)_ __  __ _ \ \ \ \
( ( )\___ | '_ | '_| | '_ \/ _` | \ \ \ \
 \\/  ___)| |_)| | | | | || (_| |  ) ) ) )
  '  |____| .__|_| |_|_| |_\__, | / / / /
 =========|_|==============|___/=/_/_/_/

 :: Spring Boot ::                (v4.0.5)

2026-08-27T01:13:03.207+03:00  INFO 16776 --- [business-service] [    Test worker] c.n.b.BusinessServiceApplicationTests    : Starting BusinessServiceApplicationTests using Java 25.0.1 with PID 16776 (started by Vusez in D:\Projects\IdeaProjects\N4d3sh1k4-UCust_Dev\business-service)
2026-08-27T01:13:03.209+03:00  INFO 16776 --- [business-service] [    Test worker] c.n.b.BusinessServiceApplicationTests    : No active profile set, falling back to 1 default profile: "default"
2026-08-27T01:13:05.062+03:00  INFO 16776 --- [business-service] [    Test worker] .s.d.r.c.RepositoryConfigurationDelegate : Bootstrapping Spring Data JPA repositories in DEFAULT mode.
2026-08-27T01:13:05.190+03:00  INFO 16776 --- [business-service] [    Test worker] .s.d.r.c.RepositoryConfigurationDelegate : Finished Spring Data repository scanning in 108 ms. Found 1 JPA repository interface.
2026-08-27T01:13:05.796+03:00  INFO 16776 --- [business-service] [    Test worker] o.s.cloud.context.scope.GenericScope     : BeanFactory id=7942f955-6d54-3846-847b-015a0b0a9ea2
2026-08-27T01:13:06.396+03:00  INFO 16776 --- [business-service] [    Test worker] org.hibernate.orm.jpa                    : HHH008540: Processing PersistenceUnitInfo [name: default]
2026-08-27T01:13:06.474+03:00  INFO 16776 --- [business-service] [    Test worker] org.hibernate.orm.core                   : HHH000001: Hibernate ORM core version 7.2.7.Final
2026-08-27T01:13:07.071+03:00  INFO 16776 --- [business-service] [    Test worker] o.s.o.j.p.SpringPersistenceUnitInfo      : No LoadTimeWeaver setup: ignoring JPA class transformer
2026-08-27T01:13:07.113+03:00  INFO 16776 --- [business-service] [    Test worker] com.zaxxer.hikari.HikariDataSource       : HikariPool-1 - Starting...
2026-08-27T01:13:07.320+03:00  INFO 16776 --- [business-service] [    Test worker] com.zaxxer.hikari.pool.HikariPool        : HikariPool-1 - Added connection org.postgresql.jdbc.PgConnection@7a5a26b7
2026-08-27T01:13:07.321+03:00  INFO 16776 --- [business-service] [    Test worker] com.zaxxer.hikari.HikariDataSource       : HikariPool-1 - Start completed.
2026-08-27T01:13:07.432+03:00  INFO 16776 --- [business-service] [    Test worker] org.hibernate.orm.connections.pooling    : HHH10001005: Database info:
	Database JDBC URL [jdbc:postgresql://127.0.0.1:5440/business_service_db]
	Database driver: PostgreSQL JDBC Driver
	Database dialect: PostgreSQLDialect
	Database version: 16.14
	Default catalog/schema: business_service_db/public
	Autocommit mode: undefined/unknown
	Isolation level: READ_COMMITTED [default READ_COMMITTED]
	JDBC fetch size: none
	Pool: DataSourceConnectionProvider
	Minimum pool size: undefined/unknown
	Maximum pool size: undefined/unknown
2026-08-27T01:13:08.576+03:00  INFO 16776 --- [business-service] [    Test worker] org.hibernate.orm.core                   : HHH000489: No JTA platform available (set 'hibernate.transaction.jta.platform' to enable JTA platform integration)
2026-08-27T01:13:08.649+03:00  INFO 16776 --- [business-service] [    Test worker] j.LocalContainerEntityManagerFactoryBean : Initialized JPA EntityManagerFactory for persistence unit 'default'
2026-08-27T01:13:08.782+03:00  INFO 16776 --- [business-service] [    Test worker] o.s.d.j.r.query.QueryEnhancerFactories   : Hibernate is in classpath; If applicable, HQL parser will be used.
2026-08-27T01:13:09.923+03:00  WARN 16776 --- [business-service] [    Test worker] JpaBaseConfiguration$JpaWebConfiguration : spring.jpa.open-in-view is enabled by default. Therefore, database queries may be performed during view rendering. Explicitly configure spring.jpa.open-in-view to disable this warning
2026-08-27T01:13:10.108+03:00  WARN 16776 --- [business-service] [    Test worker] .s.a.UserDetailsServiceAutoConfiguration : 

Using generated security password: b92ce7e3-3210-40a6-9487-2584c11a52a3

This generated password is for development use only. Your security configuration must be updated before running your application in production.

2026-08-27T01:13:10.123+03:00  INFO 16776 --- [business-service] [    Test worker] r$InitializeUserDetailsManagerConfigurer : Global AuthenticationManager configured with UserDetailsService bean with name inMemoryUserDetailsManager
2026-08-27T01:13:11.774+03:00  INFO 16776 --- [business-service] [    Test worker] o.s.b.a.e.web.EndpointLinksResolver      : Exposing 1 endpoint beneath base path '/actuator'
2026-08-27T01:13:11.889+03:00  INFO 16776 --- [business-service] [    Test worker] c.n.b.BusinessServiceApplicationTests    : Started BusinessServiceApplicationTests in 9.108 seconds (process running for 11.516)
2026-08-27T01:13:12.006+03:00  WARN 16776 --- [business-service] [    Test worker] o.s.core.events.SpringDocAppInitializer  : SpringDoc /v3/api-docs endpoint is enabled by default. To disable it in production, set the property 'springdoc.api-docs.enabled=false'
2026-08-27T01:13:12.007+03:00  WARN 16776 --- [business-service] [    Test worker] o.s.core.events.SpringDocAppInitializer  : SpringDoc /swagger-ui.html endpoint is enabled by default. To disable it in production, set the property 'springdoc.swagger-ui.enabled=false'
]]></system-out>
  <system-err><![CDATA[Mockito is currently self-attaching to enable the inline-mock-maker. This will no longer work in future releases of the JDK. Please add Mockito as an agent to your build as described in Mockito's documentation: https://javadoc.io/doc/org.mockito/mockito-core/latest/org.mockito/org/mockito/Mockito.html#0.3
WARNING: A Java agent has been loaded dynamically (C:\Users\Vusez\.gradle\caches\modules-2\files-2.1\net.bytebuddy\byte-buddy-agent\1.17.8\f09415827a71be7ed621c7bd02550678f28bc81c\byte-buddy-agent-1.17.8.jar)
WARNING: If a serviceability tool is in use, please run with -XX:+EnableDynamicAgentLoading to hide this warning
WARNING: If a serviceability tool is not in use, please run with -Djdk.instrument.traceUsage for more information
WARNING: Dynamic loading of agents will be disallowed by default in a future release
]]></system-err>
</testsuite>
