<?xml version="1.0" encoding="UTF-8"?>
<testsuite name="com.n4d3sh1k4.security_service.controller.AuthControllerTest" tests="42" skipped="0" failures="0" errors="0" timestamp="2026-08-26T23:57:38.196Z" hostname="THUNDEROBOT911" time="1.394">
  <properties/>
  <testcase name="login_notActivatedAccount_returns403()" classname="com.n4d3sh1k4.security_service.controller.AuthControllerTest" time="0.511"/>
  <testcase name="forgotPassword_success_returns200()" classname="com.n4d3sh1k4.security_service.controller.AuthControllerTest" time="0.038"/>
  <testcase name="verifyPassword_blankPassword_returns400()" classname="com.n4d3sh1k4.security_service.controller.AuthControllerTest" time="0.058"/>
  <testcase name="confirmEmail_expiredToken_returns410()" classname="com.n4d3sh1k4.security_service.controller.AuthControllerTest" time="0.018"/>
  <testcase name="linkSocial_missingProvider_returns400()" classname="com.n4d3sh1k4.security_service.controller.AuthControllerTest" time="0.031"/>
  <testcase name="refresh_expiredToken_returns401()" classname="com.n4d3sh1k4.security_service.controller.AuthControllerTest" time="0.022"/>
  <testcase name="verifyPassword_wrongPassword_returns403()" classname="com.n4d3sh1k4.security_service.controller.AuthControllerTest" time="0.014"/>
  <testcase name="linkSocial_success_returns200()" classname="com.n4d3sh1k4.security_service.controller.AuthControllerTest" time="0.027"/>
  <testcase name="logout_withCookie_returns200()" classname="com.n4d3sh1k4.security_service.controller.AuthControllerTest" time="0.027"/>
  <testcase name="confirmEmailChange_stateNotSet_returns400()" classname="com.n4d3sh1k4.security_service.controller.AuthControllerTest" time="0.019"/>
  <testcase name="register_foreignEmailDomain_returns400()" classname="com.n4d3sh1k4.security_service.controller.AuthControllerTest" time="0.038"/>
  <testcase name="register_mismatchedPasswords_returns400()" classname="com.n4d3sh1k4.security_service.controller.AuthControllerTest" time="0.019"/>
  <testcase name="setNewEmail_unknownToken_returns404()" classname="com.n4d3sh1k4.security_service.controller.AuthControllerTest" time="0.018"/>
  <testcase name="confirmEmail_unknownToken_returns404()" classname="com.n4d3sh1k4.security_service.controller.AuthControllerTest" time="0.014"/>
  <testcase name="login_wrongCredentials_returns401()" classname="com.n4d3sh1k4.security_service.controller.AuthControllerTest" time="0.013"/>
  <testcase name="resetPassword_expiredToken_returns410()" classname="com.n4d3sh1k4.security_service.controller.AuthControllerTest" time="0.017"/>
  <testcase name="resendConfirmation_returns200()" classname="com.n4d3sh1k4.security_service.controller.AuthControllerTest" time="0.009"/>
  <testcase name="register_validRequest_returns200()" classname="com.n4d3sh1k4.security_service.controller.AuthControllerTest" time="0.012"/>
  <testcase name="setNewEmail_emailInUse_returns409()" classname="com.n4d3sh1k4.security_service.controller.AuthControllerTest" time="0.01"/>
  <testcase name="resendConfirmation_unknownEmail_returns404()" classname="com.n4d3sh1k4.security_service.controller.AuthControllerTest" time="0.009"/>
  <testcase name="confirmEmail_validToken_returns200()" classname="com.n4d3sh1k4.security_service.controller.AuthControllerTest" time="0.012"/>
  <testcase name="login_success_returnsAccessTokenAndCookie()" classname="com.n4d3sh1k4.security_service.controller.AuthControllerTest" time="0.089"/>
  <testcase name="refresh_unknownToken_returns404()" classname="com.n4d3sh1k4.security_service.controller.AuthControllerTest" time="0.011"/>
  <testcase name="resetPassword_weakPassword_returns400()" classname="com.n4d3sh1k4.security_service.controller.AuthControllerTest" time="0.018"/>
  <testcase name="forgotPassword_invalidEmail_returns400()" classname="com.n4d3sh1k4.security_service.controller.AuthControllerTest" time="0.013"/>
  <testcase name="resendConfirmation_tooFast_returns429()" classname="com.n4d3sh1k4.security_service.controller.AuthControllerTest" time="0.011"/>
  <testcase name="forgotPassword_unknownEmail_returns404()" classname="com.n4d3sh1k4.security_service.controller.AuthControllerTest" time="0.012"/>
  <testcase name="setNewEmail_foreignEmail_returns400()" classname="com.n4d3sh1k4.security_service.controller.AuthControllerTest" time="0.014"/>
  <testcase name="logout_withoutCookie_returns404()" classname="com.n4d3sh1k4.security_service.controller.AuthControllerTest" time="0.014"/>
  <testcase name="confirmEmailChange_success_returns200()" classname="com.n4d3sh1k4.security_service.controller.AuthControllerTest" time="0.013"/>
  <testcase name="refresh_missingCookie_returns401()" classname="com.n4d3sh1k4.security_service.controller.AuthControllerTest" time="0.011"/>
  <testcase name="resetPassword_unknownToken_returns404()" classname="com.n4d3sh1k4.security_service.controller.AuthControllerTest" time="0.013"/>
  <testcase name="resendConfirmation_alreadyActivated_returns409()" classname="com.n4d3sh1k4.security_service.controller.AuthControllerTest" time="0.012"/>
  <testcase name="register_weakPassword_returns400()" classname="com.n4d3sh1k4.security_service.controller.AuthControllerTest" time="0.012"/>
  <testcase name="register_duplicateEmail_returns409()" classname="com.n4d3sh1k4.security_service.controller.AuthControllerTest" time="0.01"/>
  <testcase name="confirmEmailChange_invalidCode_returns403()" classname="com.n4d3sh1k4.security_service.controller.AuthControllerTest" time="0.014"/>
  <testcase name="refresh_validCookie_returns200()" classname="com.n4d3sh1k4.security_service.controller.AuthControllerTest" time="0.011"/>
  <testcase name="verifyPassword_success_returns200()" classname="com.n4d3sh1k4.security_service.controller.AuthControllerTest" time="0.01"/>
  <testcase name="resetPassword_success_returns200()" classname="com.n4d3sh1k4.security_service.controller.AuthControllerTest" time="0.012"/>
  <testcase name="setNewEmail_success_returns200()" classname="com.n4d3sh1k4.security_service.controller.AuthControllerTest" time="0.011"/>
  <testcase name="register_latinName_returns400()" classname="com.n4d3sh1k4.security_service.controller.AuthControllerTest" time="0.013"/>
  <testcase name="yandexMobile_success_returns200()" classname="com.n4d3sh1k4.security_service.controller.AuthControllerTest" time="0.016"/>
  <system-out><![CDATA[2026-08-27T02:57:35.757+03:00  INFO 4512 --- [security-service] [    Test worker] t.c.s.AnnotationConfigContextLoaderUtils : Could not detect default configuration classes for test class [com.n4d3sh1k4.security_service.controller.AuthControllerTest]: AuthControllerTest does not declare any static, non-private, non-final, nested classes annotated with @Configuration.
2026-08-27T02:57:35.827+03:00  INFO 4512 --- [security-service] [    Test worker] .b.t.c.SpringBootTestContextBootstrapper : Found @SpringBootConfiguration com.n4d3sh1k4.security_service.controller.WebMvcTestConfiguration for test class com.n4d3sh1k4.security_service.controller.AuthControllerTest
2026-08-27T02:57:35.838+03:00  INFO 4512 --- [security-service] [    Test worker] t.c.s.AnnotationConfigContextLoaderUtils : Could not detect default configuration classes for test class [com.n4d3sh1k4.security_service.controller.AuthControllerTest]: AuthControllerTest does not declare any static, non-private, non-final, nested classes annotated with @Configuration.
2026-08-27T02:57:35.852+03:00  INFO 4512 --- [security-service] [    Test worker] .b.t.c.SpringBootTestContextBootstrapper : Found @SpringBootConfiguration com.n4d3sh1k4.security_service.controller.WebMvcTestConfiguration for test class com.n4d3sh1k4.security_service.controller.AuthControllerTest

  .   ____          _            __ _ _
 /\\ / ___'_ __ _ _(_)_ __  __ _ \ \ \ \
( ( )\___ | '_ | '_| | '_ \/ _` | \ \ \ \
 \\/  ___)| |_)| | | | | || (_| |  ) ) ) )
  '  |____| .__|_| |_|_| |_\__, | / / / /
 =========|_|==============|___/=/_/_/_/

 :: Spring Boot ::                (v4.0.4)

2026-08-27T02:57:35.941+03:00  INFO 4512 --- [security-service] [    Test worker] c.n.s.controller.AuthControllerTest      : Starting AuthControllerTest using Java 25.0.1 with PID 4512 (started by Vusez in D:\Projects\IdeaProjects\N4d3sh1k4-UCust_Dev\security-service)
2026-08-27T02:57:35.942+03:00  INFO 4512 --- [security-service] [    Test worker] c.n.s.controller.AuthControllerTest      : No active profile set, falling back to 1 default profile: "default"
2026-08-27T02:57:35.947+03:00 DEBUG 4512 --- [security-service] [    Test worker] o.s.w.c.s.GenericWebApplicationContext   : Refreshing org.springframework.web.context.support.GenericWebApplicationContext@1ce27871
2026-08-27T02:57:37.676+03:00 TRACE 4512 --- [security-service] [    Test worker] eGlobalAuthenticationAutowiredConfigurer : Eagerly initializing {webMvcTestConfiguration=com.n4d3sh1k4.security_service.controller.WebMvcTestConfiguration$$SpringCGLIB$$0@671b4820}
2026-08-27T02:57:37.677+03:00  INFO 4512 --- [security-service] [    Test worker] r$InitializeUserDetailsManagerConfigurer : Global AuthenticationManager configured with UserDetailsService bean with name com.n4d3sh1k4.security_service.security.UserDetailsServiceImpl#0
2026-08-27T02:57:37.728+03:00 DEBUG 4512 --- [security-service] [    Test worker] o.s.s.web.DefaultSecurityFilterChain     : Will secure any request with filters: DisableEncodeUrlFilter, WebAsyncManagerIntegrationFilter, SecurityContextHolderFilter, HeaderWriterFilter, LogoutFilter, RequestCacheAwareFilter, SecurityContextHolderAwareRequestFilter, AnonymousAuthenticationFilter, ExceptionTranslationFilter, AuthorizationFilter
2026-08-27T02:57:37.956+03:00 DEBUG 4512 --- [security-service] [    Test worker] s.w.s.m.m.a.RequestMappingHandlerMapping : 18 mappings in 'requestMappingHandlerMapping'
2026-08-27T02:57:37.995+03:00 DEBUG 4512 --- [security-service] [    Test worker] o.s.w.s.handler.SimpleUrlHandlerMapping  : Patterns [/webjars/**, /**] in 'resourceHandlerMapping'
2026-08-27T02:57:38.030+03:00 DEBUG 4512 --- [security-service] [    Test worker] s.w.s.m.m.a.RequestMappingHandlerAdapter : ControllerAdvice beans: 0 @ModelAttribute, 0 @InitBinder, 2 RequestBodyAdvice, 2 ResponseBodyAdvice
2026-08-27T02:57:38.095+03:00 DEBUG 4512 --- [security-service] [    Test worker] .m.m.a.ExceptionHandlerExceptionResolver : ControllerAdvice beans: 1 @ExceptionHandler, 2 ResponseBodyAdvice
2026-08-27T02:57:38.132+03:00 DEBUG 4512 --- [security-service] [    Test worker] yConfiguration$CompositeFilterChainProxy : Filter 'springSecurityFilterChain' configured for use
2026-08-27T02:57:38.133+03:00  INFO 4512 --- [security-service] [    Test worker] o.s.b.t.m.w.SpringBootMockServletContext : Initializing Spring TestDispatcherServlet ''
2026-08-27T02:57:38.134+03:00  INFO 4512 --- [security-service] [    Test worker] o.s.t.web.servlet.TestDispatcherServlet  : Initializing Servlet ''
2026-08-27T02:57:38.137+03:00  INFO 4512 --- [security-service] [    Test worker] o.s.t.web.servlet.TestDispatcherServlet  : Completed initialization in 2 ms
2026-08-27T02:57:38.177+03:00  INFO 4512 --- [security-service] [    Test worker] c.n.s.controller.AuthControllerTest      : Started AuthControllerTest in 2.313 seconds (process running for 14.476)
2026-08-27T02:57:38.292+03:00 TRACE 4512 --- [security-service] [    Test worker] o.s.security.web.FilterChainProxy        : Trying to match request against DefaultSecurityFilterChain defined as 'testSecurityFilterChain' in [com.n4d3sh1k4.security_service.controller.WebMvcTestConfiguration] matching [any request] and having filters [DisableEncodeUrl, WebAsyncManagerIntegration, SecurityContextHolder, HeaderWriter, Logout, RequestCacheAware, SecurityContextHolderAwareRequest, AnonymousAuthentication, ExceptionTranslation, Authorization] (1/1)
2026-08-27T02:57:38.293+03:00 DEBUG 4512 --- [security-service] [    Test worker] o.s.security.web.FilterChainProxy        : Securing POST /auth/login
2026-08-27T02:57:38.294+03:00 TRACE 4512 --- [security-service] [    Test worker] o.s.security.web.FilterChainProxy        : Invoking DisableEncodeUrlFilter (1/10)
2026-08-27T02:57:38.295+03:00 TRACE 4512 --- [security-service] [    Test worker] o.s.security.web.FilterChainProxy        : Invoking WebAsyncManagerIntegrationFilter (2/10)
2026-08-27T02:57:38.299+03:00 TRACE 4512 --- [security-service] [    Test worker] o.s.security.web.FilterChainProxy        : Invoking SecurityContextHolderFilter (3/10)
2026-08-27T02:57:38.302+03:00 TRACE 4512 --- [security-service] [    Test worker] o.s.security.web.FilterChainProxy        : Invoking HeaderWriterFilter (4/10)
2026-08-27T02:57:38.304+03:00 TRACE 4512 --- [security-service] [    Test worker] o.s.security.web.FilterChainProxy        : Invoking LogoutFilter (5/10)
2026-08-27T02:57:38.305+03:00 TRACE 4512 --- [security-service] [    Test worker] o.s.s.w.a.logout.LogoutFilter            : Did not match request to Or [PathPattern [GET /logout], PathPattern [POST /logout], PathPattern [PUT /logout], PathPattern [DELETE /logout]]
2026-08-27T02:57:38.306+03:00 TRACE 4512 --- [security-service] [    Test worker] o.s.security.web.FilterChainProxy        : Invoking RequestCacheAwareFilter (6/10)
2026-08-27T02:57:38.306+03:00 TRACE 4512 --- [security-service] [    Test worker] o.s.s.w.s.HttpSessionRequestCache        : matchingRequestParameterName is required for getMatchingRequest to lookup a value, but not provided
2026-08-27T02:57:38.306+03:00 TRACE 4512 --- [security-service] [    Test worker] o.s.security.web.FilterChainProxy        : Invoking SecurityContextHolderAwareRequestFilter (7/10)
2026-08-27T02:57:38.308+03:00 TRACE 4512 --- [security-service] [    Test worker] o.s.security.web.FilterChainProxy        : Invoking AnonymousAuthenticationFilter (8/10)
2026-08-27T02:57:38.309+03:00 TRACE 4512 --- [security-service] [    Test worker] o.s.security.web.FilterChainProxy        : Invoking ExceptionTranslationFilter (9/10)
2026-08-27T02:57:38.309+03:00 TRACE 4512 --- [security-service] [    Test worker] o.s.security.web.FilterChainProxy        : Invoking AuthorizationFilter (10/10)
2026-08-27T02:57:38.310+03:00 TRACE 4512 --- [security-service] [    Test worker] estMatcherDelegatingAuthorizationManager : Authorizing POST /auth/login
2026-08-27T02:57:38.310+03:00 TRACE 4512 --- [security-service] [    Test worker] estMatcherDelegatingAuthorizationManager : Checking authorization on POST /auth/login using org.springframework.security.authorization.SingleResultAuthorizationManager@29ff6e15
2026-08-27T02:57:38.311+03:00 DEBUG 4512 --- [security-service] [    Test worker] o.s.security.web.FilterChainProxy        : Secured POST /auth/login
2026-08-27T02:57:38.322+03:00 DEBUG 4512 --- [security-service] [    Test worker] s.w.s.m.m.a.RequestMappingHandlerMapping : Mapped to com.n4d3sh1k4.security_service.controller.AuthController#login(LoginRequest, HttpServletRequest)
2026-08-27T02:57:38.444+03:00 DEBUG 4512 --- [security-service] [    Test worker] m.m.a.RequestResponseBodyMethodProcessor : Read "application/json;charset=UTF-8" to [LoginRequest(email=user@gmail.com, password=Password#4848, rememberMe=false)]
2026-08-27T02:57:38.539+03:00 DEBUG 4512 --- [security-service] [    Test worker] .m.m.a.ExceptionHandlerExceptionResolver : Using @ExceptionHandler com.n4d3sh1k4.common.advice.GlobalExceptionHandler#handleDisabledException(DisabledException)
2026-08-27T02:57:38.598+03:00 DEBUG 4512 --- [security-service] [    Test worker] o.s.w.s.m.m.a.HttpEntityMethodProcessor  : Using 'application/json', given [*/*] and supported [application/json, application/*+json, application/yaml]
2026-08-27T02:57:38.603+03:00 DEBUG 4512 --- [security-service] [    Test worker] o.s.w.s.m.m.a.HttpEntityMethodProcessor  : Writing [ApiResponse[success=false, data=null, error=ApiError[code=EMAIL_NOT_VERIFIED, message=Your account i (truncated)...]
2026-08-27T02:57:38.640+03:00 TRACE 4512 --- [security-service] [    Test worker] o.s.s.w.header.writers.HstsHeaderWriter  : Not injecting HSTS header since it did not match request to [Is Secure]
2026-08-27T02:57:38.641+03:00 DEBUG 4512 --- [security-service] [    Test worker] .m.m.a.ExceptionHandlerExceptionResolver : Resolved [org.springframework.security.authentication.DisabledException: Account is disabled]
2026-08-27T02:57:38.641+03:00 TRACE 4512 --- [security-service] [    Test worker] w.c.HttpSessionSecurityContextRepository : No HttpSession currently exists
2026-08-27T02:57:38.641+03:00 TRACE 4512 --- [security-service] [    Test worker] .s.s.w.c.SupplierDeferredSecurityContext : Created SecurityContextImpl [Null authentication]
2026-08-27T02:57:38.642+03:00 TRACE 4512 --- [security-service] [    Test worker] .s.s.w.c.SupplierDeferredSecurityContext : Created SecurityContextImpl [Null authentication]
2026-08-27T02:57:38.643+03:00 TRACE 4512 --- [security-service] [    Test worker] o.s.s.w.a.AnonymousAuthenticationFilter  : Set SecurityContextHolder to AnonymousAuthenticationToken [Principal=anonymousUser, Credentials=[PROTECTED], Authenticated=true, Details=WebAuthenticationDetails [RemoteIpAddress=127.0.0.1, SessionId=null], Granted Authorities=[ROLE_ANONYMOUS]]
2026-08-27T02:57:38.717+03:00 TRACE 4512 --- [security-service] [    Test worker] o.s.security.web.FilterChainProxy        : Trying to match request against DefaultSecurityFilterChain defined as 'testSecurityFilterChain' in [com.n4d3sh1k4.security_service.controller.WebMvcTestConfiguration] matching [any request] and having filters [DisableEncodeUrl, WebAsyncManagerIntegration, SecurityContextHolder, HeaderWriter, Logout, RequestCacheAware, SecurityContextHolderAwareRequest, AnonymousAuthentication, ExceptionTranslation, Authorization] (1/1)
2026-08-27T02:57:38.718+03:00 DEBUG 4512 --- [security-service] [    Test worker] o.s.security.web.FilterChainProxy        : Securing POST /auth/forgot-password
2026-08-27T02:57:38.718+03:00 TRACE 4512 --- [security-service] [    Test worker] o.s.security.web.FilterChainProxy        : Invoking DisableEncodeUrlFilter (1/10)
2026-08-27T02:57:38.718+03:00 TRACE 4512 --- [security-service] [    Test worker] o.s.security.web.FilterChainProxy        : Invoking WebAsyncManagerIntegrationFilter (2/10)
2026-08-27T02:57:38.718+03:00 TRACE 4512 --- [security-service] [    Test worker] o.s.security.web.FilterChainProxy        : Invoking SecurityContextHolderFilter (3/10)
2026-08-27T02:57:38.718+03:00 TRACE 4512 --- [security-service] [    Test worker] o.s.security.web.FilterChainProxy        : Invoking HeaderWriterFilter (4/10)
2026-08-27T02:57:38.718+03:00 TRACE 4512 --- [security-service] [    Test worker] o.s.security.web.FilterChainProxy        : Invoking LogoutFilter (5/10)
2026-08-27T02:57:38.718+03:00 TRACE 4512 --- [security-service] [    Test worker] o.s.s.w.a.logout.LogoutFilter            : Did not match request to Or [PathPattern [GET /logout], PathPattern [POST /logout], PathPattern [PUT /logout], PathPattern [DELETE /logout]]
2026-08-27T02:57:38.718+03:00 TRACE 4512 --- [security-service] [    Test worker] o.s.security.web.FilterChainProxy        : Invoking RequestCacheAwareFilter (6/10)
2026-08-27T02:57:38.718+03:00 TRACE 4512 --- [security-service] [    Test worker] o.s.s.w.s.HttpSessionRequestCache        : matchingRequestParameterName is required for getMatchingRequest to lookup a value, but not provided
2026-08-27T02:57:38.719+03:00 TRACE 4512 --- [security-service] [    Test worker] o.s.security.web.FilterChainProxy        : Invoking SecurityContextHolderAwareRequestFilter (7/10)
2026-08-27T02:57:38.719+03:00 TRACE 4512 --- [security-service] [    Test worker] o.s.security.web.FilterChainProxy        : Invoking AnonymousAuthenticationFilter (8/10)
2026-08-27T02:57:38.719+03:00 TRACE 4512 --- [security-service] [    Test worker] o.s.security.web.FilterChainProxy        : Invoking ExceptionTranslationFilter (9/10)
2026-08-27T02:57:38.719+03:00 TRACE 4512 --- [security-service] [    Test worker] o.s.security.web.FilterChainProxy        : Invoking AuthorizationFilter (10/10)
2026-08-27T02:57:38.719+03:00 TRACE 4512 --- [security-service] [    Test worker] estMatcherDelegatingAuthorizationManager : Authorizing POST /auth/forgot-password
2026-08-27T02:57:38.719+03:00 TRACE 4512 --- [security-service] [    Test worker] estMatcherDelegatingAuthorizationManager : Checking authorization on POST /auth/forgot-password using org.springframework.security.authorization.SingleResultAuthorizationManager@29ff6e15
2026-08-27T02:57:38.719+03:00 DEBUG 4512 --- [security-service] [    Test worker] o.s.security.web.FilterChainProxy        : Secured POST /auth/forgot-password
2026-08-27T02:57:38.719+03:00 DEBUG 4512 --- [security-service] [    Test worker] s.w.s.m.m.a.RequestMappingHandlerMapping : Mapped to com.n4d3sh1k4.security_service.controller.AuthController#forgotPassword(ForgotPasswordRequest)
2026-08-27T02:57:38.721+03:00 DEBUG 4512 --- [security-service] [    Test worker] m.m.a.RequestResponseBodyMethodProcessor : Read "application/json;charset=UTF-8" to [ForgotPasswordRequest(email=user@gmail.com)]
2026-08-27T02:57:38.733+03:00 DEBUG 4512 --- [security-service] [    Test worker] o.s.w.s.m.m.a.HttpEntityMethodProcessor  : Using 'application/json', given [*/*] and supported [application/json, application/*+json]
2026-08-27T02:57:38.734+03:00 DEBUG 4512 --- [security-service] [    Test worker] o.s.w.s.m.m.a.HttpEntityMethodProcessor  : Nothing to write: null body
2026-08-27T02:57:38.735+03:00 TRACE 4512 --- [security-service] [    Test worker] w.c.HttpSessionSecurityContextRepository : No HttpSession currently exists
2026-08-27T02:57:38.735+03:00 TRACE 4512 --- [security-service] [    Test worker] .s.s.w.c.SupplierDeferredSecurityContext : Created SecurityContextImpl [Null authentication]
2026-08-27T02:57:38.735+03:00 TRACE 4512 --- [security-service] [    Test worker] .s.s.w.c.SupplierDeferredSecurityContext : Created SecurityContextImpl [Null authentication]
2026-08-27T02:57:38.735+03:00 TRACE 4512 --- [security-service] [    Test worker] o.s.s.w.a.AnonymousAuthenticationFilter  : Set SecurityContextHolder to AnonymousAuthenticationToken [Principal=anonymousUser, Credentials=[PROTECTED], Authenticated=true, Details=WebAuthenticationDetails [RemoteIpAddress=127.0.0.1, SessionId=null], Granted Authorities=[ROLE_ANONYMOUS]]
2026-08-27T02:57:38.735+03:00 TRACE 4512 --- [security-service] [    Test worker] o.s.s.w.header.writers.HstsHeaderWriter  : Not injecting HSTS header since it did not match request to [Is Secure]
2026-08-27T02:57:38.768+03:00 TRACE 4512 --- [security-service] [    Test worker] w.c.HttpSessionSecurityContextRepository : No HttpSession currently exists
2026-08-27T02:57:38.768+03:00 TRACE 4512 --- [security-service] [    Test worker] w.c.HttpSessionSecurityContextRepository : Created SecurityContextImpl [Null authentication]
2026-08-27T02:57:38.769+03:00 TRACE 4512 --- [security-service] [    Test worker] .s.s.w.c.SupplierDeferredSecurityContext : Created SecurityContextImpl [Null authentication]
2026-08-27T02:57:38.771+03:00 DEBUG 4512 --- [security-service] [    Test worker] w.c.HttpSessionSecurityContextRepository : Created HttpSession as SecurityContext is non-default
2026-08-27T02:57:38.772+03:00 DEBUG 4512 --- [security-service] [    Test worker] w.c.HttpSessionSecurityContextRepository : Stored SecurityContextImpl [Authentication=UsernamePasswordAuthenticationToken [Principal=org.springframework.security.core.userdetails.User [Username=user@gmail.com, Password=[PROTECTED], Enabled=true, AccountNonExpired=true, CredentialsNonExpired=true, AccountNonLocked=true, Granted Authorities=[ROLE_USER]], Credentials=[PROTECTED], Authenticated=true, Details=null, Granted Authorities=[ROLE_USER]]] to HttpSession [org.springframework.mock.web.MockHttpSession@e5522a5]
2026-08-27T02:57:38.772+03:00 TRACE 4512 --- [security-service] [    Test worker] o.s.security.web.FilterChainProxy        : Trying to match request against DefaultSecurityFilterChain defined as 'testSecurityFilterChain' in [com.n4d3sh1k4.security_service.controller.WebMvcTestConfiguration] matching [any request] and having filters [DisableEncodeUrl, WebAsyncManagerIntegration, SecurityContextHolder, HeaderWriter, Logout, RequestCacheAware, SecurityContextHolderAwareRequest, AnonymousAuthentication, ExceptionTranslation, Authorization] (1/1)
2026-08-27T02:57:38.772+03:00 DEBUG 4512 --- [security-service] [    Test worker] o.s.security.web.FilterChainProxy        : Securing POST /auth/change-email/verify-password
2026-08-27T02:57:38.772+03:00 TRACE 4512 --- [security-service] [    Test worker] o.s.security.web.FilterChainProxy        : Invoking DisableEncodeUrlFilter (1/10)
2026-08-27T02:57:38.772+03:00 TRACE 4512 --- [security-service] [    Test worker] o.s.security.web.FilterChainProxy        : Invoking WebAsyncManagerIntegrationFilter (2/10)
2026-08-27T02:57:38.772+03:00 TRACE 4512 --- [security-service] [    Test worker] o.s.security.web.FilterChainProxy        : Invoking SecurityContextHolderFilter (3/10)
2026-08-27T02:57:38.773+03:00 TRACE 4512 --- [security-service] [    Test worker] o.s.security.web.FilterChainProxy        : Invoking HeaderWriterFilter (4/10)
2026-08-27T02:57:38.773+03:00 TRACE 4512 --- [security-service] [    Test worker] o.s.security.web.FilterChainProxy        : Invoking LogoutFilter (5/10)
2026-08-27T02:57:38.773+03:00 TRACE 4512 --- [security-service] [    Test worker] o.s.s.w.a.logout.LogoutFilter            : Did not match request to Or [PathPattern [GET /logout], PathPattern [POST /logout], PathPattern [PUT /logout], PathPattern [DELETE /logout]]
2026-08-27T02:57:38.773+03:00 TRACE 4512 --- [security-service] [    Test worker] o.s.security.web.FilterChainProxy        : Invoking RequestCacheAwareFilter (6/10)
2026-08-27T02:57:38.773+03:00 TRACE 4512 --- [security-service] [    Test worker] o.s.s.w.s.HttpSessionRequestCache        : matchingRequestParameterName is required for getMatchingRequest to lookup a value, but not provided
2026-08-27T02:57:38.773+03:00 TRACE 4512 --- [security-service] [    Test worker] o.s.security.web.FilterChainProxy        : Invoking SecurityContextHolderAwareRequestFilter (7/10)
2026-08-27T02:57:38.773+03:00 TRACE 4512 --- [security-service] [    Test worker] o.s.security.web.FilterChainProxy        : Invoking AnonymousAuthenticationFilter (8/10)
2026-08-27T02:57:38.773+03:00 TRACE 4512 --- [security-service] [    Test worker] o.s.security.web.FilterChainProxy        : Invoking ExceptionTranslationFilter (9/10)
2026-08-27T02:57:38.773+03:00 TRACE 4512 --- [security-service] [    Test worker] o.s.security.web.FilterChainProxy        : Invoking AuthorizationFilter (10/10)
2026-08-27T02:57:38.773+03:00 TRACE 4512 --- [security-service] [    Test worker] estMatcherDelegatingAuthorizationManager : Authorizing POST /auth/change-email/verify-password
2026-08-27T02:57:38.774+03:00 TRACE 4512 --- [security-service] [    Test worker] estMatcherDelegatingAuthorizationManager : Checking authorization on POST /auth/change-email/verify-password using org.springframework.security.authorization.SingleResultAuthorizationManager@29ff6e15
2026-08-27T02:57:38.774+03:00 DEBUG 4512 --- [security-service] [    Test worker] o.s.security.web.FilterChainProxy        : Secured POST /auth/change-email/verify-password
2026-08-27T02:57:38.774+03:00 DEBUG 4512 --- [security-service] [    Test worker] s.w.s.m.m.a.RequestMappingHandlerMapping : Mapped to com.n4d3sh1k4.security_service.controller.AuthController#verifyPassword(VerifyPasswordRequest, Authentication)
2026-08-27T02:57:38.776+03:00 DEBUG 4512 --- [security-service] [    Test worker] m.m.a.RequestResponseBodyMethodProcessor : Read "application/json;charset=UTF-8" to [VerifyPasswordRequest(password=)]
2026-08-27T02:57:38.800+03:00 DEBUG 4512 --- [security-service] [    Test worker] .m.m.a.ExceptionHandlerExceptionResolver : Using @ExceptionHandler com.n4d3sh1k4.common.advice.GlobalExceptionHandler#handleValidation(MethodArgumentNotValidException)
2026-08-27T02:57:38.802+03:00 DEBUG 4512 --- [security-service] [    Test worker] o.s.w.s.m.m.a.HttpEntityMethodProcessor  : Using 'application/json', given [*/*] and supported [application/json, application/*+json, application/yaml]
2026-08-27T02:57:38.802+03:00 DEBUG 4512 --- [security-service] [    Test worker] o.s.w.s.m.m.a.HttpEntityMethodProcessor  : Writing [ApiResponse[success=false, data=null, error=ApiError[code=VALIDATION_ERROR, message=must not be blan (truncated)...]
2026-08-27T02:57:38.804+03:00 TRACE 4512 --- [security-service] [    Test worker] o.s.s.w.header.writers.HstsHeaderWriter  : Not injecting HSTS header since it did not match request to [Is Secure]
2026-08-27T02:57:38.804+03:00 DEBUG 4512 --- [security-service] [    Test worker] .m.m.a.ExceptionHandlerExceptionResolver : Resolved [org.springframework.web.bind.MethodArgumentNotValidException: Validation failed for argument [0] in public org.springframework.http.ResponseEntity<?> com.n4d3sh1k4.security_service.controller.AuthController.verifyPassword(com.n4d3sh1k4.security_service.dto.request_dto.VerifyPasswordRequest,org.springframework.security.core.Authentication): [Field error in object 'verifyPasswordRequest' on field 'password': rejected value []; codes [NotBlank.verifyPasswordRequest.password,NotBlank.password,NotBlank.java.lang.String,NotBlank]; arguments [org.springframework.context.support.DefaultMessageSourceResolvable: codes [verifyPasswordRequest.password,password]; arguments []; default message [password]]; default message [must not be blank]] ]
2026-08-27T02:57:38.805+03:00 TRACE 4512 --- [security-service] [    Test worker] w.c.HttpSessionSecurityContextRepository : Retrieved SecurityContextImpl [Authentication=UsernamePasswordAuthenticationToken [Principal=org.springframework.security.core.userdetails.User [Username=user@gmail.com, Password=[PROTECTED], Enabled=true, AccountNonExpired=true, CredentialsNonExpired=true, AccountNonLocked=true, Granted Authorities=[ROLE_USER]], Credentials=[PROTECTED], Authenticated=true, Details=null, Granted Authorities=[ROLE_USER]]] from SPRING_SECURITY_CONTEXT
2026-08-27T02:57:38.806+03:00 TRACE 4512 --- [security-service] [    Test worker] o.s.s.w.a.AnonymousAuthenticationFilter  : Did not set SecurityContextHolder since already authenticated UsernamePasswordAuthenticationToken [Principal=org.springframework.security.core.userdetails.User [Username=user@gmail.com, Password=[PROTECTED], Enabled=true, AccountNonExpired=true, CredentialsNonExpired=true, AccountNonLocked=true, Granted Authorities=[ROLE_USER]], Credentials=[PROTECTED], Authenticated=true, Details=null, Granted Authorities=[ROLE_USER]]
2026-08-27T02:57:38.823+03:00 TRACE 4512 --- [security-service] [    Test worker] o.s.security.web.FilterChainProxy        : Trying to match request against DefaultSecurityFilterChain defined as 'testSecurityFilterChain' in [com.n4d3sh1k4.security_service.controller.WebMvcTestConfiguration] matching [any request] and having filters [DisableEncodeUrl, WebAsyncManagerIntegration, SecurityContextHolder, HeaderWriter, Logout, RequestCacheAware, SecurityContextHolderAwareRequest, AnonymousAuthentication, ExceptionTranslation, Authorization] (1/1)
2026-08-27T02:57:38.823+03:00 DEBUG 4512 --- [security-service] [    Test worker] o.s.security.web.FilterChainProxy        : Securing GET /auth/confirm-email
2026-08-27T02:57:38.823+03:00 TRACE 4512 --- [security-service] [    Test worker] o.s.security.web.FilterChainProxy        : Invoking DisableEncodeUrlFilter (1/10)
2026-08-27T02:57:38.823+03:00 TRACE 4512 --- [security-service] [    Test worker] o.s.security.web.FilterChainProxy        : Invoking WebAsyncManagerIntegrationFilter (2/10)
2026-08-27T02:57:38.823+03:00 TRACE 4512 --- [security-service] [    Test worker] o.s.security.web.FilterChainProxy        : Invoking SecurityContextHolderFilter (3/10)
2026-08-27T02:57:38.823+03:00 TRACE 4512 --- [security-service] [    Test worker] o.s.security.web.FilterChainProxy        : Invoking HeaderWriterFilter (4/10)
2026-08-27T02:57:38.823+03:00 TRACE 4512 --- [security-service] [    Test worker] o.s.security.web.FilterChainProxy        : Invoking LogoutFilter (5/10)
2026-08-27T02:57:38.823+03:00 TRACE 4512 --- [security-service] [    Test worker] o.s.s.w.a.logout.LogoutFilter            : Did not match request to Or [PathPattern [GET /logout], PathPattern [POST /logout], PathPattern [PUT /logout], PathPattern [DELETE /logout]]
2026-08-27T02:57:38.823+03:00 TRACE 4512 --- [security-service] [    Test worker] o.s.security.web.FilterChainProxy        : Invoking RequestCacheAwareFilter (6/10)
2026-08-27T02:57:38.824+03:00 TRACE 4512 --- [security-service] [    Test worker] o.s.s.w.s.HttpSessionRequestCache        : matchingRequestParameterName is required for getMatchingRequest to lookup a value, but not provided
2026-08-27T02:57:38.824+03:00 TRACE 4512 --- [security-service] [    Test worker] o.s.security.web.FilterChainProxy        : Invoking SecurityContextHolderAwareRequestFilter (7/10)
2026-08-27T02:57:38.824+03:00 TRACE 4512 --- [security-service] [    Test worker] o.s.security.web.FilterChainProxy        : Invoking AnonymousAuthenticationFilter (8/10)
2026-08-27T02:57:38.824+03:00 TRACE 4512 --- [security-service] [    Test worker] o.s.security.web.FilterChainProxy        : Invoking ExceptionTranslationFilter (9/10)
2026-08-27T02:57:38.824+03:00 TRACE 4512 --- [security-service] [    Test worker] o.s.security.web.FilterChainProxy        : Invoking AuthorizationFilter (10/10)
2026-08-27T02:57:38.824+03:00 TRACE 4512 --- [security-service] [    Test worker] estMatcherDelegatingAuthorizationManager : Authorizing GET /auth/confirm-email
2026-08-27T02:57:38.824+03:00 TRACE 4512 --- [security-service] [    Test worker] estMatcherDelegatingAuthorizationManager : Checking authorization on GET /auth/confirm-email using org.springframework.security.authorization.SingleResultAuthorizationManager@29ff6e15
2026-08-27T02:57:38.824+03:00 DEBUG 4512 --- [security-service] [    Test worker] o.s.security.web.FilterChainProxy        : Secured GET /auth/confirm-email
2026-08-27T02:57:38.824+03:00 DEBUG 4512 --- [security-service] [    Test worker] s.w.s.m.m.a.RequestMappingHandlerMapping : Mapped to com.n4d3sh1k4.security_service.controller.AuthController#confirmRegistration(String)
2026-08-27T02:57:38.826+03:00 DEBUG 4512 --- [security-service] [    Test worker] .m.m.a.ExceptionHandlerExceptionResolver : Using @ExceptionHandler com.n4d3sh1k4.common.advice.GlobalExceptionHandler#handleBaseException(BaseException)
2026-08-27T02:57:38.827+03:00 DEBUG 4512 --- [security-service] [    Test worker] o.s.w.s.m.m.a.HttpEntityMethodProcessor  : Using 'application/json', given [*/*] and supported [application/json, application/*+json, application/yaml]
2026-08-27T02:57:38.827+03:00 DEBUG 4512 --- [security-service] [    Test worker] o.s.w.s.m.m.a.HttpEntityMethodProcessor  : Writing [ApiResponse[success=false, data=null, error=ApiError[code=LINK_EXPIRED, message=This link is no long (truncated)...]
2026-08-27T02:57:38.828+03:00 TRACE 4512 --- [security-service] [    Test worker] o.s.s.w.header.writers.HstsHeaderWriter  : Not injecting HSTS header since it did not match request to [Is Secure]
2026-08-27T02:57:38.828+03:00 DEBUG 4512 --- [security-service] [    Test worker] .m.m.a.ExceptionHandlerExceptionResolver : Resolved [com.n4d3sh1k4.common.exception.TokenNotFoundException: This link is no longer valid.]
2026-08-27T02:57:38.828+03:00 TRACE 4512 --- [security-service] [    Test worker] w.c.HttpSessionSecurityContextRepository : No HttpSession currently exists
2026-08-27T02:57:38.828+03:00 TRACE 4512 --- [security-service] [    Test worker] w.c.HttpSessionSecurityContextRepository : Created SecurityContextImpl [Null authentication]
2026-08-27T02:57:38.828+03:00 TRACE 4512 --- [security-service] [    Test worker] .s.s.w.c.SupplierDeferredSecurityContext : Created SecurityContextImpl [Null authentication]
2026-08-27T02:57:38.829+03:00 TRACE 4512 --- [security-service] [    Test worker] o.s.s.w.a.AnonymousAuthenticationFilter  : Set SecurityContextHolder to AnonymousAuthenticationToken [Principal=anonymousUser, Credentials=[PROTECTED], Authenticated=true, Details=WebAuthenticationDetails [RemoteIpAddress=127.0.0.1, SessionId=null], Granted Authorities=[ROLE_ANONYMOUS]]
2026-08-27T02:57:38.843+03:00 TRACE 4512 --- [security-service] [    Test worker] o.s.security.web.FilterChainProxy        : Trying to match request against DefaultSecurityFilterChain defined as 'testSecurityFilterChain' in [com.n4d3sh1k4.security_service.controller.WebMvcTestConfiguration] matching [any request] and having filters [DisableEncodeUrl, WebAsyncManagerIntegration, SecurityContextHolder, HeaderWriter, Logout, RequestCacheAware, SecurityContextHolderAwareRequest, AnonymousAuthentication, ExceptionTranslation, Authorization] (1/1)
2026-08-27T02:57:38.843+03:00 DEBUG 4512 --- [security-service] [    Test worker] o.s.security.web.FilterChainProxy        : Securing POST /auth/link-social
2026-08-27T02:57:38.845+03:00 TRACE 4512 --- [security-service] [    Test worker] o.s.security.web.FilterChainProxy        : Invoking DisableEncodeUrlFilter (1/10)
2026-08-27T02:57:38.845+03:00 TRACE 4512 --- [security-service] [    Test worker] o.s.security.web.FilterChainProxy        : Invoking WebAsyncManagerIntegrationFilter (2/10)
2026-08-27T02:57:38.845+03:00 TRACE 4512 --- [security-service] [    Test worker] o.s.security.web.FilterChainProxy        : Invoking SecurityContextHolderFilter (3/10)
2026-08-27T02:57:38.845+03:00 TRACE 4512 --- [security-service] [    Test worker] o.s.security.web.FilterChainProxy        : Invoking HeaderWriterFilter (4/10)
2026-08-27T02:57:38.845+03:00 TRACE 4512 --- [security-service] [    Test worker] o.s.security.web.FilterChainProxy        : Invoking LogoutFilter (5/10)
2026-08-27T02:57:38.846+03:00 TRACE 4512 --- [security-service] [    Test worker] o.s.s.w.a.logout.LogoutFilter            : Did not match request to Or [PathPattern [GET /logout], PathPattern [POST /logout], PathPattern [PUT /logout], PathPattern [DELETE /logout]]
2026-08-27T02:57:38.846+03:00 TRACE 4512 --- [security-service] [    Test worker] o.s.security.web.FilterChainProxy        : Invoking RequestCacheAwareFilter (6/10)
2026-08-27T02:57:38.846+03:00 TRACE 4512 --- [security-service] [    Test worker] o.s.s.w.s.HttpSessionRequestCache        : matchingRequestParameterName is required for getMatchingRequest to lookup a value, but not provided
2026-08-27T02:57:38.846+03:00 TRACE 4512 --- [security-service] [    Test worker] o.s.security.web.FilterChainProxy        : Invoking SecurityContextHolderAwareRequestFilter (7/10)
2026-08-27T02:57:38.846+03:00 TRACE 4512 --- [security-service] [    Test worker] o.s.security.web.FilterChainProxy        : Invoking AnonymousAuthenticationFilter (8/10)
2026-08-27T02:57:38.846+03:00 TRACE 4512 --- [security-service] [    Test worker] o.s.security.web.FilterChainProxy        : Invoking ExceptionTranslationFilter (9/10)
2026-08-27T02:57:38.846+03:00 TRACE 4512 --- [security-service] [    Test worker] o.s.security.web.FilterChainProxy        : Invoking AuthorizationFilter (10/10)
2026-08-27T02:57:38.846+03:00 TRACE 4512 --- [security-service] [    Test worker] estMatcherDelegatingAuthorizationManager : Authorizing POST /auth/link-social
2026-08-27T02:57:38.846+03:00 TRACE 4512 --- [security-service] [    Test worker] estMatcherDelegatingAuthorizationManager : Checking authorization on POST /auth/link-social using org.springframework.security.authorization.SingleResultAuthorizationManager@29ff6e15
2026-08-27T02:57:38.846+03:00 DEBUG 4512 --- [security-service] [    Test worker] o.s.security.web.FilterChainProxy        : Secured POST /auth/link-social
2026-08-27T02:57:38.847+03:00 DEBUG 4512 --- [security-service] [    Test worker] s.w.s.m.m.a.RequestMappingHandlerMapping : Mapped to com.n4d3sh1k4.security_service.controller.AuthController#linkSocial(LinkSocialRequest, HttpServletRequest)
2026-08-27T02:57:38.856+03:00 DEBUG 4512 --- [security-service] [    Test worker] m.m.a.RequestResponseBodyMethodProcessor : Read "application/json;charset=UTF-8" to [LinkSocialRequest(email=user@gmail.com, password=Password#4848, provider=null, providerUserId=123456 (truncated)...]
2026-08-27T02:57:38.862+03:00 DEBUG 4512 --- [security-service] [    Test worker] .m.m.a.ExceptionHandlerExceptionResolver : Using @ExceptionHandler com.n4d3sh1k4.common.advice.GlobalExceptionHandler#handleValidation(MethodArgumentNotValidException)
2026-08-27T02:57:38.863+03:00 DEBUG 4512 --- [security-service] [    Test worker] o.s.w.s.m.m.a.HttpEntityMethodProcessor  : Using 'application/json', given [*/*] and supported [application/json, application/*+json, application/yaml]
2026-08-27T02:57:38.864+03:00 DEBUG 4512 --- [security-service] [    Test worker] o.s.w.s.m.m.a.HttpEntityMethodProcessor  : Writing [ApiResponse[success=false, data=null, error=ApiError[code=VALIDATION_ERROR, message=must not be null (truncated)...]
2026-08-27T02:57:38.864+03:00 TRACE 4512 --- [security-service] [    Test worker] o.s.s.w.header.writers.HstsHeaderWriter  : Not injecting HSTS header since it did not match request to [Is Secure]
2026-08-27T02:57:38.865+03:00 DEBUG 4512 --- [security-service] [    Test worker] .m.m.a.ExceptionHandlerExceptionResolver : Resolved [org.springframework.web.bind.MethodArgumentNotValidException: Validation failed for argument [0] in public org.springframework.http.ResponseEntity<?> com.n4d3sh1k4.security_service.controller.AuthController.linkSocial(com.n4d3sh1k4.security_service.dto.request_dto.LinkSocialRequest,jakarta.servlet.http.HttpServletRequest): [Field error in object 'linkSocialRequest' on field 'provider': rejected value [null]; codes [NotNull.linkSocialRequest.provider,NotNull.provider,NotNull.com.n4d3sh1k4.security_service.domain.model.users.AuthProvider,NotNull]; arguments [org.springframework.context.support.DefaultMessageSourceResolvable: codes [linkSocialRequest.provider,provider]; arguments []; default message [provider]]; default message [must not be null]] ]
2026-08-27T02:57:38.865+03:00 TRACE 4512 --- [security-service] [    Test worker] w.c.HttpSessionSecurityContextRepository : No HttpSession currently exists
2026-08-27T02:57:38.865+03:00 TRACE 4512 --- [security-service] [    Test worker] w.c.HttpSessionSecurityContextRepository : Created SecurityContextImpl [Null authentication]
2026-08-27T02:57:38.865+03:00 TRACE 4512 --- [security-service] [    Test worker] .s.s.w.c.SupplierDeferredSecurityContext : Created SecurityContextImpl [Null authentication]
2026-08-27T02:57:38.865+03:00 TRACE 4512 --- [security-service] [    Test worker] o.s.s.w.a.AnonymousAuthenticationFilter  : Set SecurityContextHolder to AnonymousAuthenticationToken [Principal=anonymousUser, Credentials=[PROTECTED], Authenticated=true, Details=WebAuthenticationDetails [RemoteIpAddress=127.0.0.1, SessionId=null], Granted Authorities=[ROLE_ANONYMOUS]]
2026-08-27T02:57:38.881+03:00 TRACE 4512 --- [security-service] [    Test worker] o.s.security.web.FilterChainProxy        : Trying to match request against DefaultSecurityFilterChain defined as 'testSecurityFilterChain' in [com.n4d3sh1k4.security_service.controller.WebMvcTestConfiguration] matching [any request] and having filters [DisableEncodeUrl, WebAsyncManagerIntegration, SecurityContextHolder, HeaderWriter, Logout, RequestCacheAware, SecurityContextHolderAwareRequest, AnonymousAuthentication, ExceptionTranslation, Authorization] (1/1)
2026-08-27T02:57:38.882+03:00 DEBUG 4512 --- [security-service] [    Test worker] o.s.security.web.FilterChainProxy        : Securing POST /auth/refresh
2026-08-27T02:57:38.882+03:00 TRACE 4512 --- [security-service] [    Test worker] o.s.security.web.FilterChainProxy        : Invoking DisableEncodeUrlFilter (1/10)
2026-08-27T02:57:38.882+03:00 TRACE 4512 --- [security-service] [    Test worker] o.s.security.web.FilterChainProxy        : Invoking WebAsyncManagerIntegrationFilter (2/10)
2026-08-27T02:57:38.882+03:00 TRACE 4512 --- [security-service] [    Test worker] o.s.security.web.FilterChainProxy        : Invoking SecurityContextHolderFilter (3/10)
2026-08-27T02:57:38.882+03:00 TRACE 4512 --- [security-service] [    Test worker] o.s.security.web.FilterChainProxy        : Invoking HeaderWriterFilter (4/10)
2026-08-27T02:57:38.882+03:00 TRACE 4512 --- [security-service] [    Test worker] o.s.security.web.FilterChainProxy        : Invoking LogoutFilter (5/10)
2026-08-27T02:57:38.882+03:00 TRACE 4512 --- [security-service] [    Test worker] o.s.s.w.a.logout.LogoutFilter            : Did not match request to Or [PathPattern [GET /logout], PathPattern [POST /logout], PathPattern [PUT /logout], PathPattern [DELETE /logout]]
2026-08-27T02:57:38.882+03:00 TRACE 4512 --- [security-service] [    Test worker] o.s.security.web.FilterChainProxy        : Invoking RequestCacheAwareFilter (6/10)
2026-08-27T02:57:38.882+03:00 TRACE 4512 --- [security-service] [    Test worker] o.s.s.w.s.HttpSessionRequestCache        : matchingRequestParameterName is required for getMatchingRequest to lookup a value, but not provided
2026-08-27T02:57:38.882+03:00 TRACE 4512 --- [security-service] [    Test worker] o.s.security.web.FilterChainProxy        : Invoking SecurityContextHolderAwareRequestFilter (7/10)
2026-08-27T02:57:38.882+03:00 TRACE 4512 --- [security-service] [    Test worker] o.s.security.web.FilterChainProxy        : Invoking AnonymousAuthenticationFilter (8/10)
2026-08-27T02:57:38.882+03:00 TRACE 4512 --- [security-service] [    Test worker] o.s.security.web.FilterChainProxy        : Invoking ExceptionTranslationFilter (9/10)
2026-08-27T02:57:38.883+03:00 TRACE 4512 --- [security-service] [    Test worker] o.s.security.web.FilterChainProxy        : Invoking AuthorizationFilter (10/10)
2026-08-27T02:57:38.883+03:00 TRACE 4512 --- [security-service] [    Test worker] estMatcherDelegatingAuthorizationManager : Authorizing POST /auth/refresh
2026-08-27T02:57:38.883+03:00 TRACE 4512 --- [security-service] [    Test worker] estMatcherDelegatingAuthorizationManager : Checking authorization on POST /auth/refresh using org.springframework.security.authorization.SingleResultAuthorizationManager@29ff6e15
2026-08-27T02:57:38.883+03:00 DEBUG 4512 --- [security-service] [    Test worker] o.s.security.web.FilterChainProxy        : Secured POST /auth/refresh
2026-08-27T02:57:38.883+03:00 DEBUG 4512 --- [security-service] [    Test worker] s.w.s.m.m.a.RequestMappingHandlerMapping : Mapped to com.n4d3sh1k4.security_service.controller.AuthController#refresh(String, HttpServletRequest)
2026-08-27T02:57:38.885+03:00 DEBUG 4512 --- [security-service] [    Test worker] .m.m.a.ExceptionHandlerExceptionResolver : Using @ExceptionHandler com.n4d3sh1k4.common.advice.GlobalExceptionHandler#handleBaseException(BaseException)
2026-08-27T02:57:38.886+03:00 DEBUG 4512 --- [security-service] [    Test worker] o.s.w.s.m.m.a.HttpEntityMethodProcessor  : Using 'application/json', given [*/*] and supported [application/json, application/*+json, application/yaml]
2026-08-27T02:57:38.886+03:00 DEBUG 4512 --- [security-service] [    Test worker] o.s.w.s.m.m.a.HttpEntityMethodProcessor  : Writing [ApiResponse[success=false, data=null, error=ApiError[code=REFRESH_TOKEN_EXPIRED, message=Refresh tok (truncated)...]
2026-08-27T02:57:38.886+03:00 TRACE 4512 --- [security-service] [    Test worker] o.s.s.w.header.writers.HstsHeaderWriter  : Not injecting HSTS header since it did not match request to [Is Secure]
2026-08-27T02:57:38.887+03:00 DEBUG 4512 --- [security-service] [    Test worker] .m.m.a.ExceptionHandlerExceptionResolver : Resolved [com.n4d3sh1k4.common.exception.TokenNotFoundException: Refresh token expired]
2026-08-27T02:57:38.887+03:00 TRACE 4512 --- [security-service] [    Test worker] w.c.HttpSessionSecurityContextRepository : No HttpSession currently exists
2026-08-27T02:57:38.887+03:00 TRACE 4512 --- [security-service] [    Test worker] w.c.HttpSessionSecurityContextRepository : Created SecurityContextImpl [Null authentication]
2026-08-27T02:57:38.887+03:00 TRACE 4512 --- [security-service] [    Test worker] .s.s.w.c.SupplierDeferredSecurityContext : Created SecurityContextImpl [Null authentication]
2026-08-27T02:57:38.887+03:00 TRACE 4512 --- [security-service] [    Test worker] o.s.s.w.a.AnonymousAuthenticationFilter  : Set SecurityContextHolder to AnonymousAuthenticationToken [Principal=anonymousUser, Credentials=[PROTECTED], Authenticated=true, Details=WebAuthenticationDetails [RemoteIpAddress=127.0.0.1, SessionId=null], Granted Authorities=[ROLE_ANONYMOUS]]
2026-08-27T02:57:38.903+03:00 TRACE 4512 --- [security-service] [    Test worker] w.c.HttpSessionSecurityContextRepository : No HttpSession currently exists
2026-08-27T02:57:38.903+03:00 TRACE 4512 --- [security-service] [    Test worker] w.c.HttpSessionSecurityContextRepository : Created SecurityContextImpl [Null authentication]
2026-08-27T02:57:38.903+03:00 TRACE 4512 --- [security-service] [    Test worker] .s.s.w.c.SupplierDeferredSecurityContext : Created SecurityContextImpl [Null authentication]
2026-08-27T02:57:38.903+03:00 DEBUG 4512 --- [security-service] [    Test worker] w.c.HttpSessionSecurityContextRepository : Created HttpSession as SecurityContext is non-default
2026-08-27T02:57:38.903+03:00 DEBUG 4512 --- [security-service] [    Test worker] w.c.HttpSessionSecurityContextRepository : Stored SecurityContextImpl [Authentication=UsernamePasswordAuthenticationToken [Principal=org.springframework.security.core.userdetails.User [Username=user@gmail.com, Password=[PROTECTED], Enabled=true, AccountNonExpired=true, CredentialsNonExpired=true, AccountNonLocked=true, Granted Authorities=[ROLE_USER]], Credentials=[PROTECTED], Authenticated=true, Details=null, Granted Authorities=[ROLE_USER]]] to HttpSession [org.springframework.mock.web.MockHttpSession@23a24128]
2026-08-27T02:57:38.904+03:00 TRACE 4512 --- [security-service] [    Test worker] o.s.security.web.FilterChainProxy        : Trying to match request against DefaultSecurityFilterChain defined as 'testSecurityFilterChain' in [com.n4d3sh1k4.security_service.controller.WebMvcTestConfiguration] matching [any request] and having filters [DisableEncodeUrl, WebAsyncManagerIntegration, SecurityContextHolder, HeaderWriter, Logout, RequestCacheAware, SecurityContextHolderAwareRequest, AnonymousAuthentication, ExceptionTranslation, Authorization] (1/1)
2026-08-27T02:57:38.904+03:00 DEBUG 4512 --- [security-service] [    Test worker] o.s.security.web.FilterChainProxy        : Securing POST /auth/change-email/verify-password
2026-08-27T02:57:38.904+03:00 TRACE 4512 --- [security-service] [    Test worker] o.s.security.web.FilterChainProxy        : Invoking DisableEncodeUrlFilter (1/10)
2026-08-27T02:57:38.904+03:00 TRACE 4512 --- [security-service] [    Test worker] o.s.security.web.FilterChainProxy        : Invoking WebAsyncManagerIntegrationFilter (2/10)
2026-08-27T02:57:38.904+03:00 TRACE 4512 --- [security-service] [    Test worker] o.s.security.web.FilterChainProxy        : Invoking SecurityContextHolderFilter (3/10)
2026-08-27T02:57:38.904+03:00 TRACE 4512 --- [security-service] [    Test worker] o.s.security.web.FilterChainProxy        : Invoking HeaderWriterFilter (4/10)
2026-08-27T02:57:38.904+03:00 TRACE 4512 --- [security-service] [    Test worker] o.s.security.web.FilterChainProxy        : Invoking LogoutFilter (5/10)
2026-08-27T02:57:38.904+03:00 TRACE 4512 --- [security-service] [    Test worker] o.s.s.w.a.logout.LogoutFilter            : Did not match request to Or [PathPattern [GET /logout], PathPattern [POST /logout], PathPattern [PUT /logout], PathPattern [DELETE /logout]]
2026-08-27T02:57:38.904+03:00 TRACE 4512 --- [security-service] [    Test worker] o.s.security.web.FilterChainProxy        : Invoking RequestCacheAwareFilter (6/10)
2026-08-27T02:57:38.904+03:00 TRACE 4512 --- [security-service] [    Test worker] o.s.s.w.s.HttpSessionRequestCache        : matchingRequestParameterName is required for getMatchingRequest to lookup a value, but not provided
2026-08-27T02:57:38.904+03:00 TRACE 4512 --- [security-service] [    Test worker] o.s.security.web.FilterChainProxy        : Invoking SecurityContextHolderAwareRequestFilter (7/10)
2026-08-27T02:57:38.904+03:00 TRACE 4512 --- [security-service] [    Test worker] o.s.security.web.FilterChainProxy        : Invoking AnonymousAuthenticationFilter (8/10)
2026-08-27T02:57:38.905+03:00 TRACE 4512 --- [security-service] [    Test worker] o.s.security.web.FilterChainProxy        : Invoking ExceptionTranslationFilter (9/10)
2026-08-27T02:57:38.905+03:00 TRACE 4512 --- [security-service] [    Test worker] o.s.security.web.FilterChainProxy        : Invoking AuthorizationFilter (10/10)
2026-08-27T02:57:38.905+03:00 TRACE 4512 --- [security-service] [    Test worker] estMatcherDelegatingAuthorizationManager : Authorizing POST /auth/change-email/verify-password
2026-08-27T02:57:38.905+03:00 TRACE 4512 --- [security-service] [    Test worker] estMatcherDelegatingAuthorizationManager : Checking authorization on POST /auth/change-email/verify-password using org.springframework.security.authorization.SingleResultAuthorizationManager@29ff6e15
2026-08-27T02:57:38.905+03:00 DEBUG 4512 --- [security-service] [    Test worker] o.s.security.web.FilterChainProxy        : Secured POST /auth/change-email/verify-password
2026-08-27T02:57:38.905+03:00 DEBUG 4512 --- [security-service] [    Test worker] s.w.s.m.m.a.RequestMappingHandlerMapping : Mapped to com.n4d3sh1k4.security_service.controller.AuthController#verifyPassword(VerifyPasswordRequest, Authentication)
2026-08-27T02:57:38.906+03:00 DEBUG 4512 --- [security-service] [    Test worker] m.m.a.RequestResponseBodyMethodProcessor : Read "application/json;charset=UTF-8" to [VerifyPasswordRequest(password=WrongPassword#1)]
2026-08-27T02:57:38.907+03:00 TRACE 4512 --- [security-service] [    Test worker] w.c.HttpSessionSecurityContextRepository : Retrieved SecurityContextImpl [Authentication=UsernamePasswordAuthenticationToken [Principal=org.springframework.security.core.userdetails.User [Username=user@gmail.com, Password=[PROTECTED], Enabled=true, AccountNonExpired=true, CredentialsNonExpired=true, AccountNonLocked=true, Granted Authorities=[ROLE_USER]], Credentials=[PROTECTED], Authenticated=true, Details=null, Granted Authorities=[ROLE_USER]]] from SPRING_SECURITY_CONTEXT
2026-08-27T02:57:38.907+03:00 TRACE 4512 --- [security-service] [    Test worker] o.s.s.w.a.AnonymousAuthenticationFilter  : Did not set SecurityContextHolder since already authenticated UsernamePasswordAuthenticationToken [Principal=org.springframework.security.core.userdetails.User [Username=user@gmail.com, Password=[PROTECTED], Enabled=true, AccountNonExpired=true, CredentialsNonExpired=true, AccountNonLocked=true, Granted Authorities=[ROLE_USER]], Credentials=[PROTECTED], Authenticated=true, Details=null, Granted Authorities=[ROLE_USER]]
2026-08-27T02:57:38.908+03:00 DEBUG 4512 --- [security-service] [    Test worker] .m.m.a.ExceptionHandlerExceptionResolver : Using @ExceptionHandler com.n4d3sh1k4.common.advice.GlobalExceptionHandler#handleBaseException(BaseException)
2026-08-27T02:57:38.908+03:00 DEBUG 4512 --- [security-service] [    Test worker] o.s.w.s.m.m.a.HttpEntityMethodProcessor  : Using 'application/json', given [*/*] and supported [application/json, application/*+json, application/yaml]
2026-08-27T02:57:38.908+03:00 DEBUG 4512 --- [security-service] [    Test worker] o.s.w.s.m.m.a.HttpEntityMethodProcessor  : Writing [ApiResponse[success=false, data=null, error=ApiError[code=INVALID_PASSWORD, message=Invalid password (truncated)...]
2026-08-27T02:57:38.909+03:00 TRACE 4512 --- [security-service] [    Test worker] o.s.s.w.header.writers.HstsHeaderWriter  : Not injecting HSTS header since it did not match request to [Is Secure]
2026-08-27T02:57:38.909+03:00 DEBUG 4512 --- [security-service] [    Test worker] .m.m.a.ExceptionHandlerExceptionResolver : Resolved [com.n4d3sh1k4.common.exception.BaseException: Invalid password]
2026-08-27T02:57:38.925+03:00 TRACE 4512 --- [security-service] [    Test worker] o.s.security.web.FilterChainProxy        : Trying to match request against DefaultSecurityFilterChain defined as 'testSecurityFilterChain' in [com.n4d3sh1k4.security_service.controller.WebMvcTestConfiguration] matching [any request] and having filters [DisableEncodeUrl, WebAsyncManagerIntegration, SecurityContextHolder, HeaderWriter, Logout, RequestCacheAware, SecurityContextHolderAwareRequest, AnonymousAuthentication, ExceptionTranslation, Authorization] (1/1)
2026-08-27T02:57:38.925+03:00 DEBUG 4512 --- [security-service] [    Test worker] o.s.security.web.FilterChainProxy        : Securing POST /auth/link-social
2026-08-27T02:57:38.925+03:00 TRACE 4512 --- [security-service] [    Test worker] o.s.security.web.FilterChainProxy        : Invoking DisableEncodeUrlFilter (1/10)
2026-08-27T02:57:38.926+03:00 TRACE 4512 --- [security-service] [    Test worker] o.s.security.web.FilterChainProxy        : Invoking WebAsyncManagerIntegrationFilter (2/10)
2026-08-27T02:57:38.926+03:00 TRACE 4512 --- [security-service] [    Test worker] o.s.security.web.FilterChainProxy        : Invoking SecurityContextHolderFilter (3/10)
2026-08-27T02:57:38.926+03:00 TRACE 4512 --- [security-service] [    Test worker] o.s.security.web.FilterChainProxy        : Invoking HeaderWriterFilter (4/10)
2026-08-27T02:57:38.926+03:00 TRACE 4512 --- [security-service] [    Test worker] o.s.security.web.FilterChainProxy        : Invoking LogoutFilter (5/10)
2026-08-27T02:57:38.926+03:00 TRACE 4512 --- [security-service] [    Test worker] o.s.s.w.a.logout.LogoutFilter            : Did not match request to Or [PathPattern [GET /logout], PathPattern [POST /logout], PathPattern [PUT /logout], PathPattern [DELETE /logout]]
2026-08-27T02:57:38.926+03:00 TRACE 4512 --- [security-service] [    Test worker] o.s.security.web.FilterChainProxy        : Invoking RequestCacheAwareFilter (6/10)
2026-08-27T02:57:38.926+03:00 TRACE 4512 --- [security-service] [    Test worker] o.s.s.w.s.HttpSessionRequestCache        : matchingRequestParameterName is required for getMatchingRequest to lookup a value, but not provided
2026-08-27T02:57:38.926+03:00 TRACE 4512 --- [security-service] [    Test worker] o.s.security.web.FilterChainProxy        : Invoking SecurityContextHolderAwareRequestFilter (7/10)
2026-08-27T02:57:38.926+03:00 TRACE 4512 --- [security-service] [    Test worker] o.s.security.web.FilterChainProxy        : Invoking AnonymousAuthenticationFilter (8/10)
2026-08-27T02:57:38.927+03:00 TRACE 4512 --- [security-service] [    Test worker] o.s.security.web.FilterChainProxy        : Invoking ExceptionTranslationFilter (9/10)
2026-08-27T02:57:38.927+03:00 TRACE 4512 --- [security-service] [    Test worker] o.s.security.web.FilterChainProxy        : Invoking AuthorizationFilter (10/10)
2026-08-27T02:57:38.927+03:00 TRACE 4512 --- [security-service] [    Test worker] estMatcherDelegatingAuthorizationManager : Authorizing POST /auth/link-social
2026-08-27T02:57:38.927+03:00 TRACE 4512 --- [security-service] [    Test worker] estMatcherDelegatingAuthorizationManager : Checking authorization on POST /auth/link-social using org.springframework.security.authorization.SingleResultAuthorizationManager@29ff6e15
2026-08-27T02:57:38.927+03:00 DEBUG 4512 --- [security-service] [    Test worker] o.s.security.web.FilterChainProxy        : Secured POST /auth/link-social
2026-08-27T02:57:38.927+03:00 DEBUG 4512 --- [security-service] [    Test worker] s.w.s.m.m.a.RequestMappingHandlerMapping : Mapped to com.n4d3sh1k4.security_service.controller.AuthController#linkSocial(LinkSocialRequest, HttpServletRequest)
2026-08-27T02:57:38.928+03:00 DEBUG 4512 --- [security-service] [    Test worker] m.m.a.RequestResponseBodyMethodProcessor : Read "application/json;charset=UTF-8" to [LinkSocialRequest(email=user@gmail.com, password=Password#4848, provider=YANDEX, providerUserId=1234 (truncated)...]
2026-08-27T02:57:38.935+03:00 DEBUG 4512 --- [security-service] [    Test worker] o.s.w.s.m.m.a.HttpEntityMethodProcessor  : Using 'application/json', given [*/*] and supported [application/json, application/*+json, application/yaml]
2026-08-27T02:57:38.936+03:00 DEBUG 4512 --- [security-service] [    Test worker] o.s.w.s.m.m.a.HttpEntityMethodProcessor  : Writing [ApiResponse[success=true, data=JwtResponse(type=Bearer, accessToken=access-token), error=null, pagin (truncated)...]
2026-08-27T02:57:38.938+03:00 TRACE 4512 --- [security-service] [    Test worker] o.s.s.w.header.writers.HstsHeaderWriter  : Not injecting HSTS header since it did not match request to [Is Secure]
2026-08-27T02:57:38.939+03:00 TRACE 4512 --- [security-service] [    Test worker] w.c.HttpSessionSecurityContextRepository : No HttpSession currently exists
2026-08-27T02:57:38.939+03:00 TRACE 4512 --- [security-service] [    Test worker] w.c.HttpSessionSecurityContextRepository : Created SecurityContextImpl [Null authentication]
2026-08-27T02:57:38.939+03:00 TRACE 4512 --- [security-service] [    Test worker] .s.s.w.c.SupplierDeferredSecurityContext : Created SecurityContextImpl [Null authentication]
2026-08-27T02:57:38.939+03:00 TRACE 4512 --- [security-service] [    Test worker] o.s.s.w.a.AnonymousAuthenticationFilter  : Set SecurityContextHolder to AnonymousAuthenticationToken [Principal=anonymousUser, Credentials=[PROTECTED], Authenticated=true, Details=WebAuthenticationDetails [RemoteIpAddress=127.0.0.1, SessionId=null], Granted Authorities=[ROLE_ANONYMOUS]]
2026-08-27T02:57:38.948+03:00 TRACE 4512 --- [security-service] [    Test worker] w.c.HttpSessionSecurityContextRepository : No HttpSession currently exists
2026-08-27T02:57:38.949+03:00 TRACE 4512 --- [security-service] [    Test worker] w.c.HttpSessionSecurityContextRepository : Created SecurityContextImpl [Null authentication]
2026-08-27T02:57:38.949+03:00 TRACE 4512 --- [security-service] [    Test worker] .s.s.w.c.SupplierDeferredSecurityContext : Created SecurityContextImpl [Null authentication]
2026-08-27T02:57:38.949+03:00 DEBUG 4512 --- [security-service] [    Test worker] w.c.HttpSessionSecurityContextRepository : Created HttpSession as SecurityContext is non-default
2026-08-27T02:57:38.949+03:00 DEBUG 4512 --- [security-service] [    Test worker] w.c.HttpSessionSecurityContextRepository : Stored SecurityContextImpl [Authentication=UsernamePasswordAuthenticationToken [Principal=org.springframework.security.core.userdetails.User [Username=550e8400-e29b-41d4-a716-446655440000, Password=[PROTECTED], Enabled=true, AccountNonExpired=true, CredentialsNonExpired=true, AccountNonLocked=true, Granted Authorities=[ROLE_USER]], Credentials=[PROTECTED], Authenticated=true, Details=null, Granted Authorities=[ROLE_USER]]] to HttpSession [org.springframework.mock.web.MockHttpSession@663f947a]
2026-08-27T02:57:38.949+03:00 TRACE 4512 --- [security-service] [    Test worker] o.s.security.web.FilterChainProxy        : Trying to match request against DefaultSecurityFilterChain defined as 'testSecurityFilterChain' in [com.n4d3sh1k4.security_service.controller.WebMvcTestConfiguration] matching [any request] and having filters [DisableEncodeUrl, WebAsyncManagerIntegration, SecurityContextHolder, HeaderWriter, Logout, RequestCacheAware, SecurityContextHolderAwareRequest, AnonymousAuthentication, ExceptionTranslation, Authorization] (1/1)
2026-08-27T02:57:38.949+03:00 DEBUG 4512 --- [security-service] [    Test worker] o.s.security.web.FilterChainProxy        : Securing POST /auth/logout
2026-08-27T02:57:38.949+03:00 TRACE 4512 --- [security-service] [    Test worker] o.s.security.web.FilterChainProxy        : Invoking DisableEncodeUrlFilter (1/10)
2026-08-27T02:57:38.949+03:00 TRACE 4512 --- [security-service] [    Test worker] o.s.security.web.FilterChainProxy        : Invoking WebAsyncManagerIntegrationFilter (2/10)
2026-08-27T02:57:38.949+03:00 TRACE 4512 --- [security-service] [    Test worker] o.s.security.web.FilterChainProxy        : Invoking SecurityContextHolderFilter (3/10)
2026-08-27T02:57:38.949+03:00 TRACE 4512 --- [security-service] [    Test worker] o.s.security.web.FilterChainProxy        : Invoking HeaderWriterFilter (4/10)
2026-08-27T02:57:38.949+03:00 TRACE 4512 --- [security-service] [    Test worker] o.s.security.web.FilterChainProxy        : Invoking LogoutFilter (5/10)
2026-08-27T02:57:38.950+03:00 TRACE 4512 --- [security-service] [    Test worker] o.s.s.w.a.logout.LogoutFilter            : Did not match request to Or [PathPattern [GET /logout], PathPattern [POST /logout], PathPattern [PUT /logout], PathPattern [DELETE /logout]]
2026-08-27T02:57:38.950+03:00 TRACE 4512 --- [security-service] [    Test worker] o.s.security.web.FilterChainProxy        : Invoking RequestCacheAwareFilter (6/10)
2026-08-27T02:57:38.950+03:00 TRACE 4512 --- [security-service] [    Test worker] o.s.s.w.s.HttpSessionRequestCache        : matchingRequestParameterName is required for getMatchingRequest to lookup a value, but not provided
2026-08-27T02:57:38.950+03:00 TRACE 4512 --- [security-service] [    Test worker] o.s.security.web.FilterChainProxy        : Invoking SecurityContextHolderAwareRequestFilter (7/10)
2026-08-27T02:57:38.950+03:00 TRACE 4512 --- [security-service] [    Test worker] o.s.security.web.FilterChainProxy        : Invoking AnonymousAuthenticationFilter (8/10)
2026-08-27T02:57:38.950+03:00 TRACE 4512 --- [security-service] [    Test worker] o.s.security.web.FilterChainProxy        : Invoking ExceptionTranslationFilter (9/10)
2026-08-27T02:57:38.950+03:00 TRACE 4512 --- [security-service] [    Test worker] o.s.security.web.FilterChainProxy        : Invoking AuthorizationFilter (10/10)
2026-08-27T02:57:38.950+03:00 TRACE 4512 --- [security-service] [    Test worker] estMatcherDelegatingAuthorizationManager : Authorizing POST /auth/logout
2026-08-27T02:57:38.950+03:00 TRACE 4512 --- [security-service] [    Test worker] estMatcherDelegatingAuthorizationManager : Checking authorization on POST /auth/logout using org.springframework.security.authorization.SingleResultAuthorizationManager@29ff6e15
2026-08-27T02:57:38.950+03:00 DEBUG 4512 --- [security-service] [    Test worker] o.s.security.web.FilterChainProxy        : Secured POST /auth/logout
2026-08-27T02:57:38.950+03:00 DEBUG 4512 --- [security-service] [    Test worker] s.w.s.m.m.a.RequestMappingHandlerMapping : Mapped to com.n4d3sh1k4.security_service.controller.AuthController#logout(String, Principal)
2026-08-27T02:57:38.951+03:00 TRACE 4512 --- [security-service] [    Test worker] w.c.HttpSessionSecurityContextRepository : Retrieved SecurityContextImpl [Authentication=UsernamePasswordAuthenticationToken [Principal=org.springframework.security.core.userdetails.User [Username=550e8400-e29b-41d4-a716-446655440000, Password=[PROTECTED], Enabled=true, AccountNonExpired=true, CredentialsNonExpired=true, AccountNonLocked=true, Granted Authorities=[ROLE_USER]], Credentials=[PROTECTED], Authenticated=true, Details=null, Granted Authorities=[ROLE_USER]]] from SPRING_SECURITY_CONTEXT
2026-08-27T02:57:38.951+03:00 TRACE 4512 --- [security-service] [    Test worker] o.s.s.w.a.AnonymousAuthenticationFilter  : Did not set SecurityContextHolder since already authenticated UsernamePasswordAuthenticationToken [Principal=org.springframework.security.core.userdetails.User [Username=550e8400-e29b-41d4-a716-446655440000, Password=[PROTECTED], Enabled=true, AccountNonExpired=true, CredentialsNonExpired=true, AccountNonLocked=true, Granted Authorities=[ROLE_USER]], Credentials=[PROTECTED], Authenticated=true, Details=null, Granted Authorities=[ROLE_USER]]
2026-08-27T02:57:38.962+03:00 DEBUG 4512 --- [security-service] [    Test worker] o.s.w.s.m.m.a.HttpEntityMethodProcessor  : Using 'application/json', given [*/*] and supported [application/json, application/*+json, application/yaml]
2026-08-27T02:57:38.962+03:00 DEBUG 4512 --- [security-service] [    Test worker] o.s.w.s.m.m.a.HttpEntityMethodProcessor  : Nothing to write: null body
2026-08-27T02:57:38.963+03:00 TRACE 4512 --- [security-service] [    Test worker] o.s.s.w.header.writers.HstsHeaderWriter  : Not injecting HSTS header since it did not match request to [Is Secure]
2026-08-27T02:57:38.978+03:00 TRACE 4512 --- [security-service] [    Test worker] o.s.security.web.FilterChainProxy        : Trying to match request against DefaultSecurityFilterChain defined as 'testSecurityFilterChain' in [com.n4d3sh1k4.security_service.controller.WebMvcTestConfiguration] matching [any request] and having filters [DisableEncodeUrl, WebAsyncManagerIntegration, SecurityContextHolder, HeaderWriter, Logout, RequestCacheAware, SecurityContextHolderAwareRequest, AnonymousAuthentication, ExceptionTranslation, Authorization] (1/1)
2026-08-27T02:57:38.979+03:00 DEBUG 4512 --- [security-service] [    Test worker] o.s.security.web.FilterChainProxy        : Securing POST /auth/change-email/confirm
2026-08-27T02:57:38.979+03:00 TRACE 4512 --- [security-service] [    Test worker] o.s.security.web.FilterChainProxy        : Invoking DisableEncodeUrlFilter (1/10)
2026-08-27T02:57:38.979+03:00 TRACE 4512 --- [security-service] [    Test worker] o.s.security.web.FilterChainProxy        : Invoking WebAsyncManagerIntegrationFilter (2/10)
2026-08-27T02:57:38.979+03:00 TRACE 4512 --- [security-service] [    Test worker] o.s.security.web.FilterChainProxy        : Invoking SecurityContextHolderFilter (3/10)
2026-08-27T02:57:38.979+03:00 TRACE 4512 --- [security-service] [    Test worker] o.s.security.web.FilterChainProxy        : Invoking HeaderWriterFilter (4/10)
2026-08-27T02:57:38.979+03:00 TRACE 4512 --- [security-service] [    Test worker] o.s.security.web.FilterChainProxy        : Invoking LogoutFilter (5/10)
2026-08-27T02:57:38.979+03:00 TRACE 4512 --- [security-service] [    Test worker] o.s.s.w.a.logout.LogoutFilter            : Did not match request to Or [PathPattern [GET /logout], PathPattern [POST /logout], PathPattern [PUT /logout], PathPattern [DELETE /logout]]
2026-08-27T02:57:38.979+03:00 TRACE 4512 --- [security-service] [    Test worker] o.s.security.web.FilterChainProxy        : Invoking RequestCacheAwareFilter (6/10)
2026-08-27T02:57:38.979+03:00 TRACE 4512 --- [security-service] [    Test worker] o.s.s.w.s.HttpSessionRequestCache        : matchingRequestParameterName is required for getMatchingRequest to lookup a value, but not provided
2026-08-27T02:57:38.979+03:00 TRACE 4512 --- [security-service] [    Test worker] o.s.security.web.FilterChainProxy        : Invoking SecurityContextHolderAwareRequestFilter (7/10)
2026-08-27T02:57:38.979+03:00 TRACE 4512 --- [security-service] [    Test worker] o.s.security.web.FilterChainProxy        : Invoking AnonymousAuthenticationFilter (8/10)
2026-08-27T02:57:38.979+03:00 TRACE 4512 --- [security-service] [    Test worker] o.s.security.web.FilterChainProxy        : Invoking ExceptionTranslationFilter (9/10)
2026-08-27T02:57:38.979+03:00 TRACE 4512 --- [security-service] [    Test worker] o.s.security.web.FilterChainProxy        : Invoking AuthorizationFilter (10/10)
2026-08-27T02:57:38.979+03:00 TRACE 4512 --- [security-service] [    Test worker] estMatcherDelegatingAuthorizationManager : Authorizing POST /auth/change-email/confirm
2026-08-27T02:57:38.979+03:00 TRACE 4512 --- [security-service] [    Test worker] estMatcherDelegatingAuthorizationManager : Checking authorization on POST /auth/change-email/confirm using org.springframework.security.authorization.SingleResultAuthorizationManager@29ff6e15
2026-08-27T02:57:38.979+03:00 DEBUG 4512 --- [security-service] [    Test worker] o.s.security.web.FilterChainProxy        : Secured POST /auth/change-email/confirm
2026-08-27T02:57:38.979+03:00 DEBUG 4512 --- [security-service] [    Test worker] s.w.s.m.m.a.RequestMappingHandlerMapping : Mapped to com.n4d3sh1k4.security_service.controller.AuthController#confirmEmailChange(ConfirmEmailChangeRequest)
2026-08-27T02:57:38.981+03:00 DEBUG 4512 --- [security-service] [    Test worker] m.m.a.RequestResponseBodyMethodProcessor : Read "application/json;charset=UTF-8" to [ConfirmEmailChangeRequest(token=change-token, code=123456)]
2026-08-27T02:57:38.985+03:00 DEBUG 4512 --- [security-service] [    Test worker] .m.m.a.ExceptionHandlerExceptionResolver : Using @ExceptionHandler com.n4d3sh1k4.common.advice.GlobalExceptionHandler#handleBaseException(BaseException)
2026-08-27T02:57:38.986+03:00 DEBUG 4512 --- [security-service] [    Test worker] o.s.w.s.m.m.a.HttpEntityMethodProcessor  : Using 'application/json', given [*/*] and supported [application/json, application/*+json, application/yaml]
2026-08-27T02:57:38.986+03:00 DEBUG 4512 --- [security-service] [    Test worker] o.s.w.s.m.m.a.HttpEntityMethodProcessor  : Writing [ApiResponse[success=false, data=null, error=ApiError[code=INVALID_STATE, message=New email not set y (truncated)...]
2026-08-27T02:57:38.987+03:00 TRACE 4512 --- [security-service] [    Test worker] o.s.s.w.header.writers.HstsHeaderWriter  : Not injecting HSTS header since it did not match request to [Is Secure]
2026-08-27T02:57:38.987+03:00 DEBUG 4512 --- [security-service] [    Test worker] .m.m.a.ExceptionHandlerExceptionResolver : Resolved [com.n4d3sh1k4.common.exception.BaseException: New email not set yet]
2026-08-27T02:57:38.987+03:00 TRACE 4512 --- [security-service] [    Test worker] w.c.HttpSessionSecurityContextRepository : No HttpSession currently exists
2026-08-27T02:57:38.987+03:00 TRACE 4512 --- [security-service] [    Test worker] w.c.HttpSessionSecurityContextRepository : Created SecurityContextImpl [Null authentication]
2026-08-27T02:57:38.987+03:00 TRACE 4512 --- [security-service] [    Test worker] .s.s.w.c.SupplierDeferredSecurityContext : Created SecurityContextImpl [Null authentication]
2026-08-27T02:57:38.987+03:00 TRACE 4512 --- [security-service] [    Test worker] o.s.s.w.a.AnonymousAuthenticationFilter  : Set SecurityContextHolder to AnonymousAuthenticationToken [Principal=anonymousUser, Credentials=[PROTECTED], Authenticated=true, Details=WebAuthenticationDetails [RemoteIpAddress=127.0.0.1, SessionId=null], Granted Authorities=[ROLE_ANONYMOUS]]
2026-08-27T02:57:39.005+03:00 TRACE 4512 --- [security-service] [    Test worker] o.s.security.web.FilterChainProxy        : Trying to match request against DefaultSecurityFilterChain defined as 'testSecurityFilterChain' in [com.n4d3sh1k4.security_service.controller.WebMvcTestConfiguration] matching [any request] and having filters [DisableEncodeUrl, WebAsyncManagerIntegration, SecurityContextHolder, HeaderWriter, Logout, RequestCacheAware, SecurityContextHolderAwareRequest, AnonymousAuthentication, ExceptionTranslation, Authorization] (1/1)
2026-08-27T02:57:39.005+03:00 DEBUG 4512 --- [security-service] [    Test worker] o.s.security.web.FilterChainProxy        : Securing POST /auth/register
2026-08-27T02:57:39.005+03:00 TRACE 4512 --- [security-service] [    Test worker] o.s.security.web.FilterChainProxy        : Invoking DisableEncodeUrlFilter (1/10)
2026-08-27T02:57:39.005+03:00 TRACE 4512 --- [security-service] [    Test worker] o.s.security.web.FilterChainProxy        : Invoking WebAsyncManagerIntegrationFilter (2/10)
2026-08-27T02:57:39.005+03:00 TRACE 4512 --- [security-service] [    Test worker] o.s.security.web.FilterChainProxy        : Invoking SecurityContextHolderFilter (3/10)
2026-08-27T02:57:39.005+03:00 TRACE 4512 --- [security-service] [    Test worker] o.s.security.web.FilterChainProxy        : Invoking HeaderWriterFilter (4/10)
2026-08-27T02:57:39.005+03:00 TRACE 4512 --- [security-service] [    Test worker] o.s.security.web.FilterChainProxy        : Invoking LogoutFilter (5/10)
2026-08-27T02:57:39.005+03:00 TRACE 4512 --- [security-service] [    Test worker] o.s.s.w.a.logout.LogoutFilter            : Did not match request to Or [PathPattern [GET /logout], PathPattern [POST /logout], PathPattern [PUT /logout], PathPattern [DELETE /logout]]
2026-08-27T02:57:39.005+03:00 TRACE 4512 --- [security-service] [    Test worker] o.s.security.web.FilterChainProxy        : Invoking RequestCacheAwareFilter (6/10)
2026-08-27T02:57:39.005+03:00 TRACE 4512 --- [security-service] [    Test worker] o.s.s.w.s.HttpSessionRequestCache        : matchingRequestParameterName is required for getMatchingRequest to lookup a value, but not provided
2026-08-27T02:57:39.006+03:00 TRACE 4512 --- [security-service] [    Test worker] o.s.security.web.FilterChainProxy        : Invoking SecurityContextHolderAwareRequestFilter (7/10)
2026-08-27T02:57:39.006+03:00 TRACE 4512 --- [security-service] [    Test worker] o.s.security.web.FilterChainProxy        : Invoking AnonymousAuthenticationFilter (8/10)
2026-08-27T02:57:39.006+03:00 TRACE 4512 --- [security-service] [    Test worker] o.s.security.web.FilterChainProxy        : Invoking ExceptionTranslationFilter (9/10)
2026-08-27T02:57:39.006+03:00 TRACE 4512 --- [security-service] [    Test worker] o.s.security.web.FilterChainProxy        : Invoking AuthorizationFilter (10/10)
2026-08-27T02:57:39.006+03:00 TRACE 4512 --- [security-service] [    Test worker] estMatcherDelegatingAuthorizationManager : Authorizing POST /auth/register
2026-08-27T02:57:39.006+03:00 TRACE 4512 --- [security-service] [    Test worker] estMatcherDelegatingAuthorizationManager : Checking authorization on POST /auth/register using org.springframework.security.authorization.SingleResultAuthorizationManager@29ff6e15
2026-08-27T02:57:39.006+03:00 DEBUG 4512 --- [security-service] [    Test worker] o.s.security.web.FilterChainProxy        : Secured POST /auth/register
2026-08-27T02:57:39.006+03:00 DEBUG 4512 --- [security-service] [    Test worker] s.w.s.m.m.a.RequestMappingHandlerMapping : Mapped to com.n4d3sh1k4.security_service.controller.AuthController#register(RegisterRequest)
2026-08-27T02:57:39.019+03:00 DEBUG 4512 --- [security-service] [    Test worker] m.m.a.RequestResponseBodyMethodProcessor : Read "application/json;charset=UTF-8" to [RegisterRequest(firstName=Иван, lastName=Иванов, email=user@gmail.com, password=Password#4848, confi (truncated)...]
2026-08-27T02:57:39.031+03:00 DEBUG 4512 --- [security-service] [    Test worker] .m.m.a.ExceptionHandlerExceptionResolver : Using @ExceptionHandler com.n4d3sh1k4.common.advice.GlobalExceptionHandler#handleValidation(MethodArgumentNotValidException)
2026-08-27T02:57:39.032+03:00 DEBUG 4512 --- [security-service] [    Test worker] o.s.w.s.m.m.a.HttpEntityMethodProcessor  : Using 'application/json', given [*/*] and supported [application/json, application/*+json, application/yaml]
2026-08-27T02:57:39.032+03:00 DEBUG 4512 --- [security-service] [    Test worker] o.s.w.s.m.m.a.HttpEntityMethodProcessor  : Writing [ApiResponse[success=false, data=null, error=ApiError[code=VALIDATION_ERROR, message=Only Russian ema (truncated)...]
2026-08-27T02:57:39.033+03:00 TRACE 4512 --- [security-service] [    Test worker] o.s.s.w.header.writers.HstsHeaderWriter  : Not injecting HSTS header since it did not match request to [Is Secure]
[...]
2026-08-27T02:57:39.537+03:00 DEBUG 4512 --- [security-service] [    Test worker] o.s.w.s.m.m.a.HttpEntityMethodProcessor  : Using 'application/json', given [*/*] and supported [application/json, application/*+json]
2026-08-27T02:57:39.537+03:00 DEBUG 4512 --- [security-service] [    Test worker] o.s.w.s.m.m.a.HttpEntityMethodProcessor  : Nothing to write: null body
2026-08-27T02:57:39.537+03:00 TRACE 4512 --- [security-service] [    Test worker] w.c.HttpSessionSecurityContextRepository : No HttpSession currently exists
2026-08-27T02:57:39.537+03:00 TRACE 4512 --- [security-service] [    Test worker] w.c.HttpSessionSecurityContextRepository : Created SecurityContextImpl [Null authentication]
2026-08-27T02:57:39.537+03:00 TRACE 4512 --- [security-service] [    Test worker] .s.s.w.c.SupplierDeferredSecurityContext : Created SecurityContextImpl [Null authentication]
2026-08-27T02:57:39.537+03:00 TRACE 4512 --- [security-service] [    Test worker] o.s.s.w.a.AnonymousAuthenticationFilter  : Set SecurityContextHolder to AnonymousAuthenticationToken [Principal=anonymousUser, Credentials=[PROTECTED], Authenticated=true, Details=WebAuthenticationDetails [RemoteIpAddress=127.0.0.1, SessionId=null], Granted Authorities=[ROLE_ANONYMOUS]]
2026-08-27T02:57:39.538+03:00 TRACE 4512 --- [security-service] [    Test worker] o.s.s.w.header.writers.HstsHeaderWriter  : Not injecting HSTS header since it did not match request to [Is Secure]
2026-08-27T02:57:39.549+03:00 TRACE 4512 --- [security-service] [    Test worker] o.s.security.web.FilterChainProxy        : Trying to match request against DefaultSecurityFilterChain defined as 'testSecurityFilterChain' in [com.n4d3sh1k4.security_service.controller.WebMvcTestConfiguration] matching [any request] and having filters [DisableEncodeUrl, WebAsyncManagerIntegration, SecurityContextHolder, HeaderWriter, Logout, RequestCacheAware, SecurityContextHolderAwareRequest, AnonymousAuthentication, ExceptionTranslation, Authorization] (1/1)
2026-08-27T02:57:39.549+03:00 DEBUG 4512 --- [security-service] [    Test worker] o.s.security.web.FilterChainProxy        : Securing POST /auth/change-email/set-new-email
2026-08-27T02:57:39.549+03:00 TRACE 4512 --- [security-service] [    Test worker] o.s.security.web.FilterChainProxy        : Invoking DisableEncodeUrlFilter (1/10)
2026-08-27T02:57:39.549+03:00 TRACE 4512 --- [security-service] [    Test worker] o.s.security.web.FilterChainProxy        : Invoking WebAsyncManagerIntegrationFilter (2/10)
2026-08-27T02:57:39.549+03:00 TRACE 4512 --- [security-service] [    Test worker] o.s.security.web.FilterChainProxy        : Invoking SecurityContextHolderFilter (3/10)
2026-08-27T02:57:39.549+03:00 TRACE 4512 --- [security-service] [    Test worker] o.s.security.web.FilterChainProxy        : Invoking HeaderWriterFilter (4/10)
2026-08-27T02:57:39.549+03:00 TRACE 4512 --- [security-service] [    Test worker] o.s.security.web.FilterChainProxy        : Invoking LogoutFilter (5/10)
2026-08-27T02:57:39.549+03:00 TRACE 4512 --- [security-service] [    Test worker] o.s.s.w.a.logout.LogoutFilter            : Did not match request to Or [PathPattern [GET /logout], PathPattern [POST /logout], PathPattern [PUT /logout], PathPattern [DELETE /logout]]
2026-08-27T02:57:39.549+03:00 TRACE 4512 --- [security-service] [    Test worker] o.s.security.web.FilterChainProxy        : Invoking RequestCacheAwareFilter (6/10)
2026-08-27T02:57:39.549+03:00 TRACE 4512 --- [security-service] [    Test worker] o.s.s.w.s.HttpSessionRequestCache        : matchingRequestParameterName is required for getMatchingRequest to lookup a value, but not provided
2026-08-27T02:57:39.549+03:00 TRACE 4512 --- [security-service] [    Test worker] o.s.security.web.FilterChainProxy        : Invoking SecurityContextHolderAwareRequestFilter (7/10)
2026-08-27T02:57:39.549+03:00 TRACE 4512 --- [security-service] [    Test worker] o.s.security.web.FilterChainProxy        : Invoking AnonymousAuthenticationFilter (8/10)
2026-08-27T02:57:39.549+03:00 TRACE 4512 --- [security-service] [    Test worker] o.s.security.web.FilterChainProxy        : Invoking ExceptionTranslationFilter (9/10)
2026-08-27T02:57:39.549+03:00 TRACE 4512 --- [security-service] [    Test worker] o.s.security.web.FilterChainProxy        : Invoking AuthorizationFilter (10/10)
2026-08-27T02:57:39.549+03:00 TRACE 4512 --- [security-service] [    Test worker] estMatcherDelegatingAuthorizationManager : Authorizing POST /auth/change-email/set-new-email
2026-08-27T02:57:39.549+03:00 TRACE 4512 --- [security-service] [    Test worker] estMatcherDelegatingAuthorizationManager : Checking authorization on POST /auth/change-email/set-new-email using org.springframework.security.authorization.SingleResultAuthorizationManager@29ff6e15
2026-08-27T02:57:39.549+03:00 DEBUG 4512 --- [security-service] [    Test worker] o.s.security.web.FilterChainProxy        : Secured POST /auth/change-email/set-new-email
2026-08-27T02:57:39.550+03:00 DEBUG 4512 --- [security-service] [    Test worker] s.w.s.m.m.a.RequestMappingHandlerMapping : Mapped to com.n4d3sh1k4.security_service.controller.AuthController#setNewEmail(SetNewEmailRequest)
2026-08-27T02:57:39.550+03:00 DEBUG 4512 --- [security-service] [    Test worker] m.m.a.RequestResponseBodyMethodProcessor : Read "application/json;charset=UTF-8" to [SetNewEmailRequest(token=change-token, newEmail=new@mail.ru)]
2026-08-27T02:57:39.552+03:00 DEBUG 4512 --- [security-service] [    Test worker] o.s.w.s.m.m.a.HttpEntityMethodProcessor  : Using 'application/json', given [*/*] and supported [application/json, application/*+json]
2026-08-27T02:57:39.552+03:00 DEBUG 4512 --- [security-service] [    Test worker] o.s.w.s.m.m.a.HttpEntityMethodProcessor  : Nothing to write: null body
2026-08-27T02:57:39.552+03:00 TRACE 4512 --- [security-service] [    Test worker] w.c.HttpSessionSecurityContextRepository : No HttpSession currently exists
2026-08-27T02:57:39.552+03:00 TRACE 4512 --- [security-service] [    Test worker] w.c.HttpSessionSecurityContextRepository : Created SecurityContextImpl [Null authentication]
2026-08-27T02:57:39.552+03:00 TRACE 4512 --- [security-service] [    Test worker] .s.s.w.c.SupplierDeferredSecurityContext : Created SecurityContextImpl [Null authentication]
2026-08-27T02:57:39.552+03:00 TRACE 4512 --- [security-service] [    Test worker] o.s.s.w.a.AnonymousAuthenticationFilter  : Set SecurityContextHolder to AnonymousAuthenticationToken [Principal=anonymousUser, Credentials=[PROTECTED], Authenticated=true, Details=WebAuthenticationDetails [RemoteIpAddress=127.0.0.1, SessionId=null], Granted Authorities=[ROLE_ANONYMOUS]]
2026-08-27T02:57:39.552+03:00 TRACE 4512 --- [security-service] [    Test worker] o.s.s.w.header.writers.HstsHeaderWriter  : Not injecting HSTS header since it did not match request to [Is Secure]
2026-08-27T02:57:39.563+03:00 TRACE 4512 --- [security-service] [    Test worker] o.s.security.web.FilterChainProxy        : Trying to match request against DefaultSecurityFilterChain defined as 'testSecurityFilterChain' in [com.n4d3sh1k4.security_service.controller.WebMvcTestConfiguration] matching [any request] and having filters [DisableEncodeUrl, WebAsyncManagerIntegration, SecurityContextHolder, HeaderWriter, Logout, RequestCacheAware, SecurityContextHolderAwareRequest, AnonymousAuthentication, ExceptionTranslation, Authorization] (1/1)
2026-08-27T02:57:39.564+03:00 DEBUG 4512 --- [security-service] [    Test worker] o.s.security.web.FilterChainProxy        : Securing POST /auth/register
2026-08-27T02:57:39.564+03:00 TRACE 4512 --- [security-service] [    Test worker] o.s.security.web.FilterChainProxy        : Invoking DisableEncodeUrlFilter (1/10)
2026-08-27T02:57:39.564+03:00 TRACE 4512 --- [security-service] [    Test worker] o.s.security.web.FilterChainProxy        : Invoking WebAsyncManagerIntegrationFilter (2/10)
2026-08-27T02:57:39.564+03:00 TRACE 4512 --- [security-service] [    Test worker] o.s.security.web.FilterChainProxy        : Invoking SecurityContextHolderFilter (3/10)
2026-08-27T02:57:39.564+03:00 TRACE 4512 --- [security-service] [    Test worker] o.s.security.web.FilterChainProxy        : Invoking HeaderWriterFilter (4/10)
2026-08-27T02:57:39.564+03:00 TRACE 4512 --- [security-service] [    Test worker] o.s.security.web.FilterChainProxy        : Invoking LogoutFilter (5/10)
2026-08-27T02:57:39.564+03:00 TRACE 4512 --- [security-service] [    Test worker] o.s.s.w.a.logout.LogoutFilter            : Did not match request to Or [PathPattern [GET /logout], PathPattern [POST /logout], PathPattern [PUT /logout], PathPattern [DELETE /logout]]
2026-08-27T02:57:39.564+03:00 TRACE 4512 --- [security-service] [    Test worker] o.s.security.web.FilterChainProxy        : Invoking RequestCacheAwareFilter (6/10)
2026-08-27T02:57:39.564+03:00 TRACE 4512 --- [security-service] [    Test worker] o.s.s.w.s.HttpSessionRequestCache        : matchingRequestParameterName is required for getMatchingRequest to lookup a value, but not provided
2026-08-27T02:57:39.564+03:00 TRACE 4512 --- [security-service] [    Test worker] o.s.security.web.FilterChainProxy        : Invoking SecurityContextHolderAwareRequestFilter (7/10)
2026-08-27T02:57:39.564+03:00 TRACE 4512 --- [security-service] [    Test worker] o.s.security.web.FilterChainProxy        : Invoking AnonymousAuthenticationFilter (8/10)
2026-08-27T02:57:39.564+03:00 TRACE 4512 --- [security-service] [    Test worker] o.s.security.web.FilterChainProxy        : Invoking ExceptionTranslationFilter (9/10)
2026-08-27T02:57:39.564+03:00 TRACE 4512 --- [security-service] [    Test worker] o.s.security.web.FilterChainProxy        : Invoking AuthorizationFilter (10/10)
2026-08-27T02:57:39.564+03:00 TRACE 4512 --- [security-service] [    Test worker] estMatcherDelegatingAuthorizationManager : Authorizing POST /auth/register
2026-08-27T02:57:39.564+03:00 TRACE 4512 --- [security-service] [    Test worker] estMatcherDelegatingAuthorizationManager : Checking authorization on POST /auth/register using org.springframework.security.authorization.SingleResultAuthorizationManager@29ff6e15
2026-08-27T02:57:39.564+03:00 DEBUG 4512 --- [security-service] [    Test worker] o.s.security.web.FilterChainProxy        : Secured POST /auth/register
2026-08-27T02:57:39.564+03:00 DEBUG 4512 --- [security-service] [    Test worker] s.w.s.m.m.a.RequestMappingHandlerMapping : Mapped to com.n4d3sh1k4.security_service.controller.AuthController#register(RegisterRequest)
2026-08-27T02:57:39.565+03:00 DEBUG 4512 --- [security-service] [    Test worker] m.m.a.RequestResponseBodyMethodProcessor : Read "application/json;charset=UTF-8" to [RegisterRequest(firstName=John, lastName=Иванов, email=user@mail.ru, password=Password#4848, confirm (truncated)...]
2026-08-27T02:57:39.566+03:00 DEBUG 4512 --- [security-service] [    Test worker] .m.m.a.ExceptionHandlerExceptionResolver : Using @ExceptionHandler com.n4d3sh1k4.common.advice.GlobalExceptionHandler#handleValidation(MethodArgumentNotValidException)
2026-08-27T02:57:39.566+03:00 DEBUG 4512 --- [security-service] [    Test worker] o.s.w.s.m.m.a.HttpEntityMethodProcessor  : Using 'application/json', given [*/*] and supported [application/json, application/*+json, application/yaml]
2026-08-27T02:57:39.567+03:00 DEBUG 4512 --- [security-service] [    Test worker] o.s.w.s.m.m.a.HttpEntityMethodProcessor  : Writing [ApiResponse[success=false, data=null, error=ApiError[code=VALIDATION_ERROR, message=The name must be (truncated)...]
2026-08-27T02:57:39.567+03:00 TRACE 4512 --- [security-service] [    Test worker] o.s.s.w.header.writers.HstsHeaderWriter  : Not injecting HSTS header since it did not match request to [Is Secure]
2026-08-27T02:57:39.567+03:00 DEBUG 4512 --- [security-service] [    Test worker] .m.m.a.ExceptionHandlerExceptionResolver : Resolved [org.springframework.web.bind.MethodArgumentNotValidException: Validation failed for argument [0] in public org.springframework.http.ResponseEntity<java.lang.Object> com.n4d3sh1k4.security_service.controller.AuthController.register(com.n4d3sh1k4.security_service.dto.request_dto.RegisterRequest): [Field error in object 'registerRequest' on field 'firstName': rejected value [John]; codes [Pattern.registerRequest.firstName,Pattern.firstName,Pattern.java.lang.String,Pattern]; arguments [org.springframework.context.support.DefaultMessageSourceResolvable: codes [registerRequest.firstName,firstName]; arguments []; default message [firstName],[Ljakarta.validation.constraints.Pattern$Flag;@7c8d9235,^[а-яА-ЯёЁ]+(-[а-яА-ЯёЁ]+)?$]; default message [The name must be in Cyrillic and may contain a hyphen.]] ]
2026-08-27T02:57:39.568+03:00 TRACE 4512 --- [security-service] [    Test worker] w.c.HttpSessionSecurityContextRepository : No HttpSession currently exists
2026-08-27T02:57:39.568+03:00 TRACE 4512 --- [security-service] [    Test worker] w.c.HttpSessionSecurityContextRepository : Created SecurityContextImpl [Null authentication]
2026-08-27T02:57:39.568+03:00 TRACE 4512 --- [security-service] [    Test worker] .s.s.w.c.SupplierDeferredSecurityContext : Created SecurityContextImpl [Null authentication]
2026-08-27T02:57:39.568+03:00 TRACE 4512 --- [security-service] [    Test worker] o.s.s.w.a.AnonymousAuthenticationFilter  : Set SecurityContextHolder to AnonymousAuthenticationToken [Principal=anonymousUser, Credentials=[PROTECTED], Authenticated=true, Details=WebAuthenticationDetails [RemoteIpAddress=127.0.0.1, SessionId=null], Granted Authorities=[ROLE_ANONYMOUS]]
2026-08-27T02:57:39.580+03:00 TRACE 4512 --- [security-service] [    Test worker] o.s.security.web.FilterChainProxy        : Trying to match request against DefaultSecurityFilterChain defined as 'testSecurityFilterChain' in [com.n4d3sh1k4.security_service.controller.WebMvcTestConfiguration] matching [any request] and having filters [DisableEncodeUrl, WebAsyncManagerIntegration, SecurityContextHolder, HeaderWriter, Logout, RequestCacheAware, SecurityContextHolderAwareRequest, AnonymousAuthentication, ExceptionTranslation, Authorization] (1/1)
2026-08-27T02:57:39.580+03:00 DEBUG 4512 --- [security-service] [    Test worker] o.s.security.web.FilterChainProxy        : Securing POST /auth/yandex-mobile
2026-08-27T02:57:39.580+03:00 TRACE 4512 --- [security-service] [    Test worker] o.s.security.web.FilterChainProxy        : Invoking DisableEncodeUrlFilter (1/10)
2026-08-27T02:57:39.580+03:00 TRACE 4512 --- [security-service] [    Test worker] o.s.security.web.FilterChainProxy        : Invoking WebAsyncManagerIntegrationFilter (2/10)
2026-08-27T02:57:39.580+03:00 TRACE 4512 --- [security-service] [    Test worker] o.s.security.web.FilterChainProxy        : Invoking SecurityContextHolderFilter (3/10)
2026-08-27T02:57:39.580+03:00 TRACE 4512 --- [security-service] [    Test worker] o.s.security.web.FilterChainProxy        : Invoking HeaderWriterFilter (4/10)
2026-08-27T02:57:39.580+03:00 TRACE 4512 --- [security-service] [    Test worker] o.s.security.web.FilterChainProxy        : Invoking LogoutFilter (5/10)
2026-08-27T02:57:39.580+03:00 TRACE 4512 --- [security-service] [    Test worker] o.s.s.w.a.logout.LogoutFilter            : Did not match request to Or [PathPattern [GET /logout], PathPattern [POST /logout], PathPattern [PUT /logout], PathPattern [DELETE /logout]]
2026-08-27T02:57:39.580+03:00 TRACE 4512 --- [security-service] [    Test worker] o.s.security.web.FilterChainProxy        : Invoking RequestCacheAwareFilter (6/10)
2026-08-27T02:57:39.580+03:00 TRACE 4512 --- [security-service] [    Test worker] o.s.s.w.s.HttpSessionRequestCache        : matchingRequestParameterName is required for getMatchingRequest to lookup a value, but not provided
2026-08-27T02:57:39.580+03:00 TRACE 4512 --- [security-service] [    Test worker] o.s.security.web.FilterChainProxy        : Invoking SecurityContextHolderAwareRequestFilter (7/10)
2026-08-27T02:57:39.580+03:00 TRACE 4512 --- [security-service] [    Test worker] o.s.security.web.FilterChainProxy        : Invoking AnonymousAuthenticationFilter (8/10)
2026-08-27T02:57:39.580+03:00 TRACE 4512 --- [security-service] [    Test worker] o.s.security.web.FilterChainProxy        : Invoking ExceptionTranslationFilter (9/10)
2026-08-27T02:57:39.580+03:00 TRACE 4512 --- [security-service] [    Test worker] o.s.security.web.FilterChainProxy        : Invoking AuthorizationFilter (10/10)
2026-08-27T02:57:39.580+03:00 TRACE 4512 --- [security-service] [    Test worker] estMatcherDelegatingAuthorizationManager : Authorizing POST /auth/yandex-mobile
2026-08-27T02:57:39.580+03:00 TRACE 4512 --- [security-service] [    Test worker] estMatcherDelegatingAuthorizationManager : Checking authorization on POST /auth/yandex-mobile using org.springframework.security.authorization.SingleResultAuthorizationManager@29ff6e15
2026-08-27T02:57:39.580+03:00 DEBUG 4512 --- [security-service] [    Test worker] o.s.security.web.FilterChainProxy        : Secured POST /auth/yandex-mobile
2026-08-27T02:57:39.580+03:00 DEBUG 4512 --- [security-service] [    Test worker] s.w.s.m.m.a.RequestMappingHandlerMapping : Mapped to com.n4d3sh1k4.security_service.controller.AuthController#yandexMobile(YandexMobileTokenRequest, HttpServletRequest)
2026-08-27T02:57:39.583+03:00 DEBUG 4512 --- [security-service] [    Test worker] m.m.a.RequestResponseBodyMethodProcessor : Read "application/json;charset=UTF-8" to [YandexMobileTokenRequest(accessToken=y0_access_token)]
2026-08-27T02:57:39.584+03:00 DEBUG 4512 --- [security-service] [    Test worker] o.s.w.s.m.m.a.HttpEntityMethodProcessor  : Using 'application/json', given [*/*] and supported [application/json, application/*+json, application/yaml]
2026-08-27T02:57:39.585+03:00 DEBUG 4512 --- [security-service] [    Test worker] o.s.w.s.m.m.a.HttpEntityMethodProcessor  : Writing [ApiResponse[success=true, data=JwtResponse(type=Bearer, accessToken=access-token), error=null, pagin (truncated)...]
2026-08-27T02:57:39.585+03:00 TRACE 4512 --- [security-service] [    Test worker] o.s.s.w.header.writers.HstsHeaderWriter  : Not injecting HSTS header since it did not match request to [Is Secure]
2026-08-27T02:57:39.585+03:00 TRACE 4512 --- [security-service] [    Test worker] w.c.HttpSessionSecurityContextRepository : No HttpSession currently exists
2026-08-27T02:57:39.585+03:00 TRACE 4512 --- [security-service] [    Test worker] w.c.HttpSessionSecurityContextRepository : Created SecurityContextImpl [Null authentication]
2026-08-27T02:57:39.585+03:00 TRACE 4512 --- [security-service] [    Test worker] .s.s.w.c.SupplierDeferredSecurityContext : Created SecurityContextImpl [Null authentication]
2026-08-27T02:57:39.585+03:00 TRACE 4512 --- [security-service] [    Test worker] o.s.s.w.a.AnonymousAuthenticationFilter  : Set SecurityContextHolder to AnonymousAuthenticationToken [Principal=anonymousUser, Credentials=[PROTECTED], Authenticated=true, Details=WebAuthenticationDetails [RemoteIpAddress=127.0.0.1, SessionId=null], Granted Authorities=[ROLE_ANONYMOUS]]
]]></system-out>
  <system-err><![CDATA[Mockito is currently self-attaching to enable the inline-mock-maker. This will no longer work in future releases of the JDK. Please add Mockito as an agent to your build as described in Mockito's documentation: https://javadoc.io/doc/org.mockito/mockito-core/latest/org.mockito/org/mockito/Mockito.html#0.3
WARNING: A Java agent has been loaded dynamically (C:\Users\Vusez\.gradle\caches\modules-2\files-2.1\net.bytebuddy\byte-buddy-agent\1.17.8\f09415827a71be7ed621c7bd02550678f28bc81c\byte-buddy-agent-1.17.8.jar)
WARNING: If a serviceability tool is in use, please run with -XX:+EnableDynamicAgentLoading to hide this warning
WARNING: If a serviceability tool is not in use, please run with -Djdk.instrument.traceUsage for more information
WARNING: Dynamic loading of agents will be disallowed by default in a future release
]]></system-err>
</testsuite>
