<?xml version="1.0" encoding="UTF-8"?>
<testsuite name="com.n4d3sh1k4.security_service.controller.StatusControllerTest" tests="3" skipped="0" failures="0" errors="0" timestamp="2026-08-26T23:57:40.649Z" hostname="THUNDEROBOT911" time="0.051">
  <properties/>
  <testcase name="me_returnsUserIdAndRoles()" classname="com.n4d3sh1k4.security_service.controller.StatusControllerTest" time="0.026"/>
  <testcase name="hello_authenticated_returnsHello()" classname="com.n4d3sh1k4.security_service.controller.StatusControllerTest" time="0.011"/>
  <testcase name="me_userRole_returnsUserRole()" classname="com.n4d3sh1k4.security_service.controller.StatusControllerTest" time="0.01"/>
  <system-out><![CDATA[2026-08-27T02:57:40.347+03:00  INFO 4512 --- [security-service] [    Test worker] t.c.s.AnnotationConfigContextLoaderUtils : Could not detect default configuration classes for test class [com.n4d3sh1k4.security_service.controller.StatusControllerTest]: StatusControllerTest does not declare any static, non-private, non-final, nested classes annotated with @Configuration.
2026-08-27T02:57:40.360+03:00  INFO 4512 --- [security-service] [    Test worker] .b.t.c.SpringBootTestContextBootstrapper : Found @SpringBootConfiguration com.n4d3sh1k4.security_service.controller.WebMvcTestConfiguration for test class com.n4d3sh1k4.security_service.controller.StatusControllerTest
2026-08-27T02:57:40.361+03:00  INFO 4512 --- [security-service] [    Test worker] t.c.s.AnnotationConfigContextLoaderUtils : Could not detect default configuration classes for test class [com.n4d3sh1k4.security_service.controller.StatusControllerTest]: StatusControllerTest does not declare any static, non-private, non-final, nested classes annotated with @Configuration.
2026-08-27T02:57:40.371+03:00  INFO 4512 --- [security-service] [    Test worker] .b.t.c.SpringBootTestContextBootstrapper : Found @SpringBootConfiguration com.n4d3sh1k4.security_service.controller.WebMvcTestConfiguration for test class com.n4d3sh1k4.security_service.controller.StatusControllerTest

  .   ____          _            __ _ _
 /\\ / ___'_ __ _ _(_)_ __  __ _ \ \ \ \
( ( )\___ | '_ | '_| | '_ \/ _` | \ \ \ \
 \\/  ___)| |_)| | | | | || (_| |  ) ) ) )
  '  |____| .__|_| |_|_| |_\__, | / / / /
 =========|_|==============|___/=/_/_/_/

 :: Spring Boot ::                (v4.0.4)

2026-08-27T02:57:40.423+03:00  INFO 4512 --- [security-service] [    Test worker] c.n.s.controller.StatusControllerTest    : Starting StatusControllerTest using Java 25.0.1 with PID 4512 (started by Vusez in D:\Projects\IdeaProjects\N4d3sh1k4-UCust_Dev\security-service)
2026-08-27T02:57:40.423+03:00  INFO 4512 --- [security-service] [    Test worker] c.n.s.controller.StatusControllerTest    : No active profile set, falling back to 1 default profile: "default"
2026-08-27T02:57:40.425+03:00 DEBUG 4512 --- [security-service] [    Test worker] o.s.w.c.s.GenericWebApplicationContext   : Refreshing org.springframework.web.context.support.GenericWebApplicationContext@3b36f8b0
2026-08-27T02:57:40.586+03:00 TRACE 4512 --- [security-service] [    Test worker] eGlobalAuthenticationAutowiredConfigurer : Eagerly initializing {webMvcTestConfiguration=com.n4d3sh1k4.security_service.controller.WebMvcTestConfiguration$$SpringCGLIB$$0@d725e10}
2026-08-27T02:57:40.587+03:00 DEBUG 4512 --- [security-service] [    Test worker] swordEncoderAuthenticationManagerBuilder : No authenticationProviders and no parentAuthenticationManager defined. Returning null.
2026-08-27T02:57:40.600+03:00 DEBUG 4512 --- [security-service] [    Test worker] o.s.s.web.DefaultSecurityFilterChain     : Will secure any request with filters: DisableEncodeUrlFilter, WebAsyncManagerIntegrationFilter, SecurityContextHolderFilter, HeaderWriterFilter, LogoutFilter, RequestCacheAwareFilter, SecurityContextHolderAwareRequestFilter, AnonymousAuthenticationFilter, ExceptionTranslationFilter, AuthorizationFilter
2026-08-27T02:57:40.622+03:00 DEBUG 4512 --- [security-service] [    Test worker] s.w.s.m.m.a.RequestMappingHandlerMapping : 4 mappings in 'requestMappingHandlerMapping'
2026-08-27T02:57:40.626+03:00 DEBUG 4512 --- [security-service] [    Test worker] o.s.w.s.handler.SimpleUrlHandlerMapping  : Patterns [/webjars/**, /**] in 'resourceHandlerMapping'
2026-08-27T02:57:40.627+03:00 DEBUG 4512 --- [security-service] [    Test worker] s.w.s.m.m.a.RequestMappingHandlerAdapter : ControllerAdvice beans: 0 @ModelAttribute, 0 @InitBinder, 2 RequestBodyAdvice, 2 ResponseBodyAdvice
2026-08-27T02:57:40.631+03:00 DEBUG 4512 --- [security-service] [    Test worker] .m.m.a.ExceptionHandlerExceptionResolver : ControllerAdvice beans: 1 @ExceptionHandler, 2 ResponseBodyAdvice
2026-08-27T02:57:40.638+03:00 DEBUG 4512 --- [security-service] [    Test worker] yConfiguration$CompositeFilterChainProxy : Filter 'springSecurityFilterChain' configured for use
2026-08-27T02:57:40.638+03:00  INFO 4512 --- [security-service] [    Test worker] o.s.b.t.m.w.SpringBootMockServletContext : Initializing Spring TestDispatcherServlet ''
2026-08-27T02:57:40.638+03:00  INFO 4512 --- [security-service] [    Test worker] o.s.t.web.servlet.TestDispatcherServlet  : Initializing Servlet ''
2026-08-27T02:57:40.639+03:00  INFO 4512 --- [security-service] [    Test worker] o.s.t.web.servlet.TestDispatcherServlet  : Completed initialization in 1 ms
2026-08-27T02:57:40.647+03:00  INFO 4512 --- [security-service] [    Test worker] c.n.s.controller.StatusControllerTest    : Started StatusControllerTest in 0.27 seconds (process running for 16.946)
2026-08-27T02:57:40.654+03:00 TRACE 4512 --- [security-service] [    Test worker] w.c.HttpSessionSecurityContextRepository : No HttpSession currently exists
2026-08-27T02:57:40.654+03:00 TRACE 4512 --- [security-service] [    Test worker] w.c.HttpSessionSecurityContextRepository : Created SecurityContextImpl [Null authentication]
2026-08-27T02:57:40.654+03:00 TRACE 4512 --- [security-service] [    Test worker] .s.s.w.c.SupplierDeferredSecurityContext : Created SecurityContextImpl [Null authentication]
2026-08-27T02:57:40.654+03:00 DEBUG 4512 --- [security-service] [    Test worker] w.c.HttpSessionSecurityContextRepository : Created HttpSession as SecurityContext is non-default
2026-08-27T02:57:40.654+03:00 DEBUG 4512 --- [security-service] [    Test worker] w.c.HttpSessionSecurityContextRepository : Stored SecurityContextImpl [Authentication=UsernamePasswordAuthenticationToken [Principal=org.springframework.security.core.userdetails.User [Username=550e8400-e29b-41d4-a716-446655440000, Password=[PROTECTED], Enabled=true, AccountNonExpired=true, CredentialsNonExpired=true, AccountNonLocked=true, Granted Authorities=[ROLE_ADMIN]], Credentials=[PROTECTED], Authenticated=true, Details=null, Granted Authorities=[ROLE_ADMIN]]] to HttpSession [org.springframework.mock.web.MockHttpSession@1c07365c]
2026-08-27T02:57:40.654+03:00 TRACE 4512 --- [security-service] [    Test worker] o.s.security.web.FilterChainProxy        : Trying to match request against DefaultSecurityFilterChain defined as 'testSecurityFilterChain' in [com.n4d3sh1k4.security_service.controller.WebMvcTestConfiguration] matching [any request] and having filters [DisableEncodeUrl, WebAsyncManagerIntegration, SecurityContextHolder, HeaderWriter, Logout, RequestCacheAware, SecurityContextHolderAwareRequest, AnonymousAuthentication, ExceptionTranslation, Authorization] (1/1)
2026-08-27T02:57:40.654+03:00 DEBUG 4512 --- [security-service] [    Test worker] o.s.security.web.FilterChainProxy        : Securing GET /status/me
2026-08-27T02:57:40.655+03:00 TRACE 4512 --- [security-service] [    Test worker] o.s.security.web.FilterChainProxy        : Invoking DisableEncodeUrlFilter (1/10)
2026-08-27T02:57:40.655+03:00 TRACE 4512 --- [security-service] [    Test worker] o.s.security.web.FilterChainProxy        : Invoking WebAsyncManagerIntegrationFilter (2/10)
2026-08-27T02:57:40.655+03:00 TRACE 4512 --- [security-service] [    Test worker] o.s.security.web.FilterChainProxy        : Invoking SecurityContextHolderFilter (3/10)
2026-08-27T02:57:40.655+03:00 TRACE 4512 --- [security-service] [    Test worker] o.s.security.web.FilterChainProxy        : Invoking HeaderWriterFilter (4/10)
2026-08-27T02:57:40.655+03:00 TRACE 4512 --- [security-service] [    Test worker] o.s.security.web.FilterChainProxy        : Invoking LogoutFilter (5/10)
2026-08-27T02:57:40.655+03:00 TRACE 4512 --- [security-service] [    Test worker] o.s.s.w.a.logout.LogoutFilter            : Did not match request to Or [PathPattern [GET /logout], PathPattern [POST /logout], PathPattern [PUT /logout], PathPattern [DELETE /logout]]
2026-08-27T02:57:40.655+03:00 TRACE 4512 --- [security-service] [    Test worker] o.s.security.web.FilterChainProxy        : Invoking RequestCacheAwareFilter (6/10)
2026-08-27T02:57:40.655+03:00 TRACE 4512 --- [security-service] [    Test worker] o.s.s.w.s.HttpSessionRequestCache        : matchingRequestParameterName is required for getMatchingRequest to lookup a value, but not provided
2026-08-27T02:57:40.655+03:00 TRACE 4512 --- [security-service] [    Test worker] o.s.security.web.FilterChainProxy        : Invoking SecurityContextHolderAwareRequestFilter (7/10)
2026-08-27T02:57:40.655+03:00 TRACE 4512 --- [security-service] [    Test worker] o.s.security.web.FilterChainProxy        : Invoking AnonymousAuthenticationFilter (8/10)
2026-08-27T02:57:40.655+03:00 TRACE 4512 --- [security-service] [    Test worker] o.s.security.web.FilterChainProxy        : Invoking ExceptionTranslationFilter (9/10)
2026-08-27T02:57:40.655+03:00 TRACE 4512 --- [security-service] [    Test worker] o.s.security.web.FilterChainProxy        : Invoking AuthorizationFilter (10/10)
2026-08-27T02:57:40.655+03:00 TRACE 4512 --- [security-service] [    Test worker] estMatcherDelegatingAuthorizationManager : Authorizing GET /status/me
2026-08-27T02:57:40.655+03:00 TRACE 4512 --- [security-service] [    Test worker] estMatcherDelegatingAuthorizationManager : Checking authorization on GET /status/me using org.springframework.security.authorization.SingleResultAuthorizationManager@29ff6e15
2026-08-27T02:57:40.655+03:00 DEBUG 4512 --- [security-service] [    Test worker] o.s.security.web.FilterChainProxy        : Secured GET /status/me
2026-08-27T02:57:40.655+03:00 DEBUG 4512 --- [security-service] [    Test worker] s.w.s.m.m.a.RequestMappingHandlerMapping : Mapped to com.n4d3sh1k4.security_service.controller.StatusController#getCurrentUser(Authentication)
2026-08-27T02:57:40.656+03:00 TRACE 4512 --- [security-service] [    Test worker] w.c.HttpSessionSecurityContextRepository : Retrieved SecurityContextImpl [Authentication=UsernamePasswordAuthenticationToken [Principal=org.springframework.security.core.userdetails.User [Username=550e8400-e29b-41d4-a716-446655440000, Password=[PROTECTED], Enabled=true, AccountNonExpired=true, CredentialsNonExpired=true, AccountNonLocked=true, Granted Authorities=[ROLE_ADMIN]], Credentials=[PROTECTED], Authenticated=true, Details=null, Granted Authorities=[ROLE_ADMIN]]] from SPRING_SECURITY_CONTEXT
2026-08-27T02:57:40.657+03:00 TRACE 4512 --- [security-service] [    Test worker] o.s.s.w.a.AnonymousAuthenticationFilter  : Did not set SecurityContextHolder since already authenticated UsernamePasswordAuthenticationToken [Principal=org.springframework.security.core.userdetails.User [Username=550e8400-e29b-41d4-a716-446655440000, Password=[PROTECTED], Enabled=true, AccountNonExpired=true, CredentialsNonExpired=true, AccountNonLocked=true, Granted Authorities=[ROLE_ADMIN]], Credentials=[PROTECTED], Authenticated=true, Details=null, Granted Authorities=[ROLE_ADMIN]]
2026-08-27T02:57:40.662+03:00 DEBUG 4512 --- [security-service] [    Test worker] o.s.w.s.m.m.a.HttpEntityMethodProcessor  : Using 'application/json', given [*/*] and supported [application/json, application/*+json, application/yaml]
2026-08-27T02:57:40.662+03:00 DEBUG 4512 --- [security-service] [    Test worker] o.s.w.s.m.m.a.HttpEntityMethodProcessor  : Writing [ApiResponse[success=true, data={source=Gateway Headers, userId=550e8400-e29b-41d4-a716-446655440000, (truncated)...]
2026-08-27T02:57:40.672+03:00 TRACE 4512 --- [security-service] [    Test worker] o.s.s.w.header.writers.HstsHeaderWriter  : Not injecting HSTS header since it did not match request to [Is Secure]
2026-08-27T02:57:40.680+03:00 TRACE 4512 --- [security-service] [    Test worker] w.c.HttpSessionSecurityContextRepository : No HttpSession currently exists
2026-08-27T02:57:40.680+03:00 TRACE 4512 --- [security-service] [    Test worker] w.c.HttpSessionSecurityContextRepository : Created SecurityContextImpl [Null authentication]
2026-08-27T02:57:40.680+03:00 TRACE 4512 --- [security-service] [    Test worker] .s.s.w.c.SupplierDeferredSecurityContext : Created SecurityContextImpl [Null authentication]
2026-08-27T02:57:40.680+03:00 DEBUG 4512 --- [security-service] [    Test worker] w.c.HttpSessionSecurityContextRepository : Created HttpSession as SecurityContext is non-default
2026-08-27T02:57:40.680+03:00 DEBUG 4512 --- [security-service] [    Test worker] w.c.HttpSessionSecurityContextRepository : Stored SecurityContextImpl [Authentication=UsernamePasswordAuthenticationToken [Principal=org.springframework.security.core.userdetails.User [Username=550e8400-e29b-41d4-a716-446655440000, Password=[PROTECTED], Enabled=true, AccountNonExpired=true, CredentialsNonExpired=true, AccountNonLocked=true, Granted Authorities=[ROLE_USER]], Credentials=[PROTECTED], Authenticated=true, Details=null, Granted Authorities=[ROLE_USER]]] to HttpSession [org.springframework.mock.web.MockHttpSession@799f23e6]
2026-08-27T02:57:40.680+03:00 TRACE 4512 --- [security-service] [    Test worker] o.s.security.web.FilterChainProxy        : Trying to match request against DefaultSecurityFilterChain defined as 'testSecurityFilterChain' in [com.n4d3sh1k4.security_service.controller.WebMvcTestConfiguration] matching [any request] and having filters [DisableEncodeUrl, WebAsyncManagerIntegration, SecurityContextHolder, HeaderWriter, Logout, RequestCacheAware, SecurityContextHolderAwareRequest, AnonymousAuthentication, ExceptionTranslation, Authorization] (1/1)
2026-08-27T02:57:40.680+03:00 DEBUG 4512 --- [security-service] [    Test worker] o.s.security.web.FilterChainProxy        : Securing GET /status/hello
2026-08-27T02:57:40.680+03:00 TRACE 4512 --- [security-service] [    Test worker] o.s.security.web.FilterChainProxy        : Invoking DisableEncodeUrlFilter (1/10)
2026-08-27T02:57:40.680+03:00 TRACE 4512 --- [security-service] [    Test worker] o.s.security.web.FilterChainProxy        : Invoking WebAsyncManagerIntegrationFilter (2/10)
2026-08-27T02:57:40.680+03:00 TRACE 4512 --- [security-service] [    Test worker] o.s.security.web.FilterChainProxy        : Invoking SecurityContextHolderFilter (3/10)
2026-08-27T02:57:40.680+03:00 TRACE 4512 --- [security-service] [    Test worker] o.s.security.web.FilterChainProxy        : Invoking HeaderWriterFilter (4/10)
2026-08-27T02:57:40.680+03:00 TRACE 4512 --- [security-service] [    Test worker] o.s.security.web.FilterChainProxy        : Invoking LogoutFilter (5/10)
2026-08-27T02:57:40.680+03:00 TRACE 4512 --- [security-service] [    Test worker] o.s.s.w.a.logout.LogoutFilter            : Did not match request to Or [PathPattern [GET /logout], PathPattern [POST /logout], PathPattern [PUT /logout], PathPattern [DELETE /logout]]
2026-08-27T02:57:40.680+03:00 TRACE 4512 --- [security-service] [    Test worker] o.s.security.web.FilterChainProxy        : Invoking RequestCacheAwareFilter (6/10)
2026-08-27T02:57:40.680+03:00 TRACE 4512 --- [security-service] [    Test worker] o.s.s.w.s.HttpSessionRequestCache        : matchingRequestParameterName is required for getMatchingRequest to lookup a value, but not provided
2026-08-27T02:57:40.680+03:00 TRACE 4512 --- [security-service] [    Test worker] o.s.security.web.FilterChainProxy        : Invoking SecurityContextHolderAwareRequestFilter (7/10)
2026-08-27T02:57:40.680+03:00 TRACE 4512 --- [security-service] [    Test worker] o.s.security.web.FilterChainProxy        : Invoking AnonymousAuthenticationFilter (8/10)
2026-08-27T02:57:40.680+03:00 TRACE 4512 --- [security-service] [    Test worker] o.s.security.web.FilterChainProxy        : Invoking ExceptionTranslationFilter (9/10)
2026-08-27T02:57:40.680+03:00 TRACE 4512 --- [security-service] [    Test worker] o.s.security.web.FilterChainProxy        : Invoking AuthorizationFilter (10/10)
2026-08-27T02:57:40.680+03:00 TRACE 4512 --- [security-service] [    Test worker] estMatcherDelegatingAuthorizationManager : Authorizing GET /status/hello
2026-08-27T02:57:40.680+03:00 TRACE 4512 --- [security-service] [    Test worker] estMatcherDelegatingAuthorizationManager : Checking authorization on GET /status/hello using org.springframework.security.authorization.SingleResultAuthorizationManager@29ff6e15
2026-08-27T02:57:40.680+03:00 DEBUG 4512 --- [security-service] [    Test worker] o.s.security.web.FilterChainProxy        : Secured GET /status/hello
2026-08-27T02:57:40.681+03:00 DEBUG 4512 --- [security-service] [    Test worker] s.w.s.m.m.a.RequestMappingHandlerMapping : Mapped to com.n4d3sh1k4.security_service.controller.StatusController#hello()
2026-08-27T02:57:40.683+03:00 DEBUG 4512 --- [security-service] [    Test worker] m.m.a.RequestResponseBodyMethodProcessor : Using 'text/plain', given [*/*] and supported [text/plain, */*, application/json, application/*+json, application/yaml]
2026-08-27T02:57:40.684+03:00 DEBUG 4512 --- [security-service] [    Test worker] m.m.a.RequestResponseBodyMethodProcessor : Writing ["hello"]
2026-08-27T02:57:40.684+03:00 TRACE 4512 --- [security-service] [    Test worker] o.s.s.w.header.writers.HstsHeaderWriter  : Not injecting HSTS header since it did not match request to [Is Secure]
2026-08-27T02:57:40.684+03:00 TRACE 4512 --- [security-service] [    Test worker] w.c.HttpSessionSecurityContextRepository : Retrieved SecurityContextImpl [Authentication=UsernamePasswordAuthenticationToken [Principal=org.springframework.security.core.userdetails.User [Username=550e8400-e29b-41d4-a716-446655440000, Password=[PROTECTED], Enabled=true, AccountNonExpired=true, CredentialsNonExpired=true, AccountNonLocked=true, Granted Authorities=[ROLE_USER]], Credentials=[PROTECTED], Authenticated=true, Details=null, Granted Authorities=[ROLE_USER]]] from SPRING_SECURITY_CONTEXT
2026-08-27T02:57:40.684+03:00 TRACE 4512 --- [security-service] [    Test worker] o.s.s.w.a.AnonymousAuthenticationFilter  : Did not set SecurityContextHolder since already authenticated UsernamePasswordAuthenticationToken [Principal=org.springframework.security.core.userdetails.User [Username=550e8400-e29b-41d4-a716-446655440000, Password=[PROTECTED], Enabled=true, AccountNonExpired=true, CredentialsNonExpired=true, AccountNonLocked=true, Granted Authorities=[ROLE_USER]], Credentials=[PROTECTED], Authenticated=true, Details=null, Granted Authorities=[ROLE_USER]]
2026-08-27T02:57:40.692+03:00 TRACE 4512 --- [security-service] [    Test worker] w.c.HttpSessionSecurityContextRepository : No HttpSession currently exists
2026-08-27T02:57:40.692+03:00 TRACE 4512 --- [security-service] [    Test worker] w.c.HttpSessionSecurityContextRepository : Created SecurityContextImpl [Null authentication]
2026-08-27T02:57:40.692+03:00 TRACE 4512 --- [security-service] [    Test worker] .s.s.w.c.SupplierDeferredSecurityContext : Created SecurityContextImpl [Null authentication]
2026-08-27T02:57:40.692+03:00 DEBUG 4512 --- [security-service] [    Test worker] w.c.HttpSessionSecurityContextRepository : Created HttpSession as SecurityContext is non-default
2026-08-27T02:57:40.692+03:00 DEBUG 4512 --- [security-service] [    Test worker] w.c.HttpSessionSecurityContextRepository : Stored SecurityContextImpl [Authentication=UsernamePasswordAuthenticationToken [Principal=org.springframework.security.core.userdetails.User [Username=550e8400-e29b-41d4-a716-446655440000, Password=[PROTECTED], Enabled=true, AccountNonExpired=true, CredentialsNonExpired=true, AccountNonLocked=true, Granted Authorities=[ROLE_USER]], Credentials=[PROTECTED], Authenticated=true, Details=null, Granted Authorities=[ROLE_USER]]] to HttpSession [org.springframework.mock.web.MockHttpSession@77d252d6]
2026-08-27T02:57:40.694+03:00 TRACE 4512 --- [security-service] [    Test worker] o.s.security.web.FilterChainProxy        : Trying to match request against DefaultSecurityFilterChain defined as 'testSecurityFilterChain' in [com.n4d3sh1k4.security_service.controller.WebMvcTestConfiguration] matching [any request] and having filters [DisableEncodeUrl, WebAsyncManagerIntegration, SecurityContextHolder, HeaderWriter, Logout, RequestCacheAware, SecurityContextHolderAwareRequest, AnonymousAuthentication, ExceptionTranslation, Authorization] (1/1)
2026-08-27T02:57:40.694+03:00 DEBUG 4512 --- [security-service] [    Test worker] o.s.security.web.FilterChainProxy        : Securing GET /status/me
2026-08-27T02:57:40.694+03:00 TRACE 4512 --- [security-service] [    Test worker] o.s.security.web.FilterChainProxy        : Invoking DisableEncodeUrlFilter (1/10)
2026-08-27T02:57:40.694+03:00 TRACE 4512 --- [security-service] [    Test worker] o.s.security.web.FilterChainProxy        : Invoking WebAsyncManagerIntegrationFilter (2/10)
2026-08-27T02:57:40.694+03:00 TRACE 4512 --- [security-service] [    Test worker] o.s.security.web.FilterChainProxy        : Invoking SecurityContextHolderFilter (3/10)
2026-08-27T02:57:40.694+03:00 TRACE 4512 --- [security-service] [    Test worker] o.s.security.web.FilterChainProxy        : Invoking HeaderWriterFilter (4/10)
2026-08-27T02:57:40.694+03:00 TRACE 4512 --- [security-service] [    Test worker] o.s.security.web.FilterChainProxy        : Invoking LogoutFilter (5/10)
2026-08-27T02:57:40.694+03:00 TRACE 4512 --- [security-service] [    Test worker] o.s.s.w.a.logout.LogoutFilter            : Did not match request to Or [PathPattern [GET /logout], PathPattern [POST /logout], PathPattern [PUT /logout], PathPattern [DELETE /logout]]
2026-08-27T02:57:40.694+03:00 TRACE 4512 --- [security-service] [    Test worker] o.s.security.web.FilterChainProxy        : Invoking RequestCacheAwareFilter (6/10)
2026-08-27T02:57:40.694+03:00 TRACE 4512 --- [security-service] [    Test worker] o.s.s.w.s.HttpSessionRequestCache        : matchingRequestParameterName is required for getMatchingRequest to lookup a value, but not provided
2026-08-27T02:57:40.694+03:00 TRACE 4512 --- [security-service] [    Test worker] o.s.security.web.FilterChainProxy        : Invoking SecurityContextHolderAwareRequestFilter (7/10)
2026-08-27T02:57:40.694+03:00 TRACE 4512 --- [security-service] [    Test worker] o.s.security.web.FilterChainProxy        : Invoking AnonymousAuthenticationFilter (8/10)
2026-08-27T02:57:40.694+03:00 TRACE 4512 --- [security-service] [    Test worker] o.s.security.web.FilterChainProxy        : Invoking ExceptionTranslationFilter (9/10)
2026-08-27T02:57:40.694+03:00 TRACE 4512 --- [security-service] [    Test worker] o.s.security.web.FilterChainProxy        : Invoking AuthorizationFilter (10/10)
2026-08-27T02:57:40.694+03:00 TRACE 4512 --- [security-service] [    Test worker] estMatcherDelegatingAuthorizationManager : Authorizing GET /status/me
2026-08-27T02:57:40.694+03:00 TRACE 4512 --- [security-service] [    Test worker] estMatcherDelegatingAuthorizationManager : Checking authorization on GET /status/me using org.springframework.security.authorization.SingleResultAuthorizationManager@29ff6e15
2026-08-27T02:57:40.694+03:00 DEBUG 4512 --- [security-service] [    Test worker] o.s.security.web.FilterChainProxy        : Secured GET /status/me
2026-08-27T02:57:40.694+03:00 DEBUG 4512 --- [security-service] [    Test worker] s.w.s.m.m.a.RequestMappingHandlerMapping : Mapped to com.n4d3sh1k4.security_service.controller.StatusController#getCurrentUser(Authentication)
2026-08-27T02:57:40.694+03:00 TRACE 4512 --- [security-service] [    Test worker] w.c.HttpSessionSecurityContextRepository : Retrieved SecurityContextImpl [Authentication=UsernamePasswordAuthenticationToken [Principal=org.springframework.security.core.userdetails.User [Username=550e8400-e29b-41d4-a716-446655440000, Password=[PROTECTED], Enabled=true, AccountNonExpired=true, CredentialsNonExpired=true, AccountNonLocked=true, Granted Authorities=[ROLE_USER]], Credentials=[PROTECTED], Authenticated=true, Details=null, Granted Authorities=[ROLE_USER]]] from SPRING_SECURITY_CONTEXT
2026-08-27T02:57:40.695+03:00 TRACE 4512 --- [security-service] [    Test worker] o.s.s.w.a.AnonymousAuthenticationFilter  : Did not set SecurityContextHolder since already authenticated UsernamePasswordAuthenticationToken [Principal=org.springframework.security.core.userdetails.User [Username=550e8400-e29b-41d4-a716-446655440000, Password=[PROTECTED], Enabled=true, AccountNonExpired=true, CredentialsNonExpired=true, AccountNonLocked=true, Granted Authorities=[ROLE_USER]], Credentials=[PROTECTED], Authenticated=true, Details=null, Granted Authorities=[ROLE_USER]]
2026-08-27T02:57:40.695+03:00 DEBUG 4512 --- [security-service] [    Test worker] o.s.w.s.m.m.a.HttpEntityMethodProcessor  : Using 'application/json', given [*/*] and supported [application/json, application/*+json, application/yaml]
2026-08-27T02:57:40.695+03:00 DEBUG 4512 --- [security-service] [    Test worker] o.s.w.s.m.m.a.HttpEntityMethodProcessor  : Writing [ApiResponse[success=true, data={source=Gateway Headers, userId=550e8400-e29b-41d4-a716-446655440000, (truncated)...]
2026-08-27T02:57:40.696+03:00 TRACE 4512 --- [security-service] [    Test worker] o.s.s.w.header.writers.HstsHeaderWriter  : Not injecting HSTS header since it did not match request to [Is Secure]
]]></system-out>
  <system-err><![CDATA[]]></system-err>
</testsuite>
