<?xml version="1.0" encoding="UTF-8"?>
<testsuite name="com.n4d3sh1k4.security_service.controller.BanControllerTest" tests="15" skipped="0" failures="0" errors="0" timestamp="2026-08-26T23:57:40.088Z" hostname="THUNDEROBOT911" time="0.255">
  <properties/>
  <testcase name="getUserActiveBan_found_returns200()" classname="com.n4d3sh1k4.security_service.controller.BanControllerTest" time="0.041"/>
  <testcase name="unban_notFound_returns404()" classname="com.n4d3sh1k4.security_service.controller.BanControllerTest" time="0.013"/>
  <testcase name="createBan_missingUserId_returns400()" classname="com.n4d3sh1k4.security_service.controller.BanControllerTest" time="0.02"/>
  <testcase name="unban_success_returns200()" classname="com.n4d3sh1k4.security_service.controller.BanControllerTest" time="0.009"/>
  <testcase name="getActiveBans_returns200()" classname="com.n4d3sh1k4.security_service.controller.BanControllerTest" time="0.021"/>
  <testcase name="createBan_success_returns201()" classname="com.n4d3sh1k4.security_service.controller.BanControllerTest" time="0.012"/>
  <testcase name="getUserActiveBan_noBan_returns204()" classname="com.n4d3sh1k4.security_service.controller.BanControllerTest" time="0.013"/>
  <testcase name="createBan_blankReason_returns400()" classname="com.n4d3sh1k4.security_service.controller.BanControllerTest" time="0.012"/>
  <testcase name="getUserBanHistory_returns200()" classname="com.n4d3sh1k4.security_service.controller.BanControllerTest" time="0.011"/>
  <testcase name="createBan_alreadyActive_returns409()" classname="com.n4d3sh1k4.security_service.controller.BanControllerTest" time="0.013"/>
  <testcase name="isUserBanned_true_returns200()" classname="com.n4d3sh1k4.security_service.controller.BanControllerTest" time="0.01"/>
  <testcase name="unban_alreadyInactive_returns400()" classname="com.n4d3sh1k4.security_service.controller.BanControllerTest" time="0.01"/>
  <testcase name="createBan_userNotFound_returns404()" classname="com.n4d3sh1k4.security_service.controller.BanControllerTest" time="0.011"/>
  <testcase name="isUserBanned_false_returns200()" classname="com.n4d3sh1k4.security_service.controller.BanControllerTest" time="0.012"/>
  <testcase name="getActiveBans_empty_returns200()" classname="com.n4d3sh1k4.security_service.controller.BanControllerTest" time="0.016"/>
  <system-out><![CDATA[2026-08-27T02:57:39.598+03:00  INFO 4512 --- [security-service] [    Test worker] t.c.s.AnnotationConfigContextLoaderUtils : Could not detect default configuration classes for test class [com.n4d3sh1k4.security_service.controller.BanControllerTest]: BanControllerTest does not declare any static, non-private, non-final, nested classes annotated with @Configuration.
2026-08-27T02:57:39.612+03:00  INFO 4512 --- [security-service] [    Test worker] .b.t.c.SpringBootTestContextBootstrapper : Found @SpringBootConfiguration com.n4d3sh1k4.security_service.controller.WebMvcTestConfiguration for test class com.n4d3sh1k4.security_service.controller.BanControllerTest
2026-08-27T02:57:39.613+03:00  INFO 4512 --- [security-service] [    Test worker] t.c.s.AnnotationConfigContextLoaderUtils : Could not detect default configuration classes for test class [com.n4d3sh1k4.security_service.controller.BanControllerTest]: BanControllerTest does not declare any static, non-private, non-final, nested classes annotated with @Configuration.
2026-08-27T02:57:39.622+03:00  INFO 4512 --- [security-service] [    Test worker] .b.t.c.SpringBootTestContextBootstrapper : Found @SpringBootConfiguration com.n4d3sh1k4.security_service.controller.WebMvcTestConfiguration for test class com.n4d3sh1k4.security_service.controller.BanControllerTest

  .   ____          _            __ _ _
 /\\ / ___'_ __ _ _(_)_ __  __ _ \ \ \ \
( ( )\___ | '_ | '_| | '_ \/ _` | \ \ \ \
 \\/  ___)| |_)| | | | | || (_| |  ) ) ) )
  '  |____| .__|_| |_|_| |_\__, | / / / /
 =========|_|==============|___/=/_/_/_/

 :: Spring Boot ::                (v4.0.4)

2026-08-27T02:57:39.687+03:00  INFO 4512 --- [security-service] [    Test worker] c.n.s.controller.BanControllerTest       : Starting BanControllerTest using Java 25.0.1 with PID 4512 (started by Vusez in D:\Projects\IdeaProjects\N4d3sh1k4-UCust_Dev\security-service)
2026-08-27T02:57:39.687+03:00  INFO 4512 --- [security-service] [    Test worker] c.n.s.controller.BanControllerTest       : No active profile set, falling back to 1 default profile: "default"
2026-08-27T02:57:39.689+03:00 DEBUG 4512 --- [security-service] [    Test worker] o.s.w.c.s.GenericWebApplicationContext   : Refreshing org.springframework.web.context.support.GenericWebApplicationContext@62405ebc
2026-08-27T02:57:39.996+03:00 TRACE 4512 --- [security-service] [    Test worker] eGlobalAuthenticationAutowiredConfigurer : Eagerly initializing {webMvcTestConfiguration=com.n4d3sh1k4.security_service.controller.WebMvcTestConfiguration$$SpringCGLIB$$0@b513df1}
2026-08-27T02:57:39.997+03:00 DEBUG 4512 --- [security-service] [    Test worker] swordEncoderAuthenticationManagerBuilder : No authenticationProviders and no parentAuthenticationManager defined. Returning null.
2026-08-27T02:57:40.009+03:00 DEBUG 4512 --- [security-service] [    Test worker] o.s.s.web.DefaultSecurityFilterChain     : Will secure any request with filters: DisableEncodeUrlFilter, WebAsyncManagerIntegrationFilter, SecurityContextHolderFilter, HeaderWriterFilter, LogoutFilter, RequestCacheAwareFilter, SecurityContextHolderAwareRequestFilter, AnonymousAuthenticationFilter, ExceptionTranslationFilter, AuthorizationFilter
2026-08-27T02:57:40.043+03:00 DEBUG 4512 --- [security-service] [    Test worker] s.w.s.m.m.a.RequestMappingHandlerMapping : 8 mappings in 'requestMappingHandlerMapping'
2026-08-27T02:57:40.050+03:00 DEBUG 4512 --- [security-service] [    Test worker] o.s.w.s.handler.SimpleUrlHandlerMapping  : Patterns [/webjars/**, /**] in 'resourceHandlerMapping'
2026-08-27T02:57:40.054+03:00 DEBUG 4512 --- [security-service] [    Test worker] s.w.s.m.m.a.RequestMappingHandlerAdapter : ControllerAdvice beans: 0 @ModelAttribute, 0 @InitBinder, 2 RequestBodyAdvice, 2 ResponseBodyAdvice
2026-08-27T02:57:40.063+03:00 DEBUG 4512 --- [security-service] [    Test worker] .m.m.a.ExceptionHandlerExceptionResolver : ControllerAdvice beans: 1 @ExceptionHandler, 2 ResponseBodyAdvice
2026-08-27T02:57:40.072+03:00 DEBUG 4512 --- [security-service] [    Test worker] yConfiguration$CompositeFilterChainProxy : Filter 'springSecurityFilterChain' configured for use
2026-08-27T02:57:40.072+03:00  INFO 4512 --- [security-service] [    Test worker] o.s.b.t.m.w.SpringBootMockServletContext : Initializing Spring TestDispatcherServlet ''
2026-08-27T02:57:40.072+03:00  INFO 4512 --- [security-service] [    Test worker] o.s.t.web.servlet.TestDispatcherServlet  : Initializing Servlet ''
2026-08-27T02:57:40.073+03:00  INFO 4512 --- [security-service] [    Test worker] o.s.t.web.servlet.TestDispatcherServlet  : Completed initialization in 1 ms
2026-08-27T02:57:40.084+03:00  INFO 4512 --- [security-service] [    Test worker] c.n.s.controller.BanControllerTest       : Started BanControllerTest in 0.453 seconds (process running for 16.383)
2026-08-27T02:57:40.098+03:00 TRACE 4512 --- [security-service] [    Test worker] w.c.HttpSessionSecurityContextRepository : No HttpSession currently exists
2026-08-27T02:57:40.098+03:00 TRACE 4512 --- [security-service] [    Test worker] w.c.HttpSessionSecurityContextRepository : Created SecurityContextImpl [Null authentication]
2026-08-27T02:57:40.098+03:00 TRACE 4512 --- [security-service] [    Test worker] .s.s.w.c.SupplierDeferredSecurityContext : Created SecurityContextImpl [Null authentication]
2026-08-27T02:57:40.098+03:00 DEBUG 4512 --- [security-service] [    Test worker] w.c.HttpSessionSecurityContextRepository : Created HttpSession as SecurityContext is non-default
2026-08-27T02:57:40.098+03:00 DEBUG 4512 --- [security-service] [    Test worker] w.c.HttpSessionSecurityContextRepository : Stored SecurityContextImpl [Authentication=UsernamePasswordAuthenticationToken [Principal=org.springframework.security.core.userdetails.User [Username=550e8400-e29b-41d4-a716-446655440000, Password=[PROTECTED], Enabled=true, AccountNonExpired=true, CredentialsNonExpired=true, AccountNonLocked=true, Granted Authorities=[ROLE_USER]], Credentials=[PROTECTED], Authenticated=true, Details=null, Granted Authorities=[ROLE_USER]]] to HttpSession [org.springframework.mock.web.MockHttpSession@104ab57b]
2026-08-27T02:57:40.098+03:00 TRACE 4512 --- [security-service] [    Test worker] o.s.security.web.FilterChainProxy        : Trying to match request against DefaultSecurityFilterChain defined as 'testSecurityFilterChain' in [com.n4d3sh1k4.security_service.controller.WebMvcTestConfiguration] matching [any request] and having filters [DisableEncodeUrl, WebAsyncManagerIntegration, SecurityContextHolder, HeaderWriter, Logout, RequestCacheAware, SecurityContextHolderAwareRequest, AnonymousAuthentication, ExceptionTranslation, Authorization] (1/1)
2026-08-27T02:57:40.098+03:00 DEBUG 4512 --- [security-service] [    Test worker] o.s.security.web.FilterChainProxy        : Securing GET /admin/bans/user/550e8400-e29b-41d4-a716-446655440001
2026-08-27T02:57:40.098+03:00 TRACE 4512 --- [security-service] [    Test worker] o.s.security.web.FilterChainProxy        : Invoking DisableEncodeUrlFilter (1/10)
2026-08-27T02:57:40.098+03:00 TRACE 4512 --- [security-service] [    Test worker] o.s.security.web.FilterChainProxy        : Invoking WebAsyncManagerIntegrationFilter (2/10)
2026-08-27T02:57:40.099+03:00 TRACE 4512 --- [security-service] [    Test worker] o.s.security.web.FilterChainProxy        : Invoking SecurityContextHolderFilter (3/10)
2026-08-27T02:57:40.099+03:00 TRACE 4512 --- [security-service] [    Test worker] o.s.security.web.FilterChainProxy        : Invoking HeaderWriterFilter (4/10)
2026-08-27T02:57:40.099+03:00 TRACE 4512 --- [security-service] [    Test worker] o.s.security.web.FilterChainProxy        : Invoking LogoutFilter (5/10)
2026-08-27T02:57:40.099+03:00 TRACE 4512 --- [security-service] [    Test worker] o.s.s.w.a.logout.LogoutFilter            : Did not match request to Or [PathPattern [GET /logout], PathPattern [POST /logout], PathPattern [PUT /logout], PathPattern [DELETE /logout]]
2026-08-27T02:57:40.099+03:00 TRACE 4512 --- [security-service] [    Test worker] o.s.security.web.FilterChainProxy        : Invoking RequestCacheAwareFilter (6/10)
2026-08-27T02:57:40.099+03:00 TRACE 4512 --- [security-service] [    Test worker] o.s.s.w.s.HttpSessionRequestCache        : matchingRequestParameterName is required for getMatchingRequest to lookup a value, but not provided
2026-08-27T02:57:40.099+03:00 TRACE 4512 --- [security-service] [    Test worker] o.s.security.web.FilterChainProxy        : Invoking SecurityContextHolderAwareRequestFilter (7/10)
2026-08-27T02:57:40.099+03:00 TRACE 4512 --- [security-service] [    Test worker] o.s.security.web.FilterChainProxy        : Invoking AnonymousAuthenticationFilter (8/10)
2026-08-27T02:57:40.099+03:00 TRACE 4512 --- [security-service] [    Test worker] o.s.security.web.FilterChainProxy        : Invoking ExceptionTranslationFilter (9/10)
2026-08-27T02:57:40.099+03:00 TRACE 4512 --- [security-service] [    Test worker] o.s.security.web.FilterChainProxy        : Invoking AuthorizationFilter (10/10)
2026-08-27T02:57:40.099+03:00 TRACE 4512 --- [security-service] [    Test worker] estMatcherDelegatingAuthorizationManager : Authorizing GET /admin/bans/user/550e8400-e29b-41d4-a716-446655440001
2026-08-27T02:57:40.099+03:00 TRACE 4512 --- [security-service] [    Test worker] estMatcherDelegatingAuthorizationManager : Checking authorization on GET /admin/bans/user/550e8400-e29b-41d4-a716-446655440001 using org.springframework.security.authorization.SingleResultAuthorizationManager@29ff6e15
2026-08-27T02:57:40.099+03:00 DEBUG 4512 --- [security-service] [    Test worker] o.s.security.web.FilterChainProxy        : Secured GET /admin/bans/user/550e8400-e29b-41d4-a716-446655440001
2026-08-27T02:57:40.100+03:00 DEBUG 4512 --- [security-service] [    Test worker] s.w.s.m.m.a.RequestMappingHandlerMapping : Mapped to com.n4d3sh1k4.security_service.controller.BanController#getUserActiveBan(UUID)
2026-08-27T02:57:40.108+03:00 DEBUG 4512 --- [security-service] [    Test worker] o.s.w.s.m.m.a.HttpEntityMethodProcessor  : Using 'application/json', given [*/*] and supported [application/json, application/*+json, application/yaml]
2026-08-27T02:57:40.115+03:00 DEBUG 4512 --- [security-service] [    Test worker] o.s.w.s.m.m.a.HttpEntityMethodProcessor  : Writing [ApiResponse[success=true, data=BanResponse[id=11111111-2222-3333-4444-555555555555, userId=550e8400- (truncated)...]
2026-08-27T02:57:40.125+03:00 TRACE 4512 --- [security-service] [    Test worker] o.s.s.w.header.writers.HstsHeaderWriter  : Not injecting HSTS header since it did not match request to [Is Secure]
2026-08-27T02:57:40.125+03:00 TRACE 4512 --- [security-service] [    Test worker] w.c.HttpSessionSecurityContextRepository : Retrieved SecurityContextImpl [Authentication=UsernamePasswordAuthenticationToken [Principal=org.springframework.security.core.userdetails.User [Username=550e8400-e29b-41d4-a716-446655440000, Password=[PROTECTED], Enabled=true, AccountNonExpired=true, CredentialsNonExpired=true, AccountNonLocked=true, Granted Authorities=[ROLE_USER]], Credentials=[PROTECTED], Authenticated=true, Details=null, Granted Authorities=[ROLE_USER]]] from SPRING_SECURITY_CONTEXT
2026-08-27T02:57:40.125+03:00 TRACE 4512 --- [security-service] [    Test worker] o.s.s.w.a.AnonymousAuthenticationFilter  : Did not set SecurityContextHolder since already authenticated UsernamePasswordAuthenticationToken [Principal=org.springframework.security.core.userdetails.User [Username=550e8400-e29b-41d4-a716-446655440000, Password=[PROTECTED], Enabled=true, AccountNonExpired=true, CredentialsNonExpired=true, AccountNonLocked=true, Granted Authorities=[ROLE_USER]], Credentials=[PROTECTED], Authenticated=true, Details=null, Granted Authorities=[ROLE_USER]]
2026-08-27T02:57:40.134+03:00 TRACE 4512 --- [security-service] [    Test worker] w.c.HttpSessionSecurityContextRepository : No HttpSession currently exists
2026-08-27T02:57:40.134+03:00 TRACE 4512 --- [security-service] [    Test worker] w.c.HttpSessionSecurityContextRepository : Created SecurityContextImpl [Null authentication]
2026-08-27T02:57:40.134+03:00 TRACE 4512 --- [security-service] [    Test worker] .s.s.w.c.SupplierDeferredSecurityContext : Created SecurityContextImpl [Null authentication]
2026-08-27T02:57:40.134+03:00 DEBUG 4512 --- [security-service] [    Test worker] w.c.HttpSessionSecurityContextRepository : Created HttpSession as SecurityContext is non-default
2026-08-27T02:57:40.134+03:00 DEBUG 4512 --- [security-service] [    Test worker] w.c.HttpSessionSecurityContextRepository : Stored SecurityContextImpl [Authentication=UsernamePasswordAuthenticationToken [Principal=org.springframework.security.core.userdetails.User [Username=550e8400-e29b-41d4-a716-446655440000, Password=[PROTECTED], Enabled=true, AccountNonExpired=true, CredentialsNonExpired=true, AccountNonLocked=true, Granted Authorities=[ROLE_USER]], Credentials=[PROTECTED], Authenticated=true, Details=null, Granted Authorities=[ROLE_USER]]] to HttpSession [org.springframework.mock.web.MockHttpSession@6699408b]
2026-08-27T02:57:40.134+03:00 TRACE 4512 --- [security-service] [    Test worker] o.s.security.web.FilterChainProxy        : Trying to match request against DefaultSecurityFilterChain defined as 'testSecurityFilterChain' in [com.n4d3sh1k4.security_service.controller.WebMvcTestConfiguration] matching [any request] and having filters [DisableEncodeUrl, WebAsyncManagerIntegration, SecurityContextHolder, HeaderWriter, Logout, RequestCacheAware, SecurityContextHolderAwareRequest, AnonymousAuthentication, ExceptionTranslation, Authorization] (1/1)
2026-08-27T02:57:40.134+03:00 DEBUG 4512 --- [security-service] [    Test worker] o.s.security.web.FilterChainProxy        : Securing POST /admin/bans/11111111-2222-3333-4444-555555555555/unban
2026-08-27T02:57:40.134+03:00 TRACE 4512 --- [security-service] [    Test worker] o.s.security.web.FilterChainProxy        : Invoking DisableEncodeUrlFilter (1/10)
2026-08-27T02:57:40.134+03:00 TRACE 4512 --- [security-service] [    Test worker] o.s.security.web.FilterChainProxy        : Invoking WebAsyncManagerIntegrationFilter (2/10)
2026-08-27T02:57:40.134+03:00 TRACE 4512 --- [security-service] [    Test worker] o.s.security.web.FilterChainProxy        : Invoking SecurityContextHolderFilter (3/10)
2026-08-27T02:57:40.135+03:00 TRACE 4512 --- [security-service] [    Test worker] o.s.security.web.FilterChainProxy        : Invoking HeaderWriterFilter (4/10)
2026-08-27T02:57:40.135+03:00 TRACE 4512 --- [security-service] [    Test worker] o.s.security.web.FilterChainProxy        : Invoking LogoutFilter (5/10)
2026-08-27T02:57:40.135+03:00 TRACE 4512 --- [security-service] [    Test worker] o.s.s.w.a.logout.LogoutFilter            : Did not match request to Or [PathPattern [GET /logout], PathPattern [POST /logout], PathPattern [PUT /logout], PathPattern [DELETE /logout]]
2026-08-27T02:57:40.135+03:00 TRACE 4512 --- [security-service] [    Test worker] o.s.security.web.FilterChainProxy        : Invoking RequestCacheAwareFilter (6/10)
2026-08-27T02:57:40.135+03:00 TRACE 4512 --- [security-service] [    Test worker] o.s.s.w.s.HttpSessionRequestCache        : matchingRequestParameterName is required for getMatchingRequest to lookup a value, but not provided
2026-08-27T02:57:40.135+03:00 TRACE 4512 --- [security-service] [    Test worker] o.s.security.web.FilterChainProxy        : Invoking SecurityContextHolderAwareRequestFilter (7/10)
2026-08-27T02:57:40.135+03:00 TRACE 4512 --- [security-service] [    Test worker] o.s.security.web.FilterChainProxy        : Invoking AnonymousAuthenticationFilter (8/10)
2026-08-27T02:57:40.135+03:00 TRACE 4512 --- [security-service] [    Test worker] o.s.security.web.FilterChainProxy        : Invoking ExceptionTranslationFilter (9/10)
2026-08-27T02:57:40.135+03:00 TRACE 4512 --- [security-service] [    Test worker] o.s.security.web.FilterChainProxy        : Invoking AuthorizationFilter (10/10)
2026-08-27T02:57:40.135+03:00 TRACE 4512 --- [security-service] [    Test worker] estMatcherDelegatingAuthorizationManager : Authorizing POST /admin/bans/11111111-2222-3333-4444-555555555555/unban
2026-08-27T02:57:40.135+03:00 TRACE 4512 --- [security-service] [    Test worker] estMatcherDelegatingAuthorizationManager : Checking authorization on POST /admin/bans/11111111-2222-3333-4444-555555555555/unban using org.springframework.security.authorization.SingleResultAuthorizationManager@29ff6e15
2026-08-27T02:57:40.135+03:00 DEBUG 4512 --- [security-service] [    Test worker] o.s.security.web.FilterChainProxy        : Secured POST /admin/bans/11111111-2222-3333-4444-555555555555/unban
2026-08-27T02:57:40.135+03:00 DEBUG 4512 --- [security-service] [    Test worker] s.w.s.m.m.a.RequestMappingHandlerMapping : Mapped to com.n4d3sh1k4.security_service.controller.BanController#unban(UUID)
2026-08-27T02:57:40.137+03:00 DEBUG 4512 --- [security-service] [    Test worker] .m.m.a.ExceptionHandlerExceptionResolver : Using @ExceptionHandler com.n4d3sh1k4.common.advice.GlobalExceptionHandler#handleBaseException(BaseException)
2026-08-27T02:57:40.140+03:00 DEBUG 4512 --- [security-service] [    Test worker] o.s.w.s.m.m.a.HttpEntityMethodProcessor  : Using 'application/json', given [*/*] and supported [application/json, application/*+json, application/yaml]
2026-08-27T02:57:40.140+03:00 DEBUG 4512 --- [security-service] [    Test worker] o.s.w.s.m.m.a.HttpEntityMethodProcessor  : Writing [ApiResponse[success=false, data=null, error=ApiError[code=NOT_FOUND, message=Ban not found], paginat (truncated)...]
2026-08-27T02:57:40.141+03:00 TRACE 4512 --- [security-service] [    Test worker] o.s.s.w.header.writers.HstsHeaderWriter  : Not injecting HSTS header since it did not match request to [Is Secure]
2026-08-27T02:57:40.141+03:00 DEBUG 4512 --- [security-service] [    Test worker] .m.m.a.ExceptionHandlerExceptionResolver : Resolved [com.n4d3sh1k4.common.exception.ContentNotFoundException: Ban not found]
2026-08-27T02:57:40.141+03:00 TRACE 4512 --- [security-service] [    Test worker] w.c.HttpSessionSecurityContextRepository : Retrieved SecurityContextImpl [Authentication=UsernamePasswordAuthenticationToken [Principal=org.springframework.security.core.userdetails.User [Username=550e8400-e29b-41d4-a716-446655440000, Password=[PROTECTED], Enabled=true, AccountNonExpired=true, CredentialsNonExpired=true, AccountNonLocked=true, Granted Authorities=[ROLE_USER]], Credentials=[PROTECTED], Authenticated=true, Details=null, Granted Authorities=[ROLE_USER]]] from SPRING_SECURITY_CONTEXT
2026-08-27T02:57:40.141+03:00 TRACE 4512 --- [security-service] [    Test worker] o.s.s.w.a.AnonymousAuthenticationFilter  : Did not set SecurityContextHolder since already authenticated UsernamePasswordAuthenticationToken [Principal=org.springframework.security.core.userdetails.User [Username=550e8400-e29b-41d4-a716-446655440000, Password=[PROTECTED], Enabled=true, AccountNonExpired=true, CredentialsNonExpired=true, AccountNonLocked=true, Granted Authorities=[ROLE_USER]], Credentials=[PROTECTED], Authenticated=true, Details=null, Granted Authorities=[ROLE_USER]]
2026-08-27T02:57:40.150+03:00 TRACE 4512 --- [security-service] [    Test worker] w.c.HttpSessionSecurityContextRepository : No HttpSession currently exists
2026-08-27T02:57:40.150+03:00 TRACE 4512 --- [security-service] [    Test worker] w.c.HttpSessionSecurityContextRepository : Created SecurityContextImpl [Null authentication]
2026-08-27T02:57:40.150+03:00 TRACE 4512 --- [security-service] [    Test worker] .s.s.w.c.SupplierDeferredSecurityContext : Created SecurityContextImpl [Null authentication]
2026-08-27T02:57:40.150+03:00 DEBUG 4512 --- [security-service] [    Test worker] w.c.HttpSessionSecurityContextRepository : Created HttpSession as SecurityContext is non-default
2026-08-27T02:57:40.150+03:00 DEBUG 4512 --- [security-service] [    Test worker] w.c.HttpSessionSecurityContextRepository : Stored SecurityContextImpl [Authentication=UsernamePasswordAuthenticationToken [Principal=org.springframework.security.core.userdetails.User [Username=550e8400-e29b-41d4-a716-446655440000, Password=[PROTECTED], Enabled=true, AccountNonExpired=true, CredentialsNonExpired=true, AccountNonLocked=true, Granted Authorities=[ROLE_USER]], Credentials=[PROTECTED], Authenticated=true, Details=null, Granted Authorities=[ROLE_USER]]] to HttpSession [org.springframework.mock.web.MockHttpSession@24257f51]
2026-08-27T02:57:40.150+03:00 TRACE 4512 --- [security-service] [    Test worker] o.s.security.web.FilterChainProxy        : Trying to match request against DefaultSecurityFilterChain defined as 'testSecurityFilterChain' in [com.n4d3sh1k4.security_service.controller.WebMvcTestConfiguration] matching [any request] and having filters [DisableEncodeUrl, WebAsyncManagerIntegration, SecurityContextHolder, HeaderWriter, Logout, RequestCacheAware, SecurityContextHolderAwareRequest, AnonymousAuthentication, ExceptionTranslation, Authorization] (1/1)
2026-08-27T02:57:40.150+03:00 DEBUG 4512 --- [security-service] [    Test worker] o.s.security.web.FilterChainProxy        : Securing POST /admin/bans
2026-08-27T02:57:40.150+03:00 TRACE 4512 --- [security-service] [    Test worker] o.s.security.web.FilterChainProxy        : Invoking DisableEncodeUrlFilter (1/10)
2026-08-27T02:57:40.150+03:00 TRACE 4512 --- [security-service] [    Test worker] o.s.security.web.FilterChainProxy        : Invoking WebAsyncManagerIntegrationFilter (2/10)
2026-08-27T02:57:40.150+03:00 TRACE 4512 --- [security-service] [    Test worker] o.s.security.web.FilterChainProxy        : Invoking SecurityContextHolderFilter (3/10)
2026-08-27T02:57:40.150+03:00 TRACE 4512 --- [security-service] [    Test worker] o.s.security.web.FilterChainProxy        : Invoking HeaderWriterFilter (4/10)
2026-08-27T02:57:40.151+03:00 TRACE 4512 --- [security-service] [    Test worker] o.s.security.web.FilterChainProxy        : Invoking LogoutFilter (5/10)
2026-08-27T02:57:40.151+03:00 TRACE 4512 --- [security-service] [    Test worker] o.s.s.w.a.logout.LogoutFilter            : Did not match request to Or [PathPattern [GET /logout], PathPattern [POST /logout], PathPattern [PUT /logout], PathPattern [DELETE /logout]]
2026-08-27T02:57:40.151+03:00 TRACE 4512 --- [security-service] [    Test worker] o.s.security.web.FilterChainProxy        : Invoking RequestCacheAwareFilter (6/10)
2026-08-27T02:57:40.151+03:00 TRACE 4512 --- [security-service] [    Test worker] o.s.s.w.s.HttpSessionRequestCache        : matchingRequestParameterName is required for getMatchingRequest to lookup a value, but not provided
2026-08-27T02:57:40.151+03:00 TRACE 4512 --- [security-service] [    Test worker] o.s.security.web.FilterChainProxy        : Invoking SecurityContextHolderAwareRequestFilter (7/10)
2026-08-27T02:57:40.151+03:00 TRACE 4512 --- [security-service] [    Test worker] o.s.security.web.FilterChainProxy        : Invoking AnonymousAuthenticationFilter (8/10)
2026-08-27T02:57:40.151+03:00 TRACE 4512 --- [security-service] [    Test worker] o.s.security.web.FilterChainProxy        : Invoking ExceptionTranslationFilter (9/10)
2026-08-27T02:57:40.151+03:00 TRACE 4512 --- [security-service] [    Test worker] o.s.security.web.FilterChainProxy        : Invoking AuthorizationFilter (10/10)
2026-08-27T02:57:40.151+03:00 TRACE 4512 --- [security-service] [    Test worker] estMatcherDelegatingAuthorizationManager : Authorizing POST /admin/bans
2026-08-27T02:57:40.151+03:00 TRACE 4512 --- [security-service] [    Test worker] estMatcherDelegatingAuthorizationManager : Checking authorization on POST /admin/bans using org.springframework.security.authorization.SingleResultAuthorizationManager@29ff6e15
2026-08-27T02:57:40.151+03:00 DEBUG 4512 --- [security-service] [    Test worker] o.s.security.web.FilterChainProxy        : Secured POST /admin/bans
2026-08-27T02:57:40.151+03:00 DEBUG 4512 --- [security-service] [    Test worker] s.w.s.m.m.a.RequestMappingHandlerMapping : Mapped to com.n4d3sh1k4.security_service.controller.BanController#createBan(CreateBanRequest, Authentication)
2026-08-27T02:57:40.157+03:00 DEBUG 4512 --- [security-service] [    Test worker] m.m.a.RequestResponseBodyMethodProcessor : Read "application/json;charset=UTF-8" to [CreateBanRequest(userId=null, reason=Нарушение правил платформы, expiresAt=null)]
2026-08-27T02:57:40.163+03:00 DEBUG 4512 --- [security-service] [    Test worker] .m.m.a.ExceptionHandlerExceptionResolver : Using @ExceptionHandler com.n4d3sh1k4.common.advice.GlobalExceptionHandler#handleValidation(MethodArgumentNotValidException)
2026-08-27T02:57:40.163+03:00 DEBUG 4512 --- [security-service] [    Test worker] o.s.w.s.m.m.a.HttpEntityMethodProcessor  : Using 'application/json', given [*/*] and supported [application/json, application/*+json, application/yaml]
2026-08-27T02:57:40.163+03:00 DEBUG 4512 --- [security-service] [    Test worker] o.s.w.s.m.m.a.HttpEntityMethodProcessor  : Writing [ApiResponse[success=false, data=null, error=ApiError[code=VALIDATION_ERROR, message=must not be null (truncated)...]
2026-08-27T02:57:40.164+03:00 TRACE 4512 --- [security-service] [    Test worker] o.s.s.w.header.writers.HstsHeaderWriter  : Not injecting HSTS header since it did not match request to [Is Secure]
2026-08-27T02:57:40.164+03:00 DEBUG 4512 --- [security-service] [    Test worker] .m.m.a.ExceptionHandlerExceptionResolver : Resolved [org.springframework.web.bind.MethodArgumentNotValidException: Validation failed for argument [0] in public org.springframework.http.ResponseEntity<com.n4d3sh1k4.security_service.dto.BanResponse> com.n4d3sh1k4.security_service.controller.BanController.createBan(com.n4d3sh1k4.security_service.dto.request_dto.CreateBanRequest,org.springframework.security.core.Authentication): [Field error in object 'createBanRequest' on field 'userId': rejected value [null]; codes [NotNull.createBanRequest.userId,NotNull.userId,NotNull.java.util.UUID,NotNull]; arguments [org.springframework.context.support.DefaultMessageSourceResolvable: codes [createBanRequest.userId,userId]; arguments []; default message [userId]]; default message [must not be null]] ]
2026-08-27T02:57:40.164+03:00 TRACE 4512 --- [security-service] [    Test worker] w.c.HttpSessionSecurityContextRepository : Retrieved SecurityContextImpl [Authentication=UsernamePasswordAuthenticationToken [Principal=org.springframework.security.core.userdetails.User [Username=550e8400-e29b-41d4-a716-446655440000, Password=[PROTECTED], Enabled=true, AccountNonExpired=true, CredentialsNonExpired=true, AccountNonLocked=true, Granted Authorities=[ROLE_USER]], Credentials=[PROTECTED], Authenticated=true, Details=null, Granted Authorities=[ROLE_USER]]] from SPRING_SECURITY_CONTEXT
2026-08-27T02:57:40.164+03:00 TRACE 4512 --- [security-service] [    Test worker] o.s.s.w.a.AnonymousAuthenticationFilter  : Did not set SecurityContextHolder since already authenticated UsernamePasswordAuthenticationToken [Principal=org.springframework.security.core.userdetails.User [Username=550e8400-e29b-41d4-a716-446655440000, Password=[PROTECTED], Enabled=true, AccountNonExpired=true, CredentialsNonExpired=true, AccountNonLocked=true, Granted Authorities=[ROLE_USER]], Credentials=[PROTECTED], Authenticated=true, Details=null, Granted Authorities=[ROLE_USER]]
2026-08-27T02:57:40.172+03:00 TRACE 4512 --- [security-service] [    Test worker] w.c.HttpSessionSecurityContextRepository : No HttpSession currently exists
2026-08-27T02:57:40.172+03:00 TRACE 4512 --- [security-service] [    Test worker] w.c.HttpSessionSecurityContextRepository : Created SecurityContextImpl [Null authentication]
2026-08-27T02:57:40.172+03:00 TRACE 4512 --- [security-service] [    Test worker] .s.s.w.c.SupplierDeferredSecurityContext : Created SecurityContextImpl [Null authentication]
2026-08-27T02:57:40.172+03:00 DEBUG 4512 --- [security-service] [    Test worker] w.c.HttpSessionSecurityContextRepository : Created HttpSession as SecurityContext is non-default
2026-08-27T02:57:40.172+03:00 DEBUG 4512 --- [security-service] [    Test worker] w.c.HttpSessionSecurityContextRepository : Stored SecurityContextImpl [Authentication=UsernamePasswordAuthenticationToken [Principal=org.springframework.security.core.userdetails.User [Username=550e8400-e29b-41d4-a716-446655440000, Password=[PROTECTED], Enabled=true, AccountNonExpired=true, CredentialsNonExpired=true, AccountNonLocked=true, Granted Authorities=[ROLE_USER]], Credentials=[PROTECTED], Authenticated=true, Details=null, Granted Authorities=[ROLE_USER]]] to HttpSession [org.springframework.mock.web.MockHttpSession@71951028]
2026-08-27T02:57:40.173+03:00 TRACE 4512 --- [security-service] [    Test worker] o.s.security.web.FilterChainProxy        : Trying to match request against DefaultSecurityFilterChain defined as 'testSecurityFilterChain' in [com.n4d3sh1k4.security_service.controller.WebMvcTestConfiguration] matching [any request] and having filters [DisableEncodeUrl, WebAsyncManagerIntegration, SecurityContextHolder, HeaderWriter, Logout, RequestCacheAware, SecurityContextHolderAwareRequest, AnonymousAuthentication, ExceptionTranslation, Authorization] (1/1)
2026-08-27T02:57:40.173+03:00 DEBUG 4512 --- [security-service] [    Test worker] o.s.security.web.FilterChainProxy        : Securing POST /admin/bans/11111111-2222-3333-4444-555555555555/unban
2026-08-27T02:57:40.173+03:00 TRACE 4512 --- [security-service] [    Test worker] o.s.security.web.FilterChainProxy        : Invoking DisableEncodeUrlFilter (1/10)
2026-08-27T02:57:40.173+03:00 TRACE 4512 --- [security-service] [    Test worker] o.s.security.web.FilterChainProxy        : Invoking WebAsyncManagerIntegrationFilter (2/10)
2026-08-27T02:57:40.173+03:00 TRACE 4512 --- [security-service] [    Test worker] o.s.security.web.FilterChainProxy        : Invoking SecurityContextHolderFilter (3/10)
2026-08-27T02:57:40.173+03:00 TRACE 4512 --- [security-service] [    Test worker] o.s.security.web.FilterChainProxy        : Invoking HeaderWriterFilter (4/10)
2026-08-27T02:57:40.173+03:00 TRACE 4512 --- [security-service] [    Test worker] o.s.security.web.FilterChainProxy        : Invoking LogoutFilter (5/10)
2026-08-27T02:57:40.173+03:00 TRACE 4512 --- [security-service] [    Test worker] o.s.s.w.a.logout.LogoutFilter            : Did not match request to Or [PathPattern [GET /logout], PathPattern [POST /logout], PathPattern [PUT /logout], PathPattern [DELETE /logout]]
2026-08-27T02:57:40.173+03:00 TRACE 4512 --- [security-service] [    Test worker] o.s.security.web.FilterChainProxy        : Invoking RequestCacheAwareFilter (6/10)
2026-08-27T02:57:40.173+03:00 TRACE 4512 --- [security-service] [    Test worker] o.s.s.w.s.HttpSessionRequestCache        : matchingRequestParameterName is required for getMatchingRequest to lookup a value, but not provided
2026-08-27T02:57:40.173+03:00 TRACE 4512 --- [security-service] [    Test worker] o.s.security.web.FilterChainProxy        : Invoking SecurityContextHolderAwareRequestFilter (7/10)
2026-08-27T02:57:40.173+03:00 TRACE 4512 --- [security-service] [    Test worker] o.s.security.web.FilterChainProxy        : Invoking AnonymousAuthenticationFilter (8/10)
2026-08-27T02:57:40.173+03:00 TRACE 4512 --- [security-service] [    Test worker] o.s.security.web.FilterChainProxy        : Invoking ExceptionTranslationFilter (9/10)
2026-08-27T02:57:40.173+03:00 TRACE 4512 --- [security-service] [    Test worker] o.s.security.web.FilterChainProxy        : Invoking AuthorizationFilter (10/10)
2026-08-27T02:57:40.173+03:00 TRACE 4512 --- [security-service] [    Test worker] estMatcherDelegatingAuthorizationManager : Authorizing POST /admin/bans/11111111-2222-3333-4444-555555555555/unban
2026-08-27T02:57:40.173+03:00 TRACE 4512 --- [security-service] [    Test worker] estMatcherDelegatingAuthorizationManager : Checking authorization on POST /admin/bans/11111111-2222-3333-4444-555555555555/unban using org.springframework.security.authorization.SingleResultAuthorizationManager@29ff6e15
2026-08-27T02:57:40.173+03:00 DEBUG 4512 --- [security-service] [    Test worker] o.s.security.web.FilterChainProxy        : Secured POST /admin/bans/11111111-2222-3333-4444-555555555555/unban
2026-08-27T02:57:40.173+03:00 DEBUG 4512 --- [security-service] [    Test worker] s.w.s.m.m.a.RequestMappingHandlerMapping : Mapped to com.n4d3sh1k4.security_service.controller.BanController#unban(UUID)
2026-08-27T02:57:40.175+03:00 DEBUG 4512 --- [security-service] [    Test worker] o.s.w.s.m.m.a.HttpEntityMethodProcessor  : Using 'application/json', given [*/*] and supported [application/json, application/*+json, application/yaml]
2026-08-27T02:57:40.175+03:00 DEBUG 4512 --- [security-service] [    Test worker] o.s.w.s.m.m.a.HttpEntityMethodProcessor  : Nothing to write: null body
2026-08-27T02:57:40.175+03:00 TRACE 4512 --- [security-service] [    Test worker] w.c.HttpSessionSecurityContextRepository : Retrieved SecurityContextImpl [Authentication=UsernamePasswordAuthenticationToken [Principal=org.springframework.security.core.userdetails.User [Username=550e8400-e29b-41d4-a716-446655440000, Password=[PROTECTED], Enabled=true, AccountNonExpired=true, CredentialsNonExpired=true, AccountNonLocked=true, Granted Authorities=[ROLE_USER]], Credentials=[PROTECTED], Authenticated=true, Details=null, Granted Authorities=[ROLE_USER]]] from SPRING_SECURITY_CONTEXT
2026-08-27T02:57:40.175+03:00 TRACE 4512 --- [security-service] [    Test worker] o.s.s.w.a.AnonymousAuthenticationFilter  : Did not set SecurityContextHolder since already authenticated UsernamePasswordAuthenticationToken [Principal=org.springframework.security.core.userdetails.User [Username=550e8400-e29b-41d4-a716-446655440000, Password=[PROTECTED], Enabled=true, AccountNonExpired=true, CredentialsNonExpired=true, AccountNonLocked=true, Granted Authorities=[ROLE_USER]], Credentials=[PROTECTED], Authenticated=true, Details=null, Granted Authorities=[ROLE_USER]]
2026-08-27T02:57:40.176+03:00 TRACE 4512 --- [security-service] [    Test worker] o.s.s.w.header.writers.HstsHeaderWriter  : Not injecting HSTS header since it did not match request to [Is Secure]
2026-08-27T02:57:40.183+03:00 TRACE 4512 --- [security-service] [    Test worker] w.c.HttpSessionSecurityContextRepository : No HttpSession currently exists
2026-08-27T02:57:40.183+03:00 TRACE 4512 --- [security-service] [    Test worker] w.c.HttpSessionSecurityContextRepository : Created SecurityContextImpl [Null authentication]
2026-08-27T02:57:40.183+03:00 TRACE 4512 --- [security-service] [    Test worker] .s.s.w.c.SupplierDeferredSecurityContext : Created SecurityContextImpl [Null authentication]
2026-08-27T02:57:40.183+03:00 DEBUG 4512 --- [security-service] [    Test worker] w.c.HttpSessionSecurityContextRepository : Created HttpSession as SecurityContext is non-default
2026-08-27T02:57:40.183+03:00 DEBUG 4512 --- [security-service] [    Test worker] w.c.HttpSessionSecurityContextRepository : Stored SecurityContextImpl [Authentication=UsernamePasswordAuthenticationToken [Principal=org.springframework.security.core.userdetails.User [Username=550e8400-e29b-41d4-a716-446655440000, Password=[PROTECTED], Enabled=true, AccountNonExpired=true, CredentialsNonExpired=true, AccountNonLocked=true, Granted Authorities=[ROLE_USER]], Credentials=[PROTECTED], Authenticated=true, Details=null, Granted Authorities=[ROLE_USER]]] to HttpSession [org.springframework.mock.web.MockHttpSession@393d64d2]
2026-08-27T02:57:40.183+03:00 TRACE 4512 --- [security-service] [    Test worker] o.s.security.web.FilterChainProxy        : Trying to match request against DefaultSecurityFilterChain defined as 'testSecurityFilterChain' in [com.n4d3sh1k4.security_service.controller.WebMvcTestConfiguration] matching [any request] and having filters [DisableEncodeUrl, WebAsyncManagerIntegration, SecurityContextHolder, HeaderWriter, Logout, RequestCacheAware, SecurityContextHolderAwareRequest, AnonymousAuthentication, ExceptionTranslation, Authorization] (1/1)
2026-08-27T02:57:40.183+03:00 DEBUG 4512 --- [security-service] [    Test worker] o.s.security.web.FilterChainProxy        : Securing GET /admin/bans
2026-08-27T02:57:40.183+03:00 TRACE 4512 --- [security-service] [    Test worker] o.s.security.web.FilterChainProxy        : Invoking DisableEncodeUrlFilter (1/10)
2026-08-27T02:57:40.183+03:00 TRACE 4512 --- [security-service] [    Test worker] o.s.security.web.FilterChainProxy        : Invoking WebAsyncManagerIntegrationFilter (2/10)
2026-08-27T02:57:40.183+03:00 TRACE 4512 --- [security-service] [    Test worker] o.s.security.web.FilterChainProxy        : Invoking SecurityContextHolderFilter (3/10)
2026-08-27T02:57:40.183+03:00 TRACE 4512 --- [security-service] [    Test worker] o.s.security.web.FilterChainProxy        : Invoking HeaderWriterFilter (4/10)
2026-08-27T02:57:40.183+03:00 TRACE 4512 --- [security-service] [    Test worker] o.s.security.web.FilterChainProxy        : Invoking LogoutFilter (5/10)
2026-08-27T02:57:40.183+03:00 TRACE 4512 --- [security-service] [    Test worker] o.s.s.w.a.logout.LogoutFilter            : Did not match request to Or [PathPattern [GET /logout], PathPattern [POST /logout], PathPattern [PUT /logout], PathPattern [DELETE /logout]]
2026-08-27T02:57:40.183+03:00 TRACE 4512 --- [security-service] [    Test worker] o.s.security.web.FilterChainProxy        : Invoking RequestCacheAwareFilter (6/10)
2026-08-27T02:57:40.183+03:00 TRACE 4512 --- [security-service] [    Test worker] o.s.s.w.s.HttpSessionRequestCache        : matchingRequestParameterName is required for getMatchingRequest to lookup a value, but not provided
2026-08-27T02:57:40.183+03:00 TRACE 4512 --- [security-service] [    Test worker] o.s.security.web.FilterChainProxy        : Invoking SecurityContextHolderAwareRequestFilter (7/10)
2026-08-27T02:57:40.183+03:00 TRACE 4512 --- [security-service] [    Test worker] o.s.security.web.FilterChainProxy        : Invoking AnonymousAuthenticationFilter (8/10)
2026-08-27T02:57:40.183+03:00 TRACE 4512 --- [security-service] [    Test worker] o.s.security.web.FilterChainProxy        : Invoking ExceptionTranslationFilter (9/10)
2026-08-27T02:57:40.183+03:00 TRACE 4512 --- [security-service] [    Test worker] o.s.security.web.FilterChainProxy        : Invoking AuthorizationFilter (10/10)
2026-08-27T02:57:40.183+03:00 TRACE 4512 --- [security-service] [    Test worker] estMatcherDelegatingAuthorizationManager : Authorizing GET /admin/bans
2026-08-27T02:57:40.183+03:00 TRACE 4512 --- [security-service] [    Test worker] estMatcherDelegatingAuthorizationManager : Checking authorization on GET /admin/bans using org.springframework.security.authorization.SingleResultAuthorizationManager@29ff6e15
2026-08-27T02:57:40.184+03:00 DEBUG 4512 --- [security-service] [    Test worker] o.s.security.web.FilterChainProxy        : Secured GET /admin/bans
2026-08-27T02:57:40.184+03:00 DEBUG 4512 --- [security-service] [    Test worker] s.w.s.m.m.a.RequestMappingHandlerMapping : Mapped to com.n4d3sh1k4.security_service.controller.BanController#getActiveBans()
2026-08-27T02:57:40.189+03:00 DEBUG 4512 --- [security-service] [    Test worker] o.s.w.s.m.m.a.HttpEntityMethodProcessor  : Using 'application/json', given [*/*] and supported [application/json, application/*+json, application/yaml]
2026-08-27T02:57:40.190+03:00 DEBUG 4512 --- [security-service] [    Test worker] o.s.w.s.m.m.a.HttpEntityMethodProcessor  : Writing [ApiResponse[success=true, data=[BanResponse[id=11111111-2222-3333-4444-555555555555, userId=550e8400 (truncated)...]
2026-08-27T02:57:40.197+03:00 TRACE 4512 --- [security-service] [    Test worker] o.s.s.w.header.writers.HstsHeaderWriter  : Not injecting HSTS header since it did not match request to [Is Secure]
2026-08-27T02:57:40.197+03:00 TRACE 4512 --- [security-service] [    Test worker] w.c.HttpSessionSecurityContextRepository : Retrieved SecurityContextImpl [Authentication=UsernamePasswordAuthenticationToken [Principal=org.springframework.security.core.userdetails.User [Username=550e8400-e29b-41d4-a716-446655440000, Password=[PROTECTED], Enabled=true, AccountNonExpired=true, CredentialsNonExpired=true, AccountNonLocked=true, Granted Authorities=[ROLE_USER]], Credentials=[PROTECTED], Authenticated=true, Details=null, Granted Authorities=[ROLE_USER]]] from SPRING_SECURITY_CONTEXT
2026-08-27T02:57:40.197+03:00 TRACE 4512 --- [security-service] [    Test worker] o.s.s.w.a.AnonymousAuthenticationFilter  : Did not set SecurityContextHolder since already authenticated UsernamePasswordAuthenticationToken [Principal=org.springframework.security.core.userdetails.User [Username=550e8400-e29b-41d4-a716-446655440000, Password=[PROTECTED], Enabled=true, AccountNonExpired=true, CredentialsNonExpired=true, AccountNonLocked=true, Granted Authorities=[ROLE_USER]], Credentials=[PROTECTED], Authenticated=true, Details=null, Granted Authorities=[ROLE_USER]]
2026-08-27T02:57:40.206+03:00 TRACE 4512 --- [security-service] [    Test worker] w.c.HttpSessionSecurityContextRepository : No HttpSession currently exists
2026-08-27T02:57:40.206+03:00 TRACE 4512 --- [security-service] [    Test worker] w.c.HttpSessionSecurityContextRepository : Created SecurityContextImpl [Null authentication]
2026-08-27T02:57:40.206+03:00 TRACE 4512 --- [security-service] [    Test worker] .s.s.w.c.SupplierDeferredSecurityContext : Created SecurityContextImpl [Null authentication]
2026-08-27T02:57:40.206+03:00 DEBUG 4512 --- [security-service] [    Test worker] w.c.HttpSessionSecurityContextRepository : Created HttpSession as SecurityContext is non-default
2026-08-27T02:57:40.206+03:00 DEBUG 4512 --- [security-service] [    Test worker] w.c.HttpSessionSecurityContextRepository : Stored SecurityContextImpl [Authentication=UsernamePasswordAuthenticationToken [Principal=org.springframework.security.core.userdetails.User [Username=550e8400-e29b-41d4-a716-446655440000, Password=[PROTECTED], Enabled=true, AccountNonExpired=true, CredentialsNonExpired=true, AccountNonLocked=true, Granted Authorities=[ROLE_USER]], Credentials=[PROTECTED], Authenticated=true, Details=null, Granted Authorities=[ROLE_USER]]] to HttpSession [org.springframework.mock.web.MockHttpSession@4523432]
2026-08-27T02:57:40.207+03:00 TRACE 4512 --- [security-service] [    Test worker] o.s.security.web.FilterChainProxy        : Trying to match request against DefaultSecurityFilterChain defined as 'testSecurityFilterChain' in [com.n4d3sh1k4.security_service.controller.WebMvcTestConfiguration] matching [any request] and having filters [DisableEncodeUrl, WebAsyncManagerIntegration, SecurityContextHolder, HeaderWriter, Logout, RequestCacheAware, SecurityContextHolderAwareRequest, AnonymousAuthentication, ExceptionTranslation, Authorization] (1/1)
2026-08-27T02:57:40.207+03:00 DEBUG 4512 --- [security-service] [    Test worker] o.s.security.web.FilterChainProxy        : Securing POST /admin/bans
2026-08-27T02:57:40.207+03:00 TRACE 4512 --- [security-service] [    Test worker] o.s.security.web.FilterChainProxy        : Invoking DisableEncodeUrlFilter (1/10)
2026-08-27T02:57:40.207+03:00 TRACE 4512 --- [security-service] [    Test worker] o.s.security.web.FilterChainProxy        : Invoking WebAsyncManagerIntegrationFilter (2/10)
2026-08-27T02:57:40.207+03:00 TRACE 4512 --- [security-service] [    Test worker] o.s.security.web.FilterChainProxy        : Invoking SecurityContextHolderFilter (3/10)
2026-08-27T02:57:40.207+03:00 TRACE 4512 --- [security-service] [    Test worker] o.s.security.web.FilterChainProxy        : Invoking HeaderWriterFilter (4/10)
2026-08-27T02:57:40.207+03:00 TRACE 4512 --- [security-service] [    Test worker] o.s.security.web.FilterChainProxy        : Invoking LogoutFilter (5/10)
2026-08-27T02:57:40.207+03:00 TRACE 4512 --- [security-service] [    Test worker] o.s.s.w.a.logout.LogoutFilter            : Did not match request to Or [PathPattern [GET /logout], PathPattern [POST /logout], PathPattern [PUT /logout], PathPattern [DELETE /logout]]
2026-08-27T02:57:40.207+03:00 TRACE 4512 --- [security-service] [    Test worker] o.s.security.web.FilterChainProxy        : Invoking RequestCacheAwareFilter (6/10)
2026-08-27T02:57:40.207+03:00 TRACE 4512 --- [security-service] [    Test worker] o.s.s.w.s.HttpSessionRequestCache        : matchingRequestParameterName is required for getMatchingRequest to lookup a value, but not provided
2026-08-27T02:57:40.207+03:00 TRACE 4512 --- [security-service] [    Test worker] o.s.security.web.FilterChainProxy        : Invoking SecurityContextHolderAwareRequestFilter (7/10)
2026-08-27T02:57:40.207+03:00 TRACE 4512 --- [security-service] [    Test worker] o.s.security.web.FilterChainProxy        : Invoking AnonymousAuthenticationFilter (8/10)
2026-08-27T02:57:40.207+03:00 TRACE 4512 --- [security-service] [    Test worker] o.s.security.web.FilterChainProxy        : Invoking ExceptionTranslationFilter (9/10)
2026-08-27T02:57:40.207+03:00 TRACE 4512 --- [security-service] [    Test worker] o.s.security.web.FilterChainProxy        : Invoking AuthorizationFilter (10/10)
2026-08-27T02:57:40.207+03:00 TRACE 4512 --- [security-service] [    Test worker] estMatcherDelegatingAuthorizationManager : Authorizing POST /admin/bans
2026-08-27T02:57:40.207+03:00 TRACE 4512 --- [security-service] [    Test worker] estMatcherDelegatingAuthorizationManager : Checking authorization on POST /admin/bans using org.springframework.security.authorization.SingleResultAuthorizationManager@29ff6e15
2026-08-27T02:57:40.207+03:00 DEBUG 4512 --- [security-service] [    Test worker] o.s.security.web.FilterChainProxy        : Secured POST /admin/bans
2026-08-27T02:57:40.207+03:00 DEBUG 4512 --- [security-service] [    Test worker] s.w.s.m.m.a.RequestMappingHandlerMapping : Mapped to com.n4d3sh1k4.security_service.controller.BanController#createBan(CreateBanRequest, Authentication)
2026-08-27T02:57:40.208+03:00 DEBUG 4512 --- [security-service] [    Test worker] m.m.a.RequestResponseBodyMethodProcessor : Read "application/json;charset=UTF-8" to [CreateBanRequest(userId=550e8400-e29b-41d4-a716-446655440001, reason=Нарушение правил платформы, exp (truncated)...]
2026-08-27T02:57:40.209+03:00 TRACE 4512 --- [security-service] [    Test worker] w.c.HttpSessionSecurityContextRepository : Retrieved SecurityContextImpl [Authentication=UsernamePasswordAuthenticationToken [Principal=org.springframework.security.core.userdetails.User [Username=550e8400-e29b-41d4-a716-446655440000, Password=[PROTECTED], Enabled=true, AccountNonExpired=true, CredentialsNonExpired=true, AccountNonLocked=true, Granted Authorities=[ROLE_USER]], Credentials=[PROTECTED], Authenticated=true, Details=null, Granted Authorities=[ROLE_USER]]] from SPRING_SECURITY_CONTEXT
2026-08-27T02:57:40.209+03:00 TRACE 4512 --- [security-service] [    Test worker] o.s.s.w.a.AnonymousAuthenticationFilter  : Did not set SecurityContextHolder since already authenticated UsernamePasswordAuthenticationToken [Principal=org.springframework.security.core.userdetails.User [Username=550e8400-e29b-41d4-a716-446655440000, Password=[PROTECTED], Enabled=true, AccountNonExpired=true, CredentialsNonExpired=true, AccountNonLocked=true, Granted Authorities=[ROLE_USER]], Credentials=[PROTECTED], Authenticated=true, Details=null, Granted Authorities=[ROLE_USER]]
2026-08-27T02:57:40.209+03:00 DEBUG 4512 --- [security-service] [    Test worker] o.s.w.s.m.m.a.HttpEntityMethodProcessor  : Using 'application/json', given [*/*] and supported [application/json, application/*+json, application/yaml]
2026-08-27T02:57:40.210+03:00 DEBUG 4512 --- [security-service] [    Test worker] o.s.w.s.m.m.a.HttpEntityMethodProcessor  : Writing [ApiResponse[success=true, data=BanResponse[id=11111111-2222-3333-4444-555555555555, userId=550e8400- (truncated)...]
2026-08-27T02:57:40.210+03:00 TRACE 4512 --- [security-service] [    Test worker] o.s.s.w.header.writers.HstsHeaderWriter  : Not injecting HSTS header since it did not match request to [Is Secure]
2026-08-27T02:57:40.223+03:00 TRACE 4512 --- [security-service] [    Test worker] w.c.HttpSessionSecurityContextRepository : No HttpSession currently exists
2026-08-27T02:57:40.223+03:00 TRACE 4512 --- [security-service] [    Test worker] w.c.HttpSessionSecurityContextRepository : Created SecurityContextImpl [Null authentication]
2026-08-27T02:57:40.223+03:00 TRACE 4512 --- [security-service] [    Test worker] .s.s.w.c.SupplierDeferredSecurityContext : Created SecurityContextImpl [Null authentication]
2026-08-27T02:57:40.223+03:00 DEBUG 4512 --- [security-service] [    Test worker] w.c.HttpSessionSecurityContextRepository : Created HttpSession as SecurityContext is non-default
2026-08-27T02:57:40.223+03:00 DEBUG 4512 --- [security-service] [    Test worker] w.c.HttpSessionSecurityContextRepository : Stored SecurityContextImpl [Authentication=UsernamePasswordAuthenticationToken [Principal=org.springframework.security.core.userdetails.User [Username=550e8400-e29b-41d4-a716-446655440000, Password=[PROTECTED], Enabled=true, AccountNonExpired=true, CredentialsNonExpired=true, AccountNonLocked=true, Granted Authorities=[ROLE_USER]], Credentials=[PROTECTED], Authenticated=true, Details=null, Granted Authorities=[ROLE_USER]]] to HttpSession [org.springframework.mock.web.MockHttpSession@3f36b79d]
2026-08-27T02:57:40.224+03:00 TRACE 4512 --- [security-service] [    Test worker] o.s.security.web.FilterChainProxy        : Trying to match request against DefaultSecurityFilterChain defined as 'testSecurityFilterChain' in [com.n4d3sh1k4.security_service.controller.WebMvcTestConfiguration] matching [any request] and having filters [DisableEncodeUrl, WebAsyncManagerIntegration, SecurityContextHolder, HeaderWriter, Logout, RequestCacheAware, SecurityContextHolderAwareRequest, AnonymousAuthentication, ExceptionTranslation, Authorization] (1/1)
2026-08-27T02:57:40.224+03:00 DEBUG 4512 --- [security-service] [    Test worker] o.s.security.web.FilterChainProxy        : Securing GET /admin/bans/user/550e8400-e29b-41d4-a716-446655440001
2026-08-27T02:57:40.224+03:00 TRACE 4512 --- [security-service] [    Test worker] o.s.security.web.FilterChainProxy        : Invoking DisableEncodeUrlFilter (1/10)
2026-08-27T02:57:40.224+03:00 TRACE 4512 --- [security-service] [    Test worker] o.s.security.web.FilterChainProxy        : Invoking WebAsyncManagerIntegrationFilter (2/10)
2026-08-27T02:57:40.224+03:00 TRACE 4512 --- [security-service] [    Test worker] o.s.security.web.FilterChainProxy        : Invoking SecurityContextHolderFilter (3/10)
2026-08-27T02:57:40.224+03:00 TRACE 4512 --- [security-service] [    Test worker] o.s.security.web.FilterChainProxy        : Invoking HeaderWriterFilter (4/10)
2026-08-27T02:57:40.224+03:00 TRACE 4512 --- [security-service] [    Test worker] o.s.security.web.FilterChainProxy        : Invoking LogoutFilter (5/10)
2026-08-27T02:57:40.224+03:00 TRACE 4512 --- [security-service] [    Test worker] o.s.s.w.a.logout.LogoutFilter            : Did not match request to Or [PathPattern [GET /logout], PathPattern [POST /logout], PathPattern [PUT /logout], PathPattern [DELETE /logout]]
2026-08-27T02:57:40.224+03:00 TRACE 4512 --- [security-service] [    Test worker] o.s.security.web.FilterChainProxy        : Invoking RequestCacheAwareFilter (6/10)
2026-08-27T02:57:40.224+03:00 TRACE 4512 --- [security-service] [    Test worker] o.s.s.w.s.HttpSessionRequestCache        : matchingRequestParameterName is required for getMatchingRequest to lookup a value, but not provided
2026-08-27T02:57:40.224+03:00 TRACE 4512 --- [security-service] [    Test worker] o.s.security.web.FilterChainProxy        : Invoking SecurityContextHolderAwareRequestFilter (7/10)
2026-08-27T02:57:40.224+03:00 TRACE 4512 --- [security-service] [    Test worker] o.s.security.web.FilterChainProxy        : Invoking AnonymousAuthenticationFilter (8/10)
2026-08-27T02:57:40.224+03:00 TRACE 4512 --- [security-service] [    Test worker] o.s.security.web.FilterChainProxy        : Invoking ExceptionTranslationFilter (9/10)
2026-08-27T02:57:40.224+03:00 TRACE 4512 --- [security-service] [    Test worker] o.s.security.web.FilterChainProxy        : Invoking AuthorizationFilter (10/10)
2026-08-27T02:57:40.224+03:00 TRACE 4512 --- [security-service] [    Test worker] estMatcherDelegatingAuthorizationManager : Authorizing GET /admin/bans/user/550e8400-e29b-41d4-a716-446655440001
2026-08-27T02:57:40.224+03:00 TRACE 4512 --- [security-service] [    Test worker] estMatcherDelegatingAuthorizationManager : Checking authorization on GET /admin/bans/user/550e8400-e29b-41d4-a716-446655440001 using org.springframework.security.authorization.SingleResultAuthorizationManager@29ff6e15
2026-08-27T02:57:40.224+03:00 DEBUG 4512 --- [security-service] [    Test worker] o.s.security.web.FilterChainProxy        : Secured GET /admin/bans/user/550e8400-e29b-41d4-a716-446655440001
2026-08-27T02:57:40.225+03:00 DEBUG 4512 --- [security-service] [    Test worker] s.w.s.m.m.a.RequestMappingHandlerMapping : Mapped to com.n4d3sh1k4.security_service.controller.BanController#getUserActiveBan(UUID)
2026-08-27T02:57:40.226+03:00 DEBUG 4512 --- [security-service] [    Test worker] o.s.w.s.m.m.a.HttpEntityMethodProcessor  : Using 'application/json', given [*/*] and supported [application/json, application/*+json, application/yaml]
2026-08-27T02:57:40.226+03:00 DEBUG 4512 --- [security-service] [    Test worker] o.s.w.s.m.m.a.HttpEntityMethodProcessor  : Nothing to write: null body
2026-08-27T02:57:40.226+03:00 TRACE 4512 --- [security-service] [    Test worker] w.c.HttpSessionSecurityContextRepository : Retrieved SecurityContextImpl [Authentication=UsernamePasswordAuthenticationToken [Principal=org.springframework.security.core.userdetails.User [Username=550e8400-e29b-41d4-a716-446655440000, Password=[PROTECTED], Enabled=true, AccountNonExpired=true, CredentialsNonExpired=true, AccountNonLocked=true, Granted Authorities=[ROLE_USER]], Credentials=[PROTECTED], Authenticated=true, Details=null, Granted Authorities=[ROLE_USER]]] from SPRING_SECURITY_CONTEXT
2026-08-27T02:57:40.226+03:00 TRACE 4512 --- [security-service] [    Test worker] o.s.s.w.a.AnonymousAuthenticationFilter  : Did not set SecurityContextHolder since already authenticated UsernamePasswordAuthenticationToken [Principal=org.springframework.security.core.userdetails.User [Username=550e8400-e29b-41d4-a716-446655440000, Password=[PROTECTED], Enabled=true, AccountNonExpired=true, CredentialsNonExpired=true, AccountNonLocked=true, Granted Authorities=[ROLE_USER]], Credentials=[PROTECTED], Authenticated=true, Details=null, Granted Authorities=[ROLE_USER]]
2026-08-27T02:57:40.226+03:00 TRACE 4512 --- [security-service] [    Test worker] o.s.s.w.header.writers.HstsHeaderWriter  : Not injecting HSTS header since it did not match request to [Is Secure]
2026-08-27T02:57:40.236+03:00 TRACE 4512 --- [security-service] [    Test worker] w.c.HttpSessionSecurityContextRepository : No HttpSession currently exists
2026-08-27T02:57:40.236+03:00 TRACE 4512 --- [security-service] [    Test worker] w.c.HttpSessionSecurityContextRepository : Created SecurityContextImpl [Null authentication]
2026-08-27T02:57:40.236+03:00 TRACE 4512 --- [security-service] [    Test worker] .s.s.w.c.SupplierDeferredSecurityContext : Created SecurityContextImpl [Null authentication]
2026-08-27T02:57:40.236+03:00 DEBUG 4512 --- [security-service] [    Test worker] w.c.HttpSessionSecurityContextRepository : Created HttpSession as SecurityContext is non-default
2026-08-27T02:57:40.236+03:00 DEBUG 4512 --- [security-service] [    Test worker] w.c.HttpSessionSecurityContextRepository : Stored SecurityContextImpl [Authentication=UsernamePasswordAuthenticationToken [Principal=org.springframework.security.core.userdetails.User [Username=550e8400-e29b-41d4-a716-446655440000, Password=[PROTECTED], Enabled=true, AccountNonExpired=true, CredentialsNonExpired=true, AccountNonLocked=true, Granted Authorities=[ROLE_USER]], Credentials=[PROTECTED], Authenticated=true, Details=null, Granted Authorities=[ROLE_USER]]] to HttpSession [org.springframework.mock.web.MockHttpSession@770644a3]
2026-08-27T02:57:40.236+03:00 TRACE 4512 --- [security-service] [    Test worker] o.s.security.web.FilterChainProxy        : Trying to match request against DefaultSecurityFilterChain defined as 'testSecurityFilterChain' in [com.n4d3sh1k4.security_service.controller.WebMvcTestConfiguration] matching [any request] and having filters [DisableEncodeUrl, WebAsyncManagerIntegration, SecurityContextHolder, HeaderWriter, Logout, RequestCacheAware, SecurityContextHolderAwareRequest, AnonymousAuthentication, ExceptionTranslation, Authorization] (1/1)
2026-08-27T02:57:40.236+03:00 DEBUG 4512 --- [security-service] [    Test worker] o.s.security.web.FilterChainProxy        : Securing POST /admin/bans
2026-08-27T02:57:40.236+03:00 TRACE 4512 --- [security-service] [    Test worker] o.s.security.web.FilterChainProxy        : Invoking DisableEncodeUrlFilter (1/10)
2026-08-27T02:57:40.236+03:00 TRACE 4512 --- [security-service] [    Test worker] o.s.security.web.FilterChainProxy        : Invoking WebAsyncManagerIntegrationFilter (2/10)
2026-08-27T02:57:40.236+03:00 TRACE 4512 --- [security-service] [    Test worker] o.s.security.web.FilterChainProxy        : Invoking SecurityContextHolderFilter (3/10)
2026-08-27T02:57:40.236+03:00 TRACE 4512 --- [security-service] [    Test worker] o.s.security.web.FilterChainProxy        : Invoking HeaderWriterFilter (4/10)
2026-08-27T02:57:40.236+03:00 TRACE 4512 --- [security-service] [    Test worker] o.s.security.web.FilterChainProxy        : Invoking LogoutFilter (5/10)
2026-08-27T02:57:40.236+03:00 TRACE 4512 --- [security-service] [    Test worker] o.s.s.w.a.logout.LogoutFilter            : Did not match request to Or [PathPattern [GET /logout], PathPattern [POST /logout], PathPattern [PUT /logout], PathPattern [DELETE /logout]]
2026-08-27T02:57:40.236+03:00 TRACE 4512 --- [security-service] [    Test worker] o.s.security.web.FilterChainProxy        : Invoking RequestCacheAwareFilter (6/10)
2026-08-27T02:57:40.236+03:00 TRACE 4512 --- [security-service] [    Test worker] o.s.s.w.s.HttpSessionRequestCache        : matchingRequestParameterName is required for getMatchingRequest to lookup a value, but not provided
2026-08-27T02:57:40.237+03:00 TRACE 4512 --- [security-service] [    Test worker] o.s.security.web.FilterChainProxy        : Invoking SecurityContextHolderAwareRequestFilter (7/10)
2026-08-27T02:57:40.237+03:00 TRACE 4512 --- [security-service] [    Test worker] o.s.security.web.FilterChainProxy        : Invoking AnonymousAuthenticationFilter (8/10)
2026-08-27T02:57:40.237+03:00 TRACE 4512 --- [security-service] [    Test worker] o.s.security.web.FilterChainProxy        : Invoking ExceptionTranslationFilter (9/10)
2026-08-27T02:57:40.237+03:00 TRACE 4512 --- [security-service] [    Test worker] o.s.security.web.FilterChainProxy        : Invoking AuthorizationFilter (10/10)
2026-08-27T02:57:40.237+03:00 TRACE 4512 --- [security-service] [    Test worker] estMatcherDelegatingAuthorizationManager : Authorizing POST /admin/bans
2026-08-27T02:57:40.237+03:00 TRACE 4512 --- [security-service] [    Test worker] estMatcherDelegatingAuthorizationManager : Checking authorization on POST /admin/bans using org.springframework.security.authorization.SingleResultAuthorizationManager@29ff6e15
2026-08-27T02:57:40.237+03:00 DEBUG 4512 --- [security-service] [    Test worker] o.s.security.web.FilterChainProxy        : Secured POST /admin/bans
2026-08-27T02:57:40.237+03:00 DEBUG 4512 --- [security-service] [    Test worker] s.w.s.m.m.a.RequestMappingHandlerMapping : Mapped to com.n4d3sh1k4.security_service.controller.BanController#createBan(CreateBanRequest, Authentication)
2026-08-27T02:57:40.238+03:00 DEBUG 4512 --- [security-service] [    Test worker] m.m.a.RequestResponseBodyMethodProcessor : Read "application/json;charset=UTF-8" to [CreateBanRequest(userId=550e8400-e29b-41d4-a716-446655440001, reason=  , expiresAt=null)]
2026-08-27T02:57:40.239+03:00 DEBUG 4512 --- [security-service] [    Test worker] .m.m.a.ExceptionHandlerExceptionResolver : Using @ExceptionHandler com.n4d3sh1k4.common.advice.GlobalExceptionHandler#handleValidation(MethodArgumentNotValidException)
2026-08-27T02:57:40.239+03:00 DEBUG 4512 --- [security-service] [    Test worker] o.s.w.s.m.m.a.HttpEntityMethodProcessor  : Using 'application/json', given [*/*] and supported [application/json, application/*+json, application/yaml]
2026-08-27T02:57:40.239+03:00 DEBUG 4512 --- [security-service] [    Test worker] o.s.w.s.m.m.a.HttpEntityMethodProcessor  : Writing [ApiResponse[success=false, data=null, error=ApiError[code=VALIDATION_ERROR, message=must not be blan (truncated)...]
2026-08-27T02:57:40.240+03:00 TRACE 4512 --- [security-service] [    Test worker] o.s.s.w.header.writers.HstsHeaderWriter  : Not injecting HSTS header since it did not match request to [Is Secure]
2026-08-27T02:57:40.240+03:00 DEBUG 4512 --- [security-service] [    Test worker] .m.m.a.ExceptionHandlerExceptionResolver : Resolved [org.springframework.web.bind.MethodArgumentNotValidException: Validation failed for argument [0] in public org.springframework.http.ResponseEntity<com.n4d3sh1k4.security_service.dto.BanResponse> com.n4d3sh1k4.security_service.controller.BanController.createBan(com.n4d3sh1k4.security_service.dto.request_dto.CreateBanRequest,org.springframework.security.core.Authentication): [Field error in object 'createBanRequest' on field 'reason': rejected value [  ]; codes [NotBlank.createBanRequest.reason,NotBlank.reason,NotBlank.java.lang.String,NotBlank]; arguments [org.springframework.context.support.DefaultMessageSourceResolvable: codes [createBanRequest.reason,reason]; arguments []; default message [reason]]; default message [must not be blank]] ]
2026-08-27T02:57:40.240+03:00 TRACE 4512 --- [security-service] [    Test worker] w.c.HttpSessionSecurityContextRepository : Retrieved SecurityContextImpl [Authentication=UsernamePasswordAuthenticationToken [Principal=org.springframework.security.core.userdetails.User [Username=550e8400-e29b-41d4-a716-446655440000, Password=[PROTECTED], Enabled=true, AccountNonExpired=true, CredentialsNonExpired=true, AccountNonLocked=true, Granted Authorities=[ROLE_USER]], Credentials=[PROTECTED], Authenticated=true, Details=null, Granted Authorities=[ROLE_USER]]] from SPRING_SECURITY_CONTEXT
2026-08-27T02:57:40.240+03:00 TRACE 4512 --- [security-service] [    Test worker] o.s.s.w.a.AnonymousAuthenticationFilter  : Did not set SecurityContextHolder since already authenticated UsernamePasswordAuthenticationToken [Principal=org.springframework.security.core.userdetails.User [Username=550e8400-e29b-41d4-a716-446655440000, Password=[PROTECTED], Enabled=true, AccountNonExpired=true, CredentialsNonExpired=true, AccountNonLocked=true, Granted Authorities=[ROLE_USER]], Credentials=[PROTECTED], Authenticated=true, Details=null, Granted Authorities=[ROLE_USER]]
2026-08-27T02:57:40.250+03:00 TRACE 4512 --- [security-service] [    Test worker] w.c.HttpSessionSecurityContextRepository : No HttpSession currently exists
2026-08-27T02:57:40.250+03:00 TRACE 4512 --- [security-service] [    Test worker] w.c.HttpSessionSecurityContextRepository : Created SecurityContextImpl [Null authentication]
2026-08-27T02:57:40.250+03:00 TRACE 4512 --- [security-service] [    Test worker] .s.s.w.c.SupplierDeferredSecurityContext : Created SecurityContextImpl [Null authentication]
2026-08-27T02:57:40.250+03:00 DEBUG 4512 --- [security-service] [    Test worker] w.c.HttpSessionSecurityContextRepository : Created HttpSession as SecurityContext is non-default
2026-08-27T02:57:40.251+03:00 DEBUG 4512 --- [security-service] [    Test worker] w.c.HttpSessionSecurityContextRepository : Stored SecurityContextImpl [Authentication=UsernamePasswordAuthenticationToken [Principal=org.springframework.security.core.userdetails.User [Username=550e8400-e29b-41d4-a716-446655440000, Password=[PROTECTED], Enabled=true, AccountNonExpired=true, CredentialsNonExpired=true, AccountNonLocked=true, Granted Authorities=[ROLE_USER]], Credentials=[PROTECTED], Authenticated=true, Details=null, Granted Authorities=[ROLE_USER]]] to HttpSession [org.springframework.mock.web.MockHttpSession@4868a657]
2026-08-27T02:57:40.251+03:00 TRACE 4512 --- [security-service] [    Test worker] o.s.security.web.FilterChainProxy        : Trying to match request against DefaultSecurityFilterChain defined as 'testSecurityFilterChain' in [com.n4d3sh1k4.security_service.controller.WebMvcTestConfiguration] matching [any request] and having filters [DisableEncodeUrl, WebAsyncManagerIntegration, SecurityContextHolder, HeaderWriter, Logout, RequestCacheAware, SecurityContextHolderAwareRequest, AnonymousAuthentication, ExceptionTranslation, Authorization] (1/1)
2026-08-27T02:57:40.251+03:00 DEBUG 4512 --- [security-service] [    Test worker] o.s.security.web.FilterChainProxy        : Securing GET /admin/bans/user/550e8400-e29b-41d4-a716-446655440001/history
2026-08-27T02:57:40.251+03:00 TRACE 4512 --- [security-service] [    Test worker] o.s.security.web.FilterChainProxy        : Invoking DisableEncodeUrlFilter (1/10)
2026-08-27T02:57:40.251+03:00 TRACE 4512 --- [security-service] [    Test worker] o.s.security.web.FilterChainProxy        : Invoking WebAsyncManagerIntegrationFilter (2/10)
2026-08-27T02:57:40.251+03:00 TRACE 4512 --- [security-service] [    Test worker] o.s.security.web.FilterChainProxy        : Invoking SecurityContextHolderFilter (3/10)
2026-08-27T02:57:40.251+03:00 TRACE 4512 --- [security-service] [    Test worker] o.s.security.web.FilterChainProxy        : Invoking HeaderWriterFilter (4/10)
2026-08-27T02:57:40.251+03:00 TRACE 4512 --- [security-service] [    Test worker] o.s.security.web.FilterChainProxy        : Invoking LogoutFilter (5/10)
2026-08-27T02:57:40.251+03:00 TRACE 4512 --- [security-service] [    Test worker] o.s.s.w.a.logout.LogoutFilter            : Did not match request to Or [PathPattern [GET /logout], PathPattern [POST /logout], PathPattern [PUT /logout], PathPattern [DELETE /logout]]
2026-08-27T02:57:40.251+03:00 TRACE 4512 --- [security-service] [    Test worker] o.s.security.web.FilterChainProxy        : Invoking RequestCacheAwareFilter (6/10)
2026-08-27T02:57:40.251+03:00 TRACE 4512 --- [security-service] [    Test worker] o.s.s.w.s.HttpSessionRequestCache        : matchingRequestParameterName is required for getMatchingRequest to lookup a value, but not provided
2026-08-27T02:57:40.251+03:00 TRACE 4512 --- [security-service] [    Test worker] o.s.security.web.FilterChainProxy        : Invoking SecurityContextHolderAwareRequestFilter (7/10)
2026-08-27T02:57:40.251+03:00 TRACE 4512 --- [security-service] [    Test worker] o.s.security.web.FilterChainProxy        : Invoking AnonymousAuthenticationFilter (8/10)
2026-08-27T02:57:40.251+03:00 TRACE 4512 --- [security-service] [    Test worker] o.s.security.web.FilterChainProxy        : Invoking ExceptionTranslationFilter (9/10)
2026-08-27T02:57:40.251+03:00 TRACE 4512 --- [security-service] [    Test worker] o.s.security.web.FilterChainProxy        : Invoking AuthorizationFilter (10/10)
2026-08-27T02:57:40.251+03:00 TRACE 4512 --- [security-service] [    Test worker] estMatcherDelegatingAuthorizationManager : Authorizing GET /admin/bans/user/550e8400-e29b-41d4-a716-446655440001/history
2026-08-27T02:57:40.251+03:00 TRACE 4512 --- [security-service] [    Test worker] estMatcherDelegatingAuthorizationManager : Checking authorization on GET /admin/bans/user/550e8400-e29b-41d4-a716-446655440001/history using org.springframework.security.authorization.SingleResultAuthorizationManager@29ff6e15
2026-08-27T02:57:40.252+03:00 DEBUG 4512 --- [security-service] [    Test worker] o.s.security.web.FilterChainProxy        : Secured GET /admin/bans/user/550e8400-e29b-41d4-a716-446655440001/history
2026-08-27T02:57:40.252+03:00 DEBUG 4512 --- [security-service] [    Test worker] s.w.s.m.m.a.RequestMappingHandlerMapping : Mapped to com.n4d3sh1k4.security_service.controller.BanController#getUserBanHistory(UUID)
2026-08-27T02:57:40.253+03:00 DEBUG 4512 --- [security-service] [    Test worker] o.s.w.s.m.m.a.HttpEntityMethodProcessor  : Using 'application/json', given [*/*] and supported [application/json, application/*+json, application/yaml]
2026-08-27T02:57:40.253+03:00 DEBUG 4512 --- [security-service] [    Test worker] o.s.w.s.m.m.a.HttpEntityMethodProcessor  : Writing [ApiResponse[success=true, data=[BanResponse[id=11111111-2222-3333-4444-555555555555, userId=550e8400 (truncated)...]
2026-08-27T02:57:40.254+03:00 TRACE 4512 --- [security-service] [    Test worker] o.s.s.w.header.writers.HstsHeaderWriter  : Not injecting HSTS header since it did not match request to [Is Secure]
2026-08-27T02:57:40.254+03:00 TRACE 4512 --- [security-service] [    Test worker] w.c.HttpSessionSecurityContextRepository : Retrieved SecurityContextImpl [Authentication=UsernamePasswordAuthenticationToken [Principal=org.springframework.security.core.userdetails.User [Username=550e8400-e29b-41d4-a716-446655440000, Password=[PROTECTED], Enabled=true, AccountNonExpired=true, CredentialsNonExpired=true, AccountNonLocked=true, Granted Authorities=[ROLE_USER]], Credentials=[PROTECTED], Authenticated=true, Details=null, Granted Authorities=[ROLE_USER]]] from SPRING_SECURITY_CONTEXT
2026-08-27T02:57:40.254+03:00 TRACE 4512 --- [security-service] [    Test worker] o.s.s.w.a.AnonymousAuthenticationFilter  : Did not set SecurityContextHolder since already authenticated UsernamePasswordAuthenticationToken [Principal=org.springframework.security.core.userdetails.User [Username=550e8400-e29b-41d4-a716-446655440000, Password=[PROTECTED], Enabled=true, AccountNonExpired=true, CredentialsNonExpired=true, AccountNonLocked=true, Granted Authorities=[ROLE_USER]], Credentials=[PROTECTED], Authenticated=true, Details=null, Granted Authorities=[ROLE_USER]]
2026-08-27T02:57:40.262+03:00 TRACE 4512 --- [security-service] [    Test worker] w.c.HttpSessionSecurityContextRepository : No HttpSession currently exists
2026-08-27T02:57:40.262+03:00 TRACE 4512 --- [security-service] [    Test worker] w.c.HttpSessionSecurityContextRepository : Created SecurityContextImpl [Null authentication]
2026-08-27T02:57:40.262+03:00 TRACE 4512 --- [security-service] [    Test worker] .s.s.w.c.SupplierDeferredSecurityContext : Created SecurityContextImpl [Null authentication]
2026-08-27T02:57:40.262+03:00 DEBUG 4512 --- [security-service] [    Test worker] w.c.HttpSessionSecurityContextRepository : Created HttpSession as SecurityContext is non-default
2026-08-27T02:57:40.262+03:00 DEBUG 4512 --- [security-service] [    Test worker] w.c.HttpSessionSecurityContextRepository : Stored SecurityContextImpl [Authentication=UsernamePasswordAuthenticationToken [Principal=org.springframework.security.core.userdetails.User [Username=550e8400-e29b-41d4-a716-446655440000, Password=[PROTECTED], Enabled=true, AccountNonExpired=true, CredentialsNonExpired=true, AccountNonLocked=true, Granted Authorities=[ROLE_USER]], Credentials=[PROTECTED], Authenticated=true, Details=null, Granted Authorities=[ROLE_USER]]] to HttpSession [org.springframework.mock.web.MockHttpSession@4063c453]
2026-08-27T02:57:40.262+03:00 TRACE 4512 --- [security-service] [    Test worker] o.s.security.web.FilterChainProxy        : Trying to match request against DefaultSecurityFilterChain defined as 'testSecurityFilterChain' in [com.n4d3sh1k4.security_service.controller.WebMvcTestConfiguration] matching [any request] and having filters [DisableEncodeUrl, WebAsyncManagerIntegration, SecurityContextHolder, HeaderWriter, Logout, RequestCacheAware, SecurityContextHolderAwareRequest, AnonymousAuthentication, ExceptionTranslation, Authorization] (1/1)
2026-08-27T02:57:40.262+03:00 DEBUG 4512 --- [security-service] [    Test worker] o.s.security.web.FilterChainProxy        : Securing POST /admin/bans
2026-08-27T02:57:40.262+03:00 TRACE 4512 --- [security-service] [    Test worker] o.s.security.web.FilterChainProxy        : Invoking DisableEncodeUrlFilter (1/10)
2026-08-27T02:57:40.262+03:00 TRACE 4512 --- [security-service] [    Test worker] o.s.security.web.FilterChainProxy        : Invoking WebAsyncManagerIntegrationFilter (2/10)
2026-08-27T02:57:40.262+03:00 TRACE 4512 --- [security-service] [    Test worker] o.s.security.web.FilterChainProxy        : Invoking SecurityContextHolderFilter (3/10)
2026-08-27T02:57:40.263+03:00 TRACE 4512 --- [security-service] [    Test worker] o.s.security.web.FilterChainProxy        : Invoking HeaderWriterFilter (4/10)
2026-08-27T02:57:40.263+03:00 TRACE 4512 --- [security-service] [    Test worker] o.s.security.web.FilterChainProxy        : Invoking LogoutFilter (5/10)
2026-08-27T02:57:40.263+03:00 TRACE 4512 --- [security-service] [    Test worker] o.s.s.w.a.logout.LogoutFilter            : Did not match request to Or [PathPattern [GET /logout], PathPattern [POST /logout], PathPattern [PUT /logout], PathPattern [DELETE /logout]]
2026-08-27T02:57:40.263+03:00 TRACE 4512 --- [security-service] [    Test worker] o.s.security.web.FilterChainProxy        : Invoking RequestCacheAwareFilter (6/10)
2026-08-27T02:57:40.263+03:00 TRACE 4512 --- [security-service] [    Test worker] o.s.s.w.s.HttpSessionRequestCache        : matchingRequestParameterName is required for getMatchingRequest to lookup a value, but not provided
2026-08-27T02:57:40.263+03:00 TRACE 4512 --- [security-service] [    Test worker] o.s.security.web.FilterChainProxy        : Invoking SecurityContextHolderAwareRequestFilter (7/10)
2026-08-27T02:57:40.263+03:00 TRACE 4512 --- [security-service] [    Test worker] o.s.security.web.FilterChainProxy        : Invoking AnonymousAuthenticationFilter (8/10)
2026-08-27T02:57:40.263+03:00 TRACE 4512 --- [security-service] [    Test worker] o.s.security.web.FilterChainProxy        : Invoking ExceptionTranslationFilter (9/10)
2026-08-27T02:57:40.263+03:00 TRACE 4512 --- [security-service] [    Test worker] o.s.security.web.FilterChainProxy        : Invoking AuthorizationFilter (10/10)
2026-08-27T02:57:40.263+03:00 TRACE 4512 --- [security-service] [    Test worker] estMatcherDelegatingAuthorizationManager : Authorizing POST /admin/bans
2026-08-27T02:57:40.263+03:00 TRACE 4512 --- [security-service] [    Test worker] estMatcherDelegatingAuthorizationManager : Checking authorization on POST /admin/bans using org.springframework.security.authorization.SingleResultAuthorizationManager@29ff6e15
2026-08-27T02:57:40.263+03:00 DEBUG 4512 --- [security-service] [    Test worker] o.s.security.web.FilterChainProxy        : Secured POST /admin/bans
2026-08-27T02:57:40.264+03:00 DEBUG 4512 --- [security-service] [    Test worker] s.w.s.m.m.a.RequestMappingHandlerMapping : Mapped to com.n4d3sh1k4.security_service.controller.BanController#createBan(CreateBanRequest, Authentication)
2026-08-27T02:57:40.264+03:00 DEBUG 4512 --- [security-service] [    Test worker] m.m.a.RequestResponseBodyMethodProcessor : Read "application/json;charset=UTF-8" to [CreateBanRequest(userId=550e8400-e29b-41d4-a716-446655440001, reason=Нарушение правил платформы, exp (truncated)...]
2026-08-27T02:57:40.265+03:00 TRACE 4512 --- [security-service] [    Test worker] w.c.HttpSessionSecurityContextRepository : Retrieved SecurityContextImpl [Authentication=UsernamePasswordAuthenticationToken [Principal=org.springframework.security.core.userdetails.User [Username=550e8400-e29b-41d4-a716-446655440000, Password=[PROTECTED], Enabled=true, AccountNonExpired=true, CredentialsNonExpired=true, AccountNonLocked=true, Granted Authorities=[ROLE_USER]], Credentials=[PROTECTED], Authenticated=true, Details=null, Granted Authorities=[ROLE_USER]]] from SPRING_SECURITY_CONTEXT
2026-08-27T02:57:40.265+03:00 TRACE 4512 --- [security-service] [    Test worker] o.s.s.w.a.AnonymousAuthenticationFilter  : Did not set SecurityContextHolder since already authenticated UsernamePasswordAuthenticationToken [Principal=org.springframework.security.core.userdetails.User [Username=550e8400-e29b-41d4-a716-446655440000, Password=[PROTECTED], Enabled=true, AccountNonExpired=true, CredentialsNonExpired=true, AccountNonLocked=true, Granted Authorities=[ROLE_USER]], Credentials=[PROTECTED], Authenticated=true, Details=null, Granted Authorities=[ROLE_USER]]
2026-08-27T02:57:40.266+03:00 DEBUG 4512 --- [security-service] [    Test worker] .m.m.a.ExceptionHandlerExceptionResolver : Using @ExceptionHandler com.n4d3sh1k4.common.advice.GlobalExceptionHandler#handleBaseException(BaseException)
2026-08-27T02:57:40.267+03:00 DEBUG 4512 --- [security-service] [    Test worker] o.s.w.s.m.m.a.HttpEntityMethodProcessor  : Using 'application/json', given [*/*] and supported [application/json, application/*+json, application/yaml]
2026-08-27T02:57:40.267+03:00 DEBUG 4512 --- [security-service] [    Test worker] o.s.w.s.m.m.a.HttpEntityMethodProcessor  : Writing [ApiResponse[success=false, data=null, error=ApiError[code=BAN_ALREADY_ACTIVE, message=User already h (truncated)...]
2026-08-27T02:57:40.267+03:00 TRACE 4512 --- [security-service] [    Test worker] o.s.s.w.header.writers.HstsHeaderWriter  : Not injecting HSTS header since it did not match request to [Is Secure]
2026-08-27T02:57:40.267+03:00 DEBUG 4512 --- [security-service] [    Test worker] .m.m.a.ExceptionHandlerExceptionResolver : Resolved [com.n4d3sh1k4.common.exception.BaseException: User already has an active ban]
[...]
2026-08-27T02:57:40.301+03:00 TRACE 4512 --- [security-service] [    Test worker] o.s.security.web.FilterChainProxy        : Trying to match request against DefaultSecurityFilterChain defined as 'testSecurityFilterChain' in [com.n4d3sh1k4.security_service.controller.WebMvcTestConfiguration] matching [any request] and having filters [DisableEncodeUrl, WebAsyncManagerIntegration, SecurityContextHolder, HeaderWriter, Logout, RequestCacheAware, SecurityContextHolderAwareRequest, AnonymousAuthentication, ExceptionTranslation, Authorization] (1/1)
2026-08-27T02:57:40.301+03:00 DEBUG 4512 --- [security-service] [    Test worker] o.s.security.web.FilterChainProxy        : Securing POST /admin/bans
2026-08-27T02:57:40.301+03:00 TRACE 4512 --- [security-service] [    Test worker] o.s.security.web.FilterChainProxy        : Invoking DisableEncodeUrlFilter (1/10)
2026-08-27T02:57:40.301+03:00 TRACE 4512 --- [security-service] [    Test worker] o.s.security.web.FilterChainProxy        : Invoking WebAsyncManagerIntegrationFilter (2/10)
2026-08-27T02:57:40.301+03:00 TRACE 4512 --- [security-service] [    Test worker] o.s.security.web.FilterChainProxy        : Invoking SecurityContextHolderFilter (3/10)
2026-08-27T02:57:40.301+03:00 TRACE 4512 --- [security-service] [    Test worker] o.s.security.web.FilterChainProxy        : Invoking HeaderWriterFilter (4/10)
2026-08-27T02:57:40.301+03:00 TRACE 4512 --- [security-service] [    Test worker] o.s.security.web.FilterChainProxy        : Invoking LogoutFilter (5/10)
2026-08-27T02:57:40.301+03:00 TRACE 4512 --- [security-service] [    Test worker] o.s.s.w.a.logout.LogoutFilter            : Did not match request to Or [PathPattern [GET /logout], PathPattern [POST /logout], PathPattern [PUT /logout], PathPattern [DELETE /logout]]
2026-08-27T02:57:40.301+03:00 TRACE 4512 --- [security-service] [    Test worker] o.s.security.web.FilterChainProxy        : Invoking RequestCacheAwareFilter (6/10)
2026-08-27T02:57:40.301+03:00 TRACE 4512 --- [security-service] [    Test worker] o.s.s.w.s.HttpSessionRequestCache        : matchingRequestParameterName is required for getMatchingRequest to lookup a value, but not provided
2026-08-27T02:57:40.301+03:00 TRACE 4512 --- [security-service] [    Test worker] o.s.security.web.FilterChainProxy        : Invoking SecurityContextHolderAwareRequestFilter (7/10)
2026-08-27T02:57:40.301+03:00 TRACE 4512 --- [security-service] [    Test worker] o.s.security.web.FilterChainProxy        : Invoking AnonymousAuthenticationFilter (8/10)
2026-08-27T02:57:40.301+03:00 TRACE 4512 --- [security-service] [    Test worker] o.s.security.web.FilterChainProxy        : Invoking ExceptionTranslationFilter (9/10)
2026-08-27T02:57:40.301+03:00 TRACE 4512 --- [security-service] [    Test worker] o.s.security.web.FilterChainProxy        : Invoking AuthorizationFilter (10/10)
2026-08-27T02:57:40.301+03:00 TRACE 4512 --- [security-service] [    Test worker] estMatcherDelegatingAuthorizationManager : Authorizing POST /admin/bans
2026-08-27T02:57:40.301+03:00 TRACE 4512 --- [security-service] [    Test worker] estMatcherDelegatingAuthorizationManager : Checking authorization on POST /admin/bans using org.springframework.security.authorization.SingleResultAuthorizationManager@29ff6e15
2026-08-27T02:57:40.301+03:00 DEBUG 4512 --- [security-service] [    Test worker] o.s.security.web.FilterChainProxy        : Secured POST /admin/bans
2026-08-27T02:57:40.301+03:00 DEBUG 4512 --- [security-service] [    Test worker] s.w.s.m.m.a.RequestMappingHandlerMapping : Mapped to com.n4d3sh1k4.security_service.controller.BanController#createBan(CreateBanRequest, Authentication)
2026-08-27T02:57:40.302+03:00 DEBUG 4512 --- [security-service] [    Test worker] m.m.a.RequestResponseBodyMethodProcessor : Read "application/json;charset=UTF-8" to [CreateBanRequest(userId=550e8400-e29b-41d4-a716-446655440001, reason=Нарушение правил платформы, exp (truncated)...]
2026-08-27T02:57:40.303+03:00 TRACE 4512 --- [security-service] [    Test worker] w.c.HttpSessionSecurityContextRepository : Retrieved SecurityContextImpl [Authentication=UsernamePasswordAuthenticationToken [Principal=org.springframework.security.core.userdetails.User [Username=550e8400-e29b-41d4-a716-446655440000, Password=[PROTECTED], Enabled=true, AccountNonExpired=true, CredentialsNonExpired=true, AccountNonLocked=true, Granted Authorities=[ROLE_USER]], Credentials=[PROTECTED], Authenticated=true, Details=null, Granted Authorities=[ROLE_USER]]] from SPRING_SECURITY_CONTEXT
2026-08-27T02:57:40.303+03:00 TRACE 4512 --- [security-service] [    Test worker] o.s.s.w.a.AnonymousAuthenticationFilter  : Did not set SecurityContextHolder since already authenticated UsernamePasswordAuthenticationToken [Principal=org.springframework.security.core.userdetails.User [Username=550e8400-e29b-41d4-a716-446655440000, Password=[PROTECTED], Enabled=true, AccountNonExpired=true, CredentialsNonExpired=true, AccountNonLocked=true, Granted Authorities=[ROLE_USER]], Credentials=[PROTECTED], Authenticated=true, Details=null, Granted Authorities=[ROLE_USER]]
2026-08-27T02:57:40.304+03:00 DEBUG 4512 --- [security-service] [    Test worker] .m.m.a.ExceptionHandlerExceptionResolver : Using @ExceptionHandler com.n4d3sh1k4.common.advice.GlobalExceptionHandler#handleBaseException(BaseException)
2026-08-27T02:57:40.304+03:00 DEBUG 4512 --- [security-service] [    Test worker] o.s.w.s.m.m.a.HttpEntityMethodProcessor  : Using 'application/json', given [*/*] and supported [application/json, application/*+json, application/yaml]
2026-08-27T02:57:40.304+03:00 DEBUG 4512 --- [security-service] [    Test worker] o.s.w.s.m.m.a.HttpEntityMethodProcessor  : Writing [ApiResponse[success=false, data=null, error=ApiError[code=NOT_FOUND, message=User not found], pagina (truncated)...]
2026-08-27T02:57:40.305+03:00 TRACE 4512 --- [security-service] [    Test worker] o.s.s.w.header.writers.HstsHeaderWriter  : Not injecting HSTS header since it did not match request to [Is Secure]
2026-08-27T02:57:40.305+03:00 DEBUG 4512 --- [security-service] [    Test worker] .m.m.a.ExceptionHandlerExceptionResolver : Resolved [com.n4d3sh1k4.common.exception.ContentNotFoundException: User not found]
2026-08-27T02:57:40.316+03:00 TRACE 4512 --- [security-service] [    Test worker] w.c.HttpSessionSecurityContextRepository : No HttpSession currently exists
2026-08-27T02:57:40.316+03:00 TRACE 4512 --- [security-service] [    Test worker] w.c.HttpSessionSecurityContextRepository : Created SecurityContextImpl [Null authentication]
2026-08-27T02:57:40.316+03:00 TRACE 4512 --- [security-service] [    Test worker] .s.s.w.c.SupplierDeferredSecurityContext : Created SecurityContextImpl [Null authentication]
2026-08-27T02:57:40.316+03:00 DEBUG 4512 --- [security-service] [    Test worker] w.c.HttpSessionSecurityContextRepository : Created HttpSession as SecurityContext is non-default
2026-08-27T02:57:40.316+03:00 DEBUG 4512 --- [security-service] [    Test worker] w.c.HttpSessionSecurityContextRepository : Stored SecurityContextImpl [Authentication=UsernamePasswordAuthenticationToken [Principal=org.springframework.security.core.userdetails.User [Username=550e8400-e29b-41d4-a716-446655440000, Password=[PROTECTED], Enabled=true, AccountNonExpired=true, CredentialsNonExpired=true, AccountNonLocked=true, Granted Authorities=[ROLE_USER]], Credentials=[PROTECTED], Authenticated=true, Details=null, Granted Authorities=[ROLE_USER]]] to HttpSession [org.springframework.mock.web.MockHttpSession@77936f79]
2026-08-27T02:57:40.316+03:00 TRACE 4512 --- [security-service] [    Test worker] o.s.security.web.FilterChainProxy        : Trying to match request against DefaultSecurityFilterChain defined as 'testSecurityFilterChain' in [com.n4d3sh1k4.security_service.controller.WebMvcTestConfiguration] matching [any request] and having filters [DisableEncodeUrl, WebAsyncManagerIntegration, SecurityContextHolder, HeaderWriter, Logout, RequestCacheAware, SecurityContextHolderAwareRequest, AnonymousAuthentication, ExceptionTranslation, Authorization] (1/1)
2026-08-27T02:57:40.317+03:00 DEBUG 4512 --- [security-service] [    Test worker] o.s.security.web.FilterChainProxy        : Securing GET /admin/bans/user/550e8400-e29b-41d4-a716-446655440001/check
2026-08-27T02:57:40.317+03:00 TRACE 4512 --- [security-service] [    Test worker] o.s.security.web.FilterChainProxy        : Invoking DisableEncodeUrlFilter (1/10)
2026-08-27T02:57:40.317+03:00 TRACE 4512 --- [security-service] [    Test worker] o.s.security.web.FilterChainProxy        : Invoking WebAsyncManagerIntegrationFilter (2/10)
2026-08-27T02:57:40.317+03:00 TRACE 4512 --- [security-service] [    Test worker] o.s.security.web.FilterChainProxy        : Invoking SecurityContextHolderFilter (3/10)
2026-08-27T02:57:40.317+03:00 TRACE 4512 --- [security-service] [    Test worker] o.s.security.web.FilterChainProxy        : Invoking HeaderWriterFilter (4/10)
2026-08-27T02:57:40.317+03:00 TRACE 4512 --- [security-service] [    Test worker] o.s.security.web.FilterChainProxy        : Invoking LogoutFilter (5/10)
2026-08-27T02:57:40.317+03:00 TRACE 4512 --- [security-service] [    Test worker] o.s.s.w.a.logout.LogoutFilter            : Did not match request to Or [PathPattern [GET /logout], PathPattern [POST /logout], PathPattern [PUT /logout], PathPattern [DELETE /logout]]
2026-08-27T02:57:40.317+03:00 TRACE 4512 --- [security-service] [    Test worker] o.s.security.web.FilterChainProxy        : Invoking RequestCacheAwareFilter (6/10)
2026-08-27T02:57:40.317+03:00 TRACE 4512 --- [security-service] [    Test worker] o.s.s.w.s.HttpSessionRequestCache        : matchingRequestParameterName is required for getMatchingRequest to lookup a value, but not provided
2026-08-27T02:57:40.317+03:00 TRACE 4512 --- [security-service] [    Test worker] o.s.security.web.FilterChainProxy        : Invoking SecurityContextHolderAwareRequestFilter (7/10)
2026-08-27T02:57:40.317+03:00 TRACE 4512 --- [security-service] [    Test worker] o.s.security.web.FilterChainProxy        : Invoking AnonymousAuthenticationFilter (8/10)
2026-08-27T02:57:40.317+03:00 TRACE 4512 --- [security-service] [    Test worker] o.s.security.web.FilterChainProxy        : Invoking ExceptionTranslationFilter (9/10)
2026-08-27T02:57:40.317+03:00 TRACE 4512 --- [security-service] [    Test worker] o.s.security.web.FilterChainProxy        : Invoking AuthorizationFilter (10/10)
2026-08-27T02:57:40.317+03:00 TRACE 4512 --- [security-service] [    Test worker] estMatcherDelegatingAuthorizationManager : Authorizing GET /admin/bans/user/550e8400-e29b-41d4-a716-446655440001/check
2026-08-27T02:57:40.317+03:00 TRACE 4512 --- [security-service] [    Test worker] estMatcherDelegatingAuthorizationManager : Checking authorization on GET /admin/bans/user/550e8400-e29b-41d4-a716-446655440001/check using org.springframework.security.authorization.SingleResultAuthorizationManager@29ff6e15
2026-08-27T02:57:40.317+03:00 DEBUG 4512 --- [security-service] [    Test worker] o.s.security.web.FilterChainProxy        : Secured GET /admin/bans/user/550e8400-e29b-41d4-a716-446655440001/check
2026-08-27T02:57:40.317+03:00 DEBUG 4512 --- [security-service] [    Test worker] s.w.s.m.m.a.RequestMappingHandlerMapping : Mapped to com.n4d3sh1k4.security_service.controller.BanController#isUserBanned(UUID)
2026-08-27T02:57:40.318+03:00 DEBUG 4512 --- [security-service] [    Test worker] o.s.w.s.m.m.a.HttpEntityMethodProcessor  : Using 'application/json', given [*/*] and supported [application/json, application/*+json, application/yaml]
2026-08-27T02:57:40.319+03:00 DEBUG 4512 --- [security-service] [    Test worker] o.s.w.s.m.m.a.HttpEntityMethodProcessor  : Writing [ApiResponse[success=true, data=false, error=null, pagination=null]]
2026-08-27T02:57:40.319+03:00 TRACE 4512 --- [security-service] [    Test worker] o.s.s.w.header.writers.HstsHeaderWriter  : Not injecting HSTS header since it did not match request to [Is Secure]
2026-08-27T02:57:40.319+03:00 TRACE 4512 --- [security-service] [    Test worker] w.c.HttpSessionSecurityContextRepository : Retrieved SecurityContextImpl [Authentication=UsernamePasswordAuthenticationToken [Principal=org.springframework.security.core.userdetails.User [Username=550e8400-e29b-41d4-a716-446655440000, Password=[PROTECTED], Enabled=true, AccountNonExpired=true, CredentialsNonExpired=true, AccountNonLocked=true, Granted Authorities=[ROLE_USER]], Credentials=[PROTECTED], Authenticated=true, Details=null, Granted Authorities=[ROLE_USER]]] from SPRING_SECURITY_CONTEXT
2026-08-27T02:57:40.319+03:00 TRACE 4512 --- [security-service] [    Test worker] o.s.s.w.a.AnonymousAuthenticationFilter  : Did not set SecurityContextHolder since already authenticated UsernamePasswordAuthenticationToken [Principal=org.springframework.security.core.userdetails.User [Username=550e8400-e29b-41d4-a716-446655440000, Password=[PROTECTED], Enabled=true, AccountNonExpired=true, CredentialsNonExpired=true, AccountNonLocked=true, Granted Authorities=[ROLE_USER]], Credentials=[PROTECTED], Authenticated=true, Details=null, Granted Authorities=[ROLE_USER]]
2026-08-27T02:57:40.331+03:00 TRACE 4512 --- [security-service] [    Test worker] w.c.HttpSessionSecurityContextRepository : No HttpSession currently exists
2026-08-27T02:57:40.331+03:00 TRACE 4512 --- [security-service] [    Test worker] w.c.HttpSessionSecurityContextRepository : Created SecurityContextImpl [Null authentication]
2026-08-27T02:57:40.331+03:00 TRACE 4512 --- [security-service] [    Test worker] .s.s.w.c.SupplierDeferredSecurityContext : Created SecurityContextImpl [Null authentication]
2026-08-27T02:57:40.331+03:00 DEBUG 4512 --- [security-service] [    Test worker] w.c.HttpSessionSecurityContextRepository : Created HttpSession as SecurityContext is non-default
2026-08-27T02:57:40.331+03:00 DEBUG 4512 --- [security-service] [    Test worker] w.c.HttpSessionSecurityContextRepository : Stored SecurityContextImpl [Authentication=UsernamePasswordAuthenticationToken [Principal=org.springframework.security.core.userdetails.User [Username=550e8400-e29b-41d4-a716-446655440000, Password=[PROTECTED], Enabled=true, AccountNonExpired=true, CredentialsNonExpired=true, AccountNonLocked=true, Granted Authorities=[ROLE_USER]], Credentials=[PROTECTED], Authenticated=true, Details=null, Granted Authorities=[ROLE_USER]]] to HttpSession [org.springframework.mock.web.MockHttpSession@62f732e7]
2026-08-27T02:57:40.331+03:00 TRACE 4512 --- [security-service] [    Test worker] o.s.security.web.FilterChainProxy        : Trying to match request against DefaultSecurityFilterChain defined as 'testSecurityFilterChain' in [com.n4d3sh1k4.security_service.controller.WebMvcTestConfiguration] matching [any request] and having filters [DisableEncodeUrl, WebAsyncManagerIntegration, SecurityContextHolder, HeaderWriter, Logout, RequestCacheAware, SecurityContextHolderAwareRequest, AnonymousAuthentication, ExceptionTranslation, Authorization] (1/1)
2026-08-27T02:57:40.331+03:00 DEBUG 4512 --- [security-service] [    Test worker] o.s.security.web.FilterChainProxy        : Securing GET /admin/bans
2026-08-27T02:57:40.331+03:00 TRACE 4512 --- [security-service] [    Test worker] o.s.security.web.FilterChainProxy        : Invoking DisableEncodeUrlFilter (1/10)
2026-08-27T02:57:40.332+03:00 TRACE 4512 --- [security-service] [    Test worker] o.s.security.web.FilterChainProxy        : Invoking WebAsyncManagerIntegrationFilter (2/10)
2026-08-27T02:57:40.332+03:00 TRACE 4512 --- [security-service] [    Test worker] o.s.security.web.FilterChainProxy        : Invoking SecurityContextHolderFilter (3/10)
2026-08-27T02:57:40.332+03:00 TRACE 4512 --- [security-service] [    Test worker] o.s.security.web.FilterChainProxy        : Invoking HeaderWriterFilter (4/10)
2026-08-27T02:57:40.332+03:00 TRACE 4512 --- [security-service] [    Test worker] o.s.security.web.FilterChainProxy        : Invoking LogoutFilter (5/10)
2026-08-27T02:57:40.332+03:00 TRACE 4512 --- [security-service] [    Test worker] o.s.s.w.a.logout.LogoutFilter            : Did not match request to Or [PathPattern [GET /logout], PathPattern [POST /logout], PathPattern [PUT /logout], PathPattern [DELETE /logout]]
2026-08-27T02:57:40.332+03:00 TRACE 4512 --- [security-service] [    Test worker] o.s.security.web.FilterChainProxy        : Invoking RequestCacheAwareFilter (6/10)
2026-08-27T02:57:40.332+03:00 TRACE 4512 --- [security-service] [    Test worker] o.s.s.w.s.HttpSessionRequestCache        : matchingRequestParameterName is required for getMatchingRequest to lookup a value, but not provided
2026-08-27T02:57:40.332+03:00 TRACE 4512 --- [security-service] [    Test worker] o.s.security.web.FilterChainProxy        : Invoking SecurityContextHolderAwareRequestFilter (7/10)
2026-08-27T02:57:40.332+03:00 TRACE 4512 --- [security-service] [    Test worker] o.s.security.web.FilterChainProxy        : Invoking AnonymousAuthenticationFilter (8/10)
2026-08-27T02:57:40.332+03:00 TRACE 4512 --- [security-service] [    Test worker] o.s.security.web.FilterChainProxy        : Invoking ExceptionTranslationFilter (9/10)
2026-08-27T02:57:40.332+03:00 TRACE 4512 --- [security-service] [    Test worker] o.s.security.web.FilterChainProxy        : Invoking AuthorizationFilter (10/10)
2026-08-27T02:57:40.332+03:00 TRACE 4512 --- [security-service] [    Test worker] estMatcherDelegatingAuthorizationManager : Authorizing GET /admin/bans
2026-08-27T02:57:40.332+03:00 TRACE 4512 --- [security-service] [    Test worker] estMatcherDelegatingAuthorizationManager : Checking authorization on GET /admin/bans using org.springframework.security.authorization.SingleResultAuthorizationManager@29ff6e15
2026-08-27T02:57:40.332+03:00 DEBUG 4512 --- [security-service] [    Test worker] o.s.security.web.FilterChainProxy        : Secured GET /admin/bans
2026-08-27T02:57:40.332+03:00 DEBUG 4512 --- [security-service] [    Test worker] s.w.s.m.m.a.RequestMappingHandlerMapping : Mapped to com.n4d3sh1k4.security_service.controller.BanController#getActiveBans()
2026-08-27T02:57:40.334+03:00 DEBUG 4512 --- [security-service] [    Test worker] o.s.w.s.m.m.a.HttpEntityMethodProcessor  : Using 'application/json', given [*/*] and supported [application/json, application/*+json, application/yaml]
2026-08-27T02:57:40.335+03:00 DEBUG 4512 --- [security-service] [    Test worker] o.s.w.s.m.m.a.HttpEntityMethodProcessor  : Writing [ApiResponse[success=true, data=[], error=null, pagination=null]]
2026-08-27T02:57:40.336+03:00 TRACE 4512 --- [security-service] [    Test worker] o.s.s.w.header.writers.HstsHeaderWriter  : Not injecting HSTS header since it did not match request to [Is Secure]
2026-08-27T02:57:40.336+03:00 TRACE 4512 --- [security-service] [    Test worker] w.c.HttpSessionSecurityContextRepository : Retrieved SecurityContextImpl [Authentication=UsernamePasswordAuthenticationToken [Principal=org.springframework.security.core.userdetails.User [Username=550e8400-e29b-41d4-a716-446655440000, Password=[PROTECTED], Enabled=true, AccountNonExpired=true, CredentialsNonExpired=true, AccountNonLocked=true, Granted Authorities=[ROLE_USER]], Credentials=[PROTECTED], Authenticated=true, Details=null, Granted Authorities=[ROLE_USER]]] from SPRING_SECURITY_CONTEXT
2026-08-27T02:57:40.336+03:00 TRACE 4512 --- [security-service] [    Test worker] o.s.s.w.a.AnonymousAuthenticationFilter  : Did not set SecurityContextHolder since already authenticated UsernamePasswordAuthenticationToken [Principal=org.springframework.security.core.userdetails.User [Username=550e8400-e29b-41d4-a716-446655440000, Password=[PROTECTED], Enabled=true, AccountNonExpired=true, CredentialsNonExpired=true, AccountNonLocked=true, Granted Authorities=[ROLE_USER]], Credentials=[PROTECTED], Authenticated=true, Details=null, Granted Authorities=[ROLE_USER]]
]]></system-out>
  <system-err><![CDATA[]]></system-err>
</testsuite>
