<?xml version="1.0" encoding="UTF-8"?>
<testsuite name="com.n4d3sh1k4.security_service.controller.UserControllerTest" tests="2" skipped="0" failures="0" errors="0" timestamp="2026-08-26T23:57:40.961Z" hostname="THUNDEROBOT911" time="0.025">
  <properties/>
  <testcase name="checkMe_authenticated_returnsAuthorities()" classname="com.n4d3sh1k4.security_service.controller.UserControllerTest" time="0.013"/>
  <testcase name="checkMe_admin_returnsAdminRole()" classname="com.n4d3sh1k4.security_service.controller.UserControllerTest" time="0.01"/>
  <system-out><![CDATA[2026-08-27T02:57:40.705+03:00  INFO 4512 --- [security-service] [    Test worker] t.c.s.AnnotationConfigContextLoaderUtils : Could not detect default configuration classes for test class [com.n4d3sh1k4.security_service.controller.UserControllerTest]: UserControllerTest does not declare any static, non-private, non-final, nested classes annotated with @Configuration.
2026-08-27T02:57:40.715+03:00  INFO 4512 --- [security-service] [    Test worker] .b.t.c.SpringBootTestContextBootstrapper : Found @SpringBootConfiguration com.n4d3sh1k4.security_service.controller.WebMvcTestConfiguration for test class com.n4d3sh1k4.security_service.controller.UserControllerTest
2026-08-27T02:57:40.715+03:00  INFO 4512 --- [security-service] [    Test worker] t.c.s.AnnotationConfigContextLoaderUtils : Could not detect default configuration classes for test class [com.n4d3sh1k4.security_service.controller.UserControllerTest]: UserControllerTest does not declare any static, non-private, non-final, nested classes annotated with @Configuration.
2026-08-27T02:57:40.721+03:00  INFO 4512 --- [security-service] [    Test worker] .b.t.c.SpringBootTestContextBootstrapper : Found @SpringBootConfiguration com.n4d3sh1k4.security_service.controller.WebMvcTestConfiguration for test class com.n4d3sh1k4.security_service.controller.UserControllerTest

  .   ____          _            __ _ _
 /\\ / ___'_ __ _ _(_)_ __  __ _ \ \ \ \
( ( )\___ | '_ | '_| | '_ \/ _` | \ \ \ \
 \\/  ___)| |_)| | | | | || (_| |  ) ) ) )
  '  |____| .__|_| |_|_| |_\__, | / / / /
 =========|_|==============|___/=/_/_/_/

 :: Spring Boot ::                (v4.0.4)

2026-08-27T02:57:40.763+03:00  INFO 4512 --- [security-service] [    Test worker] c.n.s.controller.UserControllerTest      : Starting UserControllerTest using Java 25.0.1 with PID 4512 (started by Vusez in D:\Projects\IdeaProjects\N4d3sh1k4-UCust_Dev\security-service)
2026-08-27T02:57:40.765+03:00  INFO 4512 --- [security-service] [    Test worker] c.n.s.controller.UserControllerTest      : No active profile set, falling back to 1 default profile: "default"
2026-08-27T02:57:40.767+03:00 DEBUG 4512 --- [security-service] [    Test worker] o.s.w.c.s.GenericWebApplicationContext   : Refreshing org.springframework.web.context.support.GenericWebApplicationContext@1f5628d9
2026-08-27T02:57:40.895+03:00 TRACE 4512 --- [security-service] [    Test worker] eGlobalAuthenticationAutowiredConfigurer : Eagerly initializing {webMvcTestConfiguration=com.n4d3sh1k4.security_service.controller.WebMvcTestConfiguration$$SpringCGLIB$$0@7f824067}
2026-08-27T02:57:40.895+03:00 DEBUG 4512 --- [security-service] [    Test worker] swordEncoderAuthenticationManagerBuilder : No authenticationProviders and no parentAuthenticationManager defined. Returning null.
2026-08-27T02:57:40.906+03:00 DEBUG 4512 --- [security-service] [    Test worker] o.s.s.web.DefaultSecurityFilterChain     : Will secure any request with filters: DisableEncodeUrlFilter, WebAsyncManagerIntegrationFilter, SecurityContextHolderFilter, HeaderWriterFilter, LogoutFilter, RequestCacheAwareFilter, SecurityContextHolderAwareRequestFilter, AnonymousAuthenticationFilter, ExceptionTranslationFilter, AuthorizationFilter
2026-08-27T02:57:40.930+03:00 DEBUG 4512 --- [security-service] [    Test worker] s.w.s.m.m.a.RequestMappingHandlerMapping : 3 mappings in 'requestMappingHandlerMapping'
2026-08-27T02:57:40.934+03:00 DEBUG 4512 --- [security-service] [    Test worker] o.s.w.s.handler.SimpleUrlHandlerMapping  : Patterns [/webjars/**, /**] in 'resourceHandlerMapping'
2026-08-27T02:57:40.937+03:00 DEBUG 4512 --- [security-service] [    Test worker] s.w.s.m.m.a.RequestMappingHandlerAdapter : ControllerAdvice beans: 0 @ModelAttribute, 0 @InitBinder, 2 RequestBodyAdvice, 2 ResponseBodyAdvice
2026-08-27T02:57:40.941+03:00 DEBUG 4512 --- [security-service] [    Test worker] .m.m.a.ExceptionHandlerExceptionResolver : ControllerAdvice beans: 1 @ExceptionHandler, 2 ResponseBodyAdvice
2026-08-27T02:57:40.948+03:00 DEBUG 4512 --- [security-service] [    Test worker] yConfiguration$CompositeFilterChainProxy : Filter 'springSecurityFilterChain' configured for use
2026-08-27T02:57:40.948+03:00  INFO 4512 --- [security-service] [    Test worker] o.s.b.t.m.w.SpringBootMockServletContext : Initializing Spring TestDispatcherServlet ''
2026-08-27T02:57:40.948+03:00  INFO 4512 --- [security-service] [    Test worker] o.s.t.web.servlet.TestDispatcherServlet  : Initializing Servlet ''
2026-08-27T02:57:40.950+03:00  INFO 4512 --- [security-service] [    Test worker] o.s.t.web.servlet.TestDispatcherServlet  : Completed initialization in 2 ms
2026-08-27T02:57:40.958+03:00  INFO 4512 --- [security-service] [    Test worker] c.n.s.controller.UserControllerTest      : Started UserControllerTest in 0.233 seconds (process running for 17.257)
2026-08-27T02:57:40.966+03:00 TRACE 4512 --- [security-service] [    Test worker] w.c.HttpSessionSecurityContextRepository : No HttpSession currently exists
2026-08-27T02:57:40.966+03:00 TRACE 4512 --- [security-service] [    Test worker] w.c.HttpSessionSecurityContextRepository : Created SecurityContextImpl [Null authentication]
2026-08-27T02:57:40.966+03:00 TRACE 4512 --- [security-service] [    Test worker] .s.s.w.c.SupplierDeferredSecurityContext : Created SecurityContextImpl [Null authentication]
2026-08-27T02:57:40.966+03:00 DEBUG 4512 --- [security-service] [    Test worker] w.c.HttpSessionSecurityContextRepository : Created HttpSession as SecurityContext is non-default
2026-08-27T02:57:40.966+03:00 DEBUG 4512 --- [security-service] [    Test worker] w.c.HttpSessionSecurityContextRepository : Stored SecurityContextImpl [Authentication=UsernamePasswordAuthenticationToken [Principal=org.springframework.security.core.userdetails.User [Username=550e8400-e29b-41d4-a716-446655440000, Password=[PROTECTED], Enabled=true, AccountNonExpired=true, CredentialsNonExpired=true, AccountNonLocked=true, Granted Authorities=[ROLE_USER]], Credentials=[PROTECTED], Authenticated=true, Details=null, Granted Authorities=[ROLE_USER]]] to HttpSession [org.springframework.mock.web.MockHttpSession@5928fb8b]
2026-08-27T02:57:40.966+03:00 TRACE 4512 --- [security-service] [    Test worker] o.s.security.web.FilterChainProxy        : Trying to match request against DefaultSecurityFilterChain defined as 'testSecurityFilterChain' in [com.n4d3sh1k4.security_service.controller.WebMvcTestConfiguration] matching [any request] and having filters [DisableEncodeUrl, WebAsyncManagerIntegration, SecurityContextHolder, HeaderWriter, Logout, RequestCacheAware, SecurityContextHolderAwareRequest, AnonymousAuthentication, ExceptionTranslation, Authorization] (1/1)
2026-08-27T02:57:40.966+03:00 DEBUG 4512 --- [security-service] [    Test worker] o.s.security.web.FilterChainProxy        : Securing GET /users/check-me
2026-08-27T02:57:40.966+03:00 TRACE 4512 --- [security-service] [    Test worker] o.s.security.web.FilterChainProxy        : Invoking DisableEncodeUrlFilter (1/10)
2026-08-27T02:57:40.966+03:00 TRACE 4512 --- [security-service] [    Test worker] o.s.security.web.FilterChainProxy        : Invoking WebAsyncManagerIntegrationFilter (2/10)
2026-08-27T02:57:40.967+03:00 TRACE 4512 --- [security-service] [    Test worker] o.s.security.web.FilterChainProxy        : Invoking SecurityContextHolderFilter (3/10)
2026-08-27T02:57:40.967+03:00 TRACE 4512 --- [security-service] [    Test worker] o.s.security.web.FilterChainProxy        : Invoking HeaderWriterFilter (4/10)
2026-08-27T02:57:40.967+03:00 TRACE 4512 --- [security-service] [    Test worker] o.s.security.web.FilterChainProxy        : Invoking LogoutFilter (5/10)
2026-08-27T02:57:40.967+03:00 TRACE 4512 --- [security-service] [    Test worker] o.s.s.w.a.logout.LogoutFilter            : Did not match request to Or [PathPattern [GET /logout], PathPattern [POST /logout], PathPattern [PUT /logout], PathPattern [DELETE /logout]]
2026-08-27T02:57:40.967+03:00 TRACE 4512 --- [security-service] [    Test worker] o.s.security.web.FilterChainProxy        : Invoking RequestCacheAwareFilter (6/10)
2026-08-27T02:57:40.967+03:00 TRACE 4512 --- [security-service] [    Test worker] o.s.s.w.s.HttpSessionRequestCache        : matchingRequestParameterName is required for getMatchingRequest to lookup a value, but not provided
2026-08-27T02:57:40.967+03:00 TRACE 4512 --- [security-service] [    Test worker] o.s.security.web.FilterChainProxy        : Invoking SecurityContextHolderAwareRequestFilter (7/10)
2026-08-27T02:57:40.967+03:00 TRACE 4512 --- [security-service] [    Test worker] o.s.security.web.FilterChainProxy        : Invoking AnonymousAuthenticationFilter (8/10)
2026-08-27T02:57:40.967+03:00 TRACE 4512 --- [security-service] [    Test worker] o.s.security.web.FilterChainProxy        : Invoking ExceptionTranslationFilter (9/10)
2026-08-27T02:57:40.967+03:00 TRACE 4512 --- [security-service] [    Test worker] o.s.security.web.FilterChainProxy        : Invoking AuthorizationFilter (10/10)
2026-08-27T02:57:40.967+03:00 TRACE 4512 --- [security-service] [    Test worker] estMatcherDelegatingAuthorizationManager : Authorizing GET /users/check-me
2026-08-27T02:57:40.967+03:00 TRACE 4512 --- [security-service] [    Test worker] estMatcherDelegatingAuthorizationManager : Checking authorization on GET /users/check-me using org.springframework.security.authorization.SingleResultAuthorizationManager@29ff6e15
2026-08-27T02:57:40.967+03:00 DEBUG 4512 --- [security-service] [    Test worker] o.s.security.web.FilterChainProxy        : Secured GET /users/check-me
2026-08-27T02:57:40.967+03:00 DEBUG 4512 --- [security-service] [    Test worker] s.w.s.m.m.a.RequestMappingHandlerMapping : Mapped to com.n4d3sh1k4.security_service.controller.UserController#checkMe(Authentication)
2026-08-27T02:57:40.968+03:00 TRACE 4512 --- [security-service] [    Test worker] w.c.HttpSessionSecurityContextRepository : Retrieved SecurityContextImpl [Authentication=UsernamePasswordAuthenticationToken [Principal=org.springframework.security.core.userdetails.User [Username=550e8400-e29b-41d4-a716-446655440000, Password=[PROTECTED], Enabled=true, AccountNonExpired=true, CredentialsNonExpired=true, AccountNonLocked=true, Granted Authorities=[ROLE_USER]], Credentials=[PROTECTED], Authenticated=true, Details=null, Granted Authorities=[ROLE_USER]]] from SPRING_SECURITY_CONTEXT
2026-08-27T02:57:40.969+03:00 TRACE 4512 --- [security-service] [    Test worker] o.s.s.w.a.AnonymousAuthenticationFilter  : Did not set SecurityContextHolder since already authenticated UsernamePasswordAuthenticationToken [Principal=org.springframework.security.core.userdetails.User [Username=550e8400-e29b-41d4-a716-446655440000, Password=[PROTECTED], Enabled=true, AccountNonExpired=true, CredentialsNonExpired=true, AccountNonLocked=true, Granted Authorities=[ROLE_USER]], Credentials=[PROTECTED], Authenticated=true, Details=null, Granted Authorities=[ROLE_USER]]
2026-08-27T02:57:40.970+03:00 DEBUG 4512 --- [security-service] [    Test worker] m.m.a.RequestResponseBodyMethodProcessor : Using 'text/plain', given [*/*] and supported [text/plain, */*, application/json, application/*+json, application/yaml]
2026-08-27T02:57:40.970+03:00 DEBUG 4512 --- [security-service] [    Test worker] m.m.a.RequestResponseBodyMethodProcessor : Writing ["Your authorities: [ROLE_USER]"]
2026-08-27T02:57:40.970+03:00 TRACE 4512 --- [security-service] [    Test worker] o.s.s.w.header.writers.HstsHeaderWriter  : Not injecting HSTS header since it did not match request to [Is Secure]
2026-08-27T02:57:40.978+03:00 TRACE 4512 --- [security-service] [    Test worker] w.c.HttpSessionSecurityContextRepository : No HttpSession currently exists
2026-08-27T02:57:40.978+03:00 TRACE 4512 --- [security-service] [    Test worker] w.c.HttpSessionSecurityContextRepository : Created SecurityContextImpl [Null authentication]
2026-08-27T02:57:40.978+03:00 TRACE 4512 --- [security-service] [    Test worker] .s.s.w.c.SupplierDeferredSecurityContext : Created SecurityContextImpl [Null authentication]
2026-08-27T02:57:40.978+03:00 DEBUG 4512 --- [security-service] [    Test worker] w.c.HttpSessionSecurityContextRepository : Created HttpSession as SecurityContext is non-default
2026-08-27T02:57:40.978+03:00 DEBUG 4512 --- [security-service] [    Test worker] w.c.HttpSessionSecurityContextRepository : Stored SecurityContextImpl [Authentication=UsernamePasswordAuthenticationToken [Principal=org.springframework.security.core.userdetails.User [Username=550e8400-e29b-41d4-a716-446655440000, Password=[PROTECTED], Enabled=true, AccountNonExpired=true, CredentialsNonExpired=true, AccountNonLocked=true, Granted Authorities=[ROLE_ADMIN]], Credentials=[PROTECTED], Authenticated=true, Details=null, Granted Authorities=[ROLE_ADMIN]]] to HttpSession [org.springframework.mock.web.MockHttpSession@38807c9d]
2026-08-27T02:57:40.978+03:00 TRACE 4512 --- [security-service] [    Test worker] o.s.security.web.FilterChainProxy        : Trying to match request against DefaultSecurityFilterChain defined as 'testSecurityFilterChain' in [com.n4d3sh1k4.security_service.controller.WebMvcTestConfiguration] matching [any request] and having filters [DisableEncodeUrl, WebAsyncManagerIntegration, SecurityContextHolder, HeaderWriter, Logout, RequestCacheAware, SecurityContextHolderAwareRequest, AnonymousAuthentication, ExceptionTranslation, Authorization] (1/1)
2026-08-27T02:57:40.978+03:00 DEBUG 4512 --- [security-service] [    Test worker] o.s.security.web.FilterChainProxy        : Securing GET /users/check-me
2026-08-27T02:57:40.978+03:00 TRACE 4512 --- [security-service] [    Test worker] o.s.security.web.FilterChainProxy        : Invoking DisableEncodeUrlFilter (1/10)
2026-08-27T02:57:40.978+03:00 TRACE 4512 --- [security-service] [    Test worker] o.s.security.web.FilterChainProxy        : Invoking WebAsyncManagerIntegrationFilter (2/10)
2026-08-27T02:57:40.978+03:00 TRACE 4512 --- [security-service] [    Test worker] o.s.security.web.FilterChainProxy        : Invoking SecurityContextHolderFilter (3/10)
2026-08-27T02:57:40.978+03:00 TRACE 4512 --- [security-service] [    Test worker] o.s.security.web.FilterChainProxy        : Invoking HeaderWriterFilter (4/10)
2026-08-27T02:57:40.978+03:00 TRACE 4512 --- [security-service] [    Test worker] o.s.security.web.FilterChainProxy        : Invoking LogoutFilter (5/10)
2026-08-27T02:57:40.978+03:00 TRACE 4512 --- [security-service] [    Test worker] o.s.s.w.a.logout.LogoutFilter            : Did not match request to Or [PathPattern [GET /logout], PathPattern [POST /logout], PathPattern [PUT /logout], PathPattern [DELETE /logout]]
2026-08-27T02:57:40.978+03:00 TRACE 4512 --- [security-service] [    Test worker] o.s.security.web.FilterChainProxy        : Invoking RequestCacheAwareFilter (6/10)
2026-08-27T02:57:40.978+03:00 TRACE 4512 --- [security-service] [    Test worker] o.s.s.w.s.HttpSessionRequestCache        : matchingRequestParameterName is required for getMatchingRequest to lookup a value, but not provided
2026-08-27T02:57:40.978+03:00 TRACE 4512 --- [security-service] [    Test worker] o.s.security.web.FilterChainProxy        : Invoking SecurityContextHolderAwareRequestFilter (7/10)
2026-08-27T02:57:40.978+03:00 TRACE 4512 --- [security-service] [    Test worker] o.s.security.web.FilterChainProxy        : Invoking AnonymousAuthenticationFilter (8/10)
2026-08-27T02:57:40.978+03:00 TRACE 4512 --- [security-service] [    Test worker] o.s.security.web.FilterChainProxy        : Invoking ExceptionTranslationFilter (9/10)
2026-08-27T02:57:40.978+03:00 TRACE 4512 --- [security-service] [    Test worker] o.s.security.web.FilterChainProxy        : Invoking AuthorizationFilter (10/10)
2026-08-27T02:57:40.978+03:00 TRACE 4512 --- [security-service] [    Test worker] estMatcherDelegatingAuthorizationManager : Authorizing GET /users/check-me
2026-08-27T02:57:40.980+03:00 TRACE 4512 --- [security-service] [    Test worker] estMatcherDelegatingAuthorizationManager : Checking authorization on GET /users/check-me using org.springframework.security.authorization.SingleResultAuthorizationManager@29ff6e15
2026-08-27T02:57:40.980+03:00 DEBUG 4512 --- [security-service] [    Test worker] o.s.security.web.FilterChainProxy        : Secured GET /users/check-me
2026-08-27T02:57:40.980+03:00 DEBUG 4512 --- [security-service] [    Test worker] s.w.s.m.m.a.RequestMappingHandlerMapping : Mapped to com.n4d3sh1k4.security_service.controller.UserController#checkMe(Authentication)
2026-08-27T02:57:40.981+03:00 TRACE 4512 --- [security-service] [    Test worker] w.c.HttpSessionSecurityContextRepository : Retrieved SecurityContextImpl [Authentication=UsernamePasswordAuthenticationToken [Principal=org.springframework.security.core.userdetails.User [Username=550e8400-e29b-41d4-a716-446655440000, Password=[PROTECTED], Enabled=true, AccountNonExpired=true, CredentialsNonExpired=true, AccountNonLocked=true, Granted Authorities=[ROLE_ADMIN]], Credentials=[PROTECTED], Authenticated=true, Details=null, Granted Authorities=[ROLE_ADMIN]]] from SPRING_SECURITY_CONTEXT
2026-08-27T02:57:40.981+03:00 TRACE 4512 --- [security-service] [    Test worker] o.s.s.w.a.AnonymousAuthenticationFilter  : Did not set SecurityContextHolder since already authenticated UsernamePasswordAuthenticationToken [Principal=org.springframework.security.core.userdetails.User [Username=550e8400-e29b-41d4-a716-446655440000, Password=[PROTECTED], Enabled=true, AccountNonExpired=true, CredentialsNonExpired=true, AccountNonLocked=true, Granted Authorities=[ROLE_ADMIN]], Credentials=[PROTECTED], Authenticated=true, Details=null, Granted Authorities=[ROLE_ADMIN]]
2026-08-27T02:57:40.981+03:00 DEBUG 4512 --- [security-service] [    Test worker] m.m.a.RequestResponseBodyMethodProcessor : Using 'text/plain', given [*/*] and supported [text/plain, */*, application/json, application/*+json, application/yaml]
2026-08-27T02:57:40.981+03:00 DEBUG 4512 --- [security-service] [    Test worker] m.m.a.RequestResponseBodyMethodProcessor : Writing ["Your authorities: [ROLE_ADMIN]"]
2026-08-27T02:57:40.982+03:00 TRACE 4512 --- [security-service] [    Test worker] o.s.s.w.header.writers.HstsHeaderWriter  : Not injecting HSTS header since it did not match request to [Is Secure]
]]></system-out>
  <system-err><![CDATA[]]></system-err>
</testsuite>
