<?xml version="1.0" encoding="UTF-8"?>
<testsuite name="com.n4d3sh1k4.user_service.service.MinioServiceTest" tests="6" skipped="0" failures="0" errors="0" timestamp="2026-08-26T22:13:27.321Z" hostname="THUNDEROBOT911" time="0.385">
  <properties/>
  <testcase name="uploadFile_whenMinioThrows_throwsRuntimeException()" classname="com.n4d3sh1k4.user_service.service.MinioServiceTest" time="0.25"/>
  <testcase name="downloadFile_success_returnsStream()" classname="com.n4d3sh1k4.user_service.service.MinioServiceTest" time="0.113"/>
  <testcase name="deleteFile_success_callsRemoveObject()" classname="com.n4d3sh1k4.user_service.service.MinioServiceTest" time="0.004"/>
  <testcase name="deleteFile_whenMinioThrows_throwsRuntimeException()" classname="com.n4d3sh1k4.user_service.service.MinioServiceTest" time="0.006"/>
  <testcase name="downloadFile_whenMinioThrows_throwsRuntimeException()" classname="com.n4d3sh1k4.user_service.service.MinioServiceTest" time="0.005"/>
  <testcase name="uploadFile_success_returnsPath()" classname="com.n4d3sh1k4.user_service.service.MinioServiceTest" time="0.003"/>
  <system-out><![CDATA[]]></system-out>
  <system-err><![CDATA[]]></system-err>
</testsuite>
