<?xml version="1.0" encoding="UTF-8"?>
<testsuite name="com.n4d3sh1k4.user_service.controller.ProfileControllerTest" tests="8" skipped="0" failures="0" errors="0" timestamp="2026-08-26T22:13:26.402Z" hostname="THUNDEROBOT911" time="0.902">
  <properties/>
  <testcase name="getMyProfile_returnsCurrentUserProfile()" classname="com.n4d3sh1k4.user_service.controller.ProfileControllerTest" time="0.428"/>
  <testcase name="uploadAvatar_uploadsAndReturnsUrl()" classname="com.n4d3sh1k4.user_service.controller.ProfileControllerTest" time="0.044"/>
  <testcase name="uploadAvatar_whenFileTooLarge_returns413()" classname="com.n4d3sh1k4.user_service.controller.ProfileControllerTest" time="0.041"/>
  <testcase name="updateProfile_whenValidationFails_returns400()" classname="com.n4d3sh1k4.user_service.controller.ProfileControllerTest" time="0.174"/>
  <testcase name="uploadAvatar_whenFileParamMissing_returns400()" classname="com.n4d3sh1k4.user_service.controller.ProfileControllerTest" time="0.02"/>
  <testcase name="getMyProfile_whenUserNotFound_returns404()" classname="com.n4d3sh1k4.user_service.controller.ProfileControllerTest" time="0.019"/>
  <testcase name="uploadAvatar_whenInvalidFileType_returns415()" classname="com.n4d3sh1k4.user_service.controller.ProfileControllerTest" time="0.016"/>
  <testcase name="updateProfile_updatesAndReturnsProfile()" classname="com.n4d3sh1k4.user_service.controller.ProfileControllerTest" time="0.116"/>
  <system-out><![CDATA[2026-08-27T01:13:24.934+03:00  INFO 33944 --- [user-service] [    Test worker] t.c.s.AnnotationConfigContextLoaderUtils : Could not detect default configuration classes for test class [com.n4d3sh1k4.user_service.controller.ProfileControllerTest]: ProfileControllerTest does not declare any static, non-private, non-final, nested classes annotated with @Configuration.
2026-08-27T01:13:24.976+03:00  INFO 33944 --- [user-service] [    Test worker] .b.t.c.SpringBootTestContextBootstrapper : Found @SpringBootConfiguration com.n4d3sh1k4.user_service.controller.WebMvcTestConfiguration for test class com.n4d3sh1k4.user_service.controller.ProfileControllerTest
2026-08-27T01:13:24.979+03:00  INFO 33944 --- [user-service] [    Test worker] t.c.s.AnnotationConfigContextLoaderUtils : Could not detect default configuration classes for test class [com.n4d3sh1k4.user_service.controller.ProfileControllerTest]: ProfileControllerTest does not declare any static, non-private, non-final, nested classes annotated with @Configuration.
2026-08-27T01:13:24.993+03:00  INFO 33944 --- [user-service] [    Test worker] .b.t.c.SpringBootTestContextBootstrapper : Found @SpringBootConfiguration com.n4d3sh1k4.user_service.controller.WebMvcTestConfiguration for test class com.n4d3sh1k4.user_service.controller.ProfileControllerTest

  .   ____          _            __ _ _
 /\\ / ___'_ __ _ _(_)_ __  __ _ \ \ \ \
( ( )\___ | '_ | '_| | '_ \/ _` | \ \ \ \
 \\/  ___)| |_)| | | | | || (_| |  ) ) ) )
  '  |____| .__|_| |_|_| |_\__, | / / / /
 =========|_|==============|___/=/_/_/_/

 :: Spring Boot ::                (v4.0.4)

2026-08-27T01:13:25.044+03:00  INFO 33944 --- [user-service] [    Test worker] c.n.u.controller.ProfileControllerTest   : Starting ProfileControllerTest using Java 25.0.1 with PID 33944 (started by Vusez in D:\Projects\IdeaProjects\N4d3sh1k4-UCust_Dev\user-service)
2026-08-27T01:13:25.044+03:00  INFO 33944 --- [user-service] [    Test worker] c.n.u.controller.ProfileControllerTest   : No active profile set, falling back to 1 default profile: "default"
2026-08-27T01:13:25.909+03:00  WARN 33944 --- [user-service] [    Test worker] .s.a.UserDetailsServiceAutoConfiguration : 

Using generated security password: 89c12096-e43a-46ee-80f1-47e61f98d579

This generated password is for development use only. Your security configuration must be updated before running your application in production.

2026-08-27T01:13:25.911+03:00  INFO 33944 --- [user-service] [    Test worker] r$InitializeUserDetailsManagerConfigurer : Global AuthenticationManager configured with UserDetailsService bean with name inMemoryUserDetailsManager
2026-08-27T01:13:26.340+03:00  INFO 33944 --- [user-service] [    Test worker] o.s.b.t.m.w.SpringBootMockServletContext : Initializing Spring TestDispatcherServlet ''
2026-08-27T01:13:26.340+03:00  INFO 33944 --- [user-service] [    Test worker] o.s.t.web.servlet.TestDispatcherServlet  : Initializing Servlet ''
2026-08-27T01:13:26.344+03:00  INFO 33944 --- [user-service] [    Test worker] o.s.t.web.servlet.TestDispatcherServlet  : Completed initialization in 4 ms
2026-08-27T01:13:26.381+03:00  INFO 33944 --- [user-service] [    Test worker] c.n.u.controller.ProfileControllerTest   : Started ProfileControllerTest in 1.38 seconds (process running for 10.431)
]]></system-out>
  <system-err><![CDATA[Mockito is currently self-attaching to enable the inline-mock-maker. This will no longer work in future releases of the JDK. Please add Mockito as an agent to your build as described in Mockito's documentation: https://javadoc.io/doc/org.mockito/mockito-core/latest/org.mockito/org/mockito/Mockito.html#0.3
WARNING: A Java agent has been loaded dynamically (C:\Users\Vusez\.gradle\caches\modules-2\files-2.1\net.bytebuddy\byte-buddy-agent\1.17.8\f09415827a71be7ed621c7bd02550678f28bc81c\byte-buddy-agent-1.17.8.jar)
WARNING: If a serviceability tool is in use, please run with -XX:+EnableDynamicAgentLoading to hide this warning
WARNING: If a serviceability tool is not in use, please run with -Djdk.instrument.traceUsage for more information
WARNING: Dynamic loading of agents will be disallowed by default in a future release
]]></system-err>
</testsuite>
