<?xml version="1.0" encoding="UTF-8"?>
<testsuite name="com.n4d3sh1k4.generative_orchestration_service.controller.GenerationControllerTest" tests="7" skipped="0" failures="0" errors="0" timestamp="2026-08-26T20:59:21.068Z" hostname="THUNDEROBOT911" time="0.154">
  <properties/>
  <testcase name="publish_post_whenNotFound_returns404()" classname="com.n4d3sh1k4.generative_orchestration_service.controller.GenerationControllerTest" time="0.025"/>
  <testcase name="getPost_whenNotFound_returns404()" classname="com.n4d3sh1k4.generative_orchestration_service.controller.GenerationControllerTest" time="0.011"/>
  <testcase name="publish_post_returns200()" classname="com.n4d3sh1k4.generative_orchestration_service.controller.GenerationControllerTest" time="0.023"/>
  <testcase name="confirm_post_returns200()" classname="com.n4d3sh1k4.generative_orchestration_service.controller.GenerationControllerTest" time="0.013"/>
  <testcase name="getPosts_byProject_returns200List()" classname="com.n4d3sh1k4.generative_orchestration_service.controller.GenerationControllerTest" time="0.037"/>
  <testcase name="confirm_post_whenNotFound_returns404()" classname="com.n4d3sh1k4.generative_orchestration_service.controller.GenerationControllerTest" time="0.015"/>
  <testcase name="getPost_byId_returns200()" classname="com.n4d3sh1k4.generative_orchestration_service.controller.GenerationControllerTest" time="0.01"/>
  <system-out><![CDATA[2026-08-26T23:59:20.715+03:00  INFO 132 --- [generative-orchestration-service] [    Test worker] t.c.s.AnnotationConfigContextLoaderUtils : Could not detect default configuration classes for test class [com.n4d3sh1k4.generative_orchestration_service.controller.GenerationControllerTest]: GenerationControllerTest does not declare any static, non-private, non-final, nested classes annotated with @Configuration.
2026-08-26T23:59:20.727+03:00  INFO 132 --- [generative-orchestration-service] [    Test worker] .b.t.c.SpringBootTestContextBootstrapper : Found @SpringBootConfiguration com.n4d3sh1k4.generative_orchestration_service.controller.WebMvcTestConfiguration for test class com.n4d3sh1k4.generative_orchestration_service.controller.GenerationControllerTest
2026-08-26T23:59:20.728+03:00  INFO 132 --- [generative-orchestration-service] [    Test worker] t.c.s.AnnotationConfigContextLoaderUtils : Could not detect default configuration classes for test class [com.n4d3sh1k4.generative_orchestration_service.controller.GenerationControllerTest]: GenerationControllerTest does not declare any static, non-private, non-final, nested classes annotated with @Configuration.
2026-08-26T23:59:20.737+03:00  INFO 132 --- [generative-orchestration-service] [    Test worker] .b.t.c.SpringBootTestContextBootstrapper : Found @SpringBootConfiguration com.n4d3sh1k4.generative_orchestration_service.controller.WebMvcTestConfiguration for test class com.n4d3sh1k4.generative_orchestration_service.controller.GenerationControllerTest

  .   ____          _            __ _ _
 /\\ / ___'_ __ _ _(_)_ __  __ _ \ \ \ \
( ( )\___ | '_ | '_| | '_ \/ _` | \ \ \ \
 \\/  ___)| |_)| | | | | || (_| |  ) ) ) )
  '  |____| .__|_| |_|_| |_\__, | / / / /
 =========|_|==============|___/=/_/_/_/

 :: Spring Boot ::                (v4.1.0)

2026-08-26T23:59:20.774+03:00  INFO 132 --- [generative-orchestration-service] [    Test worker] c.n.g.c.GenerationControllerTest         : Starting GenerationControllerTest using Java 25.0.1 with PID 132 (started by Vusez in D:\Projects\IdeaProjects\N4d3sh1k4-UCust_Dev\generative-orchestration-service)
2026-08-26T23:59:20.774+03:00  INFO 132 --- [generative-orchestration-service] [    Test worker] c.n.g.c.GenerationControllerTest         : No active profile set, falling back to 1 default profile: "default"
2026-08-26T23:59:21.005+03:00  WARN 132 --- [generative-orchestration-service] [    Test worker] .s.a.UserDetailsServiceAutoConfiguration : 

Using generated security password: c21488b4-a9b4-447b-985b-f61dbf81519e

This generated password is for development use only. Your security configuration must be updated before running your application in production.

2026-08-26T23:59:21.006+03:00  INFO 132 --- [generative-orchestration-service] [    Test worker] r$InitializeUserDetailsManagerConfigurer : Global AuthenticationManager configured with UserDetailsService bean with name inMemoryUserDetailsManager
2026-08-26T23:59:21.058+03:00  INFO 132 --- [generative-orchestration-service] [    Test worker] o.s.b.t.m.w.SpringBootMockServletContext : Initializing Spring TestDispatcherServlet ''
2026-08-26T23:59:21.058+03:00  INFO 132 --- [generative-orchestration-service] [    Test worker] o.s.t.web.servlet.TestDispatcherServlet  : Initializing Servlet ''
2026-08-26T23:59:21.058+03:00  INFO 132 --- [generative-orchestration-service] [    Test worker] o.s.t.web.servlet.TestDispatcherServlet  : Completed initialization in 0 ms
2026-08-26T23:59:21.064+03:00  INFO 132 --- [generative-orchestration-service] [    Test worker] c.n.g.c.GenerationControllerTest         : Started GenerationControllerTest in 0.321 seconds (process running for 11.607)
]]></system-out>
  <system-err><![CDATA[]]></system-err>
</testsuite>
